#
# A fatal error has been detected by the Java Runtime Environment:
#
#  SIGSEGV (0xb) at pc=0x00007d552dfede80, pid=3891, tid=3895
#
# JRE version: OpenJDK Runtime Environment Corretto-18.0.2.9.1 (18.0.2+9) (build 18.0.2+9-FR)
# Java VM: OpenJDK 64-Bit Server VM Corretto-18.0.2.9.1 (18.0.2+9-FR, mixed mode, sharing, tiered, compressed oops, compressed class ptrs, g1 gc, linux-amd64)
# Problematic frame:
# C  [libLLVM-13.so+0xbede80]  llvm::BasicBlock::getModule() const+0x0
#
# Core dump will be written. Default location: Core dumps may be processed with "/usr/share/apport/apport -p%p -s%s -c%c -d%d -P%P -u%u -g%g -- %E" (or dumping to /home/winds/Documents/Compiler/Lab/core.3891)
#
# If you would like to submit a bug report, please visit:
#   https://github.com/corretto/corretto-18/issues/
# The crash happened outside the Java Virtual Machine in native code.
# See problematic frame for where to report the bug.
#

---------------  S U M M A R Y ------------

Command Line: -javaagent:/usr/local/bin/idea-IU-233.13135.103/lib/idea_rt.jar=40775:/usr/local/bin/idea-IU-233.13135.103/bin -Dfile.encoding=UTF-8 -Dsun.stdout.encoding=UTF-8 -Dsun.stderr.encoding=UTF-8 Main tests/LLVMtest/globalTest.txt tests/tmp

Host: AMD Ryzen 7 7840H with Radeon 780M Graphics, 4 cores, 7G, Kylin V10 SP1
Time: Wed May 15 10:20:29 2024 +08 elapsed time: 0.538182 seconds (0d 0h 0m 0s)

---------------  T H R E A D  ---------------

Current thread (0x00007d55a8027120):  JavaThread "main" [_thread_in_native, id=3895, stack(0x00007d55b0f00000,0x00007d55b1000000)]

Stack: [0x00007d55b0f00000,0x00007d55b1000000],  sp=0x00007d55b0ffdad8,  free space=1014k
Native frames: (J=compiled Java code, j=interpreted, Vv=VM code, C=native code)
C  [libLLVM-13.so+0xbede80]  llvm::BasicBlock::getModule() const+0x0

Java frames: (J=compiled Java code, j=interpreted, Vv=VM code)
j  org.bytedeco.llvm.global.LLVM.LLVMBuildLoad(Lorg/bytedeco/llvm/LLVM/LLVMBuilderRef;Lorg/bytedeco/llvm/LLVM/LLVMValueRef;Ljava/lang/String;)Lorg/bytedeco/llvm/LLVM/LLVMValueRef;+0
j  LLVMVistor.visitExp(LSysYParser$ExpContext;)Lorg/bytedeco/llvm/LLVM/LLVMValueRef;+686
j  LLVMVistor.visitExp(LSysYParser$ExpContext;)Ljava/lang/Object;+2
j  SysYParser$ExpContext.accept(Lorg/antlr/v4/runtime/tree/ParseTreeVisitor;)Ljava/lang/Object;+12
j  org.antlr.v4.runtime.tree.AbstractParseTreeVisitor.visit(Lorg/antlr/v4/runtime/tree/ParseTree;)Ljava/lang/Object;+2
j  LLVMVistor.visitExp(LSysYParser$ExpContext;)Lorg/bytedeco/llvm/LLVM/LLVMValueRef;+339
j  LLVMVistor.visitExp(LSysYParser$ExpContext;)Ljava/lang/Object;+2
j  SysYParser$ExpContext.accept(Lorg/antlr/v4/runtime/tree/ParseTreeVisitor;)Ljava/lang/Object;+12
j  org.antlr.v4.runtime.tree.AbstractParseTreeVisitor.visit(Lorg/antlr/v4/runtime/tree/ParseTree;)Ljava/lang/Object;+2
j  LLVMVistor.visitInitVal(LSysYParser$InitValContext;)Lorg/bytedeco/llvm/LLVM/LLVMValueRef;+5
j  LLVMVistor.visitInitVal(LSysYParser$InitValContext;)Ljava/lang/Object;+2
j  SysYParser$InitValContext.accept(Lorg/antlr/v4/runtime/tree/ParseTreeVisitor;)Ljava/lang/Object;+12
j  org.antlr.v4.runtime.tree.AbstractParseTreeVisitor.visit(Lorg/antlr/v4/runtime/tree/ParseTree;)Ljava/lang/Object;+2
j  LLVMVistor.visitVarDef(LSysYParser$VarDefContext;)Lorg/bytedeco/llvm/LLVM/LLVMValueRef;+18
j  LLVMVistor.visitVarDef(LSysYParser$VarDefContext;)Ljava/lang/Object;+2
j  SysYParser$VarDefContext.accept(Lorg/antlr/v4/runtime/tree/ParseTreeVisitor;)Ljava/lang/Object;+12
j  org.antlr.v4.runtime.tree.AbstractParseTreeVisitor.visit(Lorg/antlr/v4/runtime/tree/ParseTree;)Ljava/lang/Object;+2
j  LLVMVistor.visitVarDecl(LSysYParser$VarDeclContext;)Lorg/bytedeco/llvm/LLVM/LLVMValueRef;+160
j  LLVMVistor.visitVarDecl(LSysYParser$VarDeclContext;)Ljava/lang/Object;+2
j  SysYParser$VarDeclContext.accept(Lorg/antlr/v4/runtime/tree/ParseTreeVisitor;)Ljava/lang/Object;+12
j  org.antlr.v4.runtime.tree.AbstractParseTreeVisitor.visitChildren(Lorg/antlr/v4/runtime/tree/RuleNode;)Ljava/lang/Object;+46
j  SysYParserBaseVisitor.visitDecl(LSysYParser$DeclContext;)Ljava/lang/Object;+2
j  SysYParser$DeclContext.accept(Lorg/antlr/v4/runtime/tree/ParseTreeVisitor;)Ljava/lang/Object;+12
j  org.antlr.v4.runtime.tree.AbstractParseTreeVisitor.visitChildren(Lorg/antlr/v4/runtime/tree/RuleNode;)Ljava/lang/Object;+46
j  SysYParserBaseVisitor.visitCompUnit(LSysYParser$CompUnitContext;)Ljava/lang/Object;+2
j  SysYParser$CompUnitContext.accept(Lorg/antlr/v4/runtime/tree/ParseTreeVisitor;)Ljava/lang/Object;+12
j  org.antlr.v4.runtime.tree.AbstractParseTreeVisitor.visitChildren(Lorg/antlr/v4/runtime/tree/RuleNode;)Ljava/lang/Object;+46
j  SysYParserBaseVisitor.visitProgram(LSysYParser$ProgramContext;)Ljava/lang/Object;+2
j  SysYParser$ProgramContext.accept(Lorg/antlr/v4/runtime/tree/ParseTreeVisitor;)Ljava/lang/Object;+12
j  org.antlr.v4.runtime.tree.AbstractParseTreeVisitor.visit(Lorg/antlr/v4/runtime/tree/ParseTree;)Ljava/lang/Object;+2
j  Main.main([Ljava/lang/String;)V+123
v  ~StubRoutines::call_stub

siginfo: si_signo: 11 (SIGSEGV), si_code: 1 (SEGV_MAPERR), si_addr: 0x0000000000000038

Register to memory mapping:

RAX=0x00007d55a83eb100 points into unknown readable memory: 0x00007d55a83e5c60 | 60 5c 3e a8 55 7d 00 00
RBX=0x00007d55a829e3f0 points into unknown readable memory: 0x00007d55a83eb100 | 00 b1 3e a8 55 7d 00 00
RCX=0x00007d55a8027161 points into unknown readable memory: 05 00 00 00 00 00 00
RDX=0x00007d55a83310c0 points into unknown readable memory: 0x00000007d55a0061 | 61 00 5a d5 07 00 00 00
RSP=0x00007d55b0ffdad8 is pointing into the stack for thread: 0x00007d55a8027120
RBP=0x00007d55a83205f0 points into unknown readable memory: 0x00007d55a8320600 | 00 06 32 a8 55 7d 00 00
RSI=0x0000000000000101 is an unknown value
RDI=0x0 is NULL
R8 =0x00007d55a83310c0 points into unknown readable memory: 0x00000007d55a0061 | 61 00 5a d5 07 00 00 00
R9 =0x0000000000000002 is an unknown value
R10=0x00007d552d451700: <offset 0x0000000000051700> in /home/winds/.javacpp/cache/llvm-13.0.1-1.5.7-linux-x86_64.jar/org/bytedeco/llvm/linux-x86_64/libLLVM-13.so at 0x00007d552d400000
R11=0x00007d552e02c870: LLVMBuildLoad+0x0000000000000000 in /home/winds/.javacpp/cache/llvm-13.0.1-1.5.7-linux-x86_64.jar/org/bytedeco/llvm/linux-x86_64/libLLVM-13.so at 0x00007d552d400000
R12=0x00007d55b0ffdc28 is pointing into the stack for thread: 0x00007d55a8027120
R13=0x00007d55a829e3f0 points into unknown readable memory: 0x00007d55a83eb100 | 00 b1 3e a8 55 7d 00 00
R14=0x00007d55a83e63e8 points into unknown readable memory: 0x00007d55a83e5c60 | 60 5c 3e a8 55 7d 00 00
R15=0x00007d55a8027120 is a thread


Registers:
RAX=0x00007d55a83eb100, RBX=0x00007d55a829e3f0, RCX=0x00007d55a8027161, RDX=0x00007d55a83310c0
RSP=0x00007d55b0ffdad8, RBP=0x00007d55a83205f0, RSI=0x0000000000000101, RDI=0x0000000000000000
R8 =0x00007d55a83310c0, R9 =0x0000000000000002, R10=0x00007d552d451700, R11=0x00007d552e02c870
R12=0x00007d55b0ffdc28, R13=0x00007d55a829e3f0, R14=0x00007d55a83e63e8, R15=0x00007d55a8027120
RIP=0x00007d552dfede80, EFLAGS=0x0000000000010202, CSGSFS=0x002b000000000033, ERR=0x0000000000000004
  TRAPNO=0x000000000000000e

Top of Stack: (sp=0x00007d55b0ffdad8)
0x00007d55b0ffdad8:   00007d552e02c8aa 00007d55a83310c0
0x00007d55b0ffdae8:   0000000000000000 0000000000000000
0x00007d55b0ffdaf8:   0000000000000000 cafebabecafe0103
0x00007d55b0ffdb08:   0000000000000000 0000000000000000 

Instructions: (pc=0x00007d552dfede80)
0x00007d552dfedd80:   ff 66 0f ef c0 48 89 02 48 89 50 08 41 0f 11 45
0x00007d552dfedd90:   00 e8 5a 4b 17 00 4c 39 f3 75 c5 4d 8b 6c 24 30
0x00007d552dfedda0:   4c 39 ed 74 3b 0f 1f 00 4c 89 eb 48 89 ef 4d 8b
0x00007d552dfeddb0:   6d 08 4c 8d 73 e8 4c 89 f6 e8 42 fd ff ff 48 8b
0x00007d552dfeddc0:   03 48 8b 53 08 66 0f ef c9 4c 89 f7 48 89 02 48
0x00007d552dfeddd0:   89 50 08 0f 11 0b e8 15 4b 17 00 4c 39 ed 75 c8
0x00007d552dfedde0:   48 83 c4 08 4c 89 e7 5b 5d 41 5c 41 5d 41 5e 41
0x00007d552dfeddf0:   5f e9 fa 48 17 00 66 2e 0f 1f 84 00 00 00 00 00
0x00007d552dfede00:   48 8d 4b e8 48 89 c8 48 29 d0 e9 11 ff ff ff 90
0x00007d552dfede10:   48 8b 07 48 8b 38 e8 45 13 16 00 31 d2 be 01 00
0x00007d552dfede20:   00 00 48 89 c7 e8 b6 2a 02 00 48 89 c3 49 8b 44
0x00007d552dfede30:   24 08 48 85 c0 0f 84 a2 fe ff ff 0f 1f 44 00 00
0x00007d552dfede40:   48 8b 68 18 31 d2 48 89 df 48 8b 75 00 e8 ae bc
0x00007d552dfede50:   02 00 48 89 ef 48 89 c6 e8 63 65 17 00 48 89 ef
0x00007d552dfede60:   e8 4b 81 02 00 49 8b 44 24 08 48 85 c0 75 d1 e9
0x00007d552dfede70:   69 fe ff ff 66 2e 0f 1f 84 00 00 00 00 00 66 90
0x00007d552dfede80:   48 8b 47 38 48 8b 40 28 c3 0f 1f 80 00 00 00 00
0x00007d552dfede90:   48 8b 47 28 48 83 c7 28 48 39 f8 74 2b 48 85 c0
0x00007d552dfedea0:   0f 84 9e 9d d3 ff 4c 8d 40 e8 0f b6 40 f8 83 e8
0x00007d552dfedeb0:   1b 83 f8 0b b8 00 00 00 00 4c 0f 43 c0 4c 89 c0
0x00007d552dfedec0:   c3 0f 1f 80 00 00 00 00 45 31 c0 eb f0 0f 1f 00
0x00007d552dfeded0:   48 8b 47 28 48 8d 57 28 48 39 d0 0f 84 af 00 00
0x00007d552dfedee0:   00 48 85 c0 0f 84 64 9d d3 ff 45 31 c0 80 78 f8
0x00007d552dfedef0:   1b 75 23 48 8b 57 30 48 8d 48 e8 48 85 d2 74 09
0x00007d552dfedf00:   48 83 ea 18 48 39 d1 74 0d 48 8b 50 10 45 31 c0
0x00007d552dfedf10:   48 39 42 30 75 0a 4c 89 c0 c3 66 0f 1f 44 00 00
0x00007d552dfedf20:   4c 8b 00 4d 85 c0 74 ee 8b 50 fc 49 8d 48 e8 81
0x00007d552dfedf30:   e2 ff ff ff 07 74 3e 89 d2 48 f7 da 48 c1 e2 05
0x00007d552dfedf40:   48 8b 44 10 e8 48 85 c0 74 2b 48 39 c1 75 41 41
0x00007d552dfedf50:   80 78 f8 4b 75 1f 49 8b 40 10 4c 39 40 30 74 30
0x00007d552dfedf60:   49 8b 48 c8 4d 8b 00 4d 85 c0 74 aa 49 83 e8 18
0x00007d552dfedf70:   4c 39 c1 75 1b 45 31 c0 80 79 10 52 75 98 0f b7 


Stack slot to memory mapping:
stack at sp + 0 slots: 0x00007d552e02c8aa: LLVMBuildLoad+0x000000000000003a in /home/winds/.javacpp/cache/llvm-13.0.1-1.5.7-linux-x86_64.jar/org/bytedeco/llvm/linux-x86_64/libLLVM-13.so at 0x00007d552d400000
stack at sp + 1 slots: 0x00007d55a83310c0 points into unknown readable memory: 0x00000007d55a0061 | 61 00 5a d5 07 00 00 00
stack at sp + 2 slots: 0x0 is NULL
stack at sp + 3 slots: 0x0 is NULL
stack at sp + 4 slots: 0x0 is NULL
stack at sp + 5 slots: 0xcafebabecafe0103 is an unknown value
stack at sp + 6 slots: 0x0 is NULL
stack at sp + 7 slots: 0x0 is NULL


---------------  P R O C E S S  ---------------

Threads class SMR info:
_java_thread_list=0x00007d55a82bc1d0, length=13, elements={
0x00007d55a8027120, 0x00007d55a80ffe40, 0x00007d55a81012e0, 0x00007d55a8108110,
0x00007d55a81094b0, 0x00007d55a810a8b0, 0x00007d55a810c250, 0x00007d55a810d770,
0x00007d55a8116bc0, 0x00007d55a812bac0, 0x00007d55a81d3720, 0x00007d55a81d5810,
0x00007d55a82bbb20
}

Java Threads: ( => current thread )
=>0x00007d55a8027120 JavaThread "main" [_thread_in_native, id=3895, stack(0x00007d55b0f00000,0x00007d55b1000000)]
  0x00007d55a80ffe40 JavaThread "Reference Handler" daemon [_thread_blocked, id=3911, stack(0x00007d55acffe000,0x00007d55ad0fe000)]
  0x00007d55a81012e0 JavaThread "Finalizer" daemon [_thread_blocked, id=3912, stack(0x00007d55acefe000,0x00007d55acffe000)]
  0x00007d55a8108110 JavaThread "Signal Dispatcher" daemon [_thread_blocked, id=3913, stack(0x00007d55ac500000,0x00007d55ac600000)]
  0x00007d55a81094b0 JavaThread "Service Thread" daemon [_thread_blocked, id=3914, stack(0x00007d55ac400000,0x00007d55ac500000)]
  0x00007d55a810a8b0 JavaThread "Monitor Deflation Thread" daemon [_thread_blocked, id=3915, stack(0x00007d55ac300000,0x00007d55ac400000)]
  0x00007d55a810c250 JavaThread "C2 CompilerThread0" daemon [_thread_blocked, id=3916, stack(0x00007d55ac200000,0x00007d55ac300000)]
  0x00007d55a810d770 JavaThread "C1 CompilerThread0" daemon [_thread_blocked, id=3917, stack(0x00007d55ac100000,0x00007d55ac200000)]
  0x00007d55a8116bc0 JavaThread "Sweeper thread" daemon [_thread_blocked, id=3918, stack(0x00007d55ac000000,0x00007d55ac100000)]
  0x00007d55a812bac0 JavaThread "Common-Cleaner" daemon [_thread_blocked, id=3920, stack(0x00007d55a7f00000,0x00007d55a8000000)]
  0x00007d55a81d3720 JavaThread "Monitor Ctrl-Break" daemon [_thread_in_native, id=3923, stack(0x00007d558d100000,0x00007d558d200000)]
  0x00007d55a81d5810 JavaThread "Notification Thread" daemon [_thread_blocked, id=3924, stack(0x00007d558cd00000,0x00007d558ce00000)]
  0x00007d55a82bbb20 JavaThread "JavaCPP Deallocator" daemon [_thread_blocked, id=3927, stack(0x00007d558c500000,0x00007d558c600000)]

Other Threads:
  0x00007d55a80fccc0 VMThread "VM Thread" [stack: 0x00007d55ad100000,0x00007d55ad200000] [id=3909]
  0x00007d55a80298f0 WatcherThread "VM Periodic Task Thread" [stack: 0x00007d558c900000,0x00007d558ca00000] [id=3925]
  0x00007d55a8084ff0 WorkerThread "GC Thread#0" [stack: 0x00007d55add6a000,0x00007d55ade6a000] [id=3896]
  0x00007d55a8095ce0 ConcurrentGCThread "G1 Main Marker" [stack: 0x00007d55adc68000,0x00007d55add68000] [id=3897]
  0x00007d55a8096be0 WorkerThread "G1 Conc#0" [stack: 0x00007d55adb66000,0x00007d55adc66000] [id=3899]
  0x00007d55a80d0820 ConcurrentGCThread "G1 Refine#0" [stack: 0x00007d55ad660000,0x00007d55ad760000] [id=3900]
  0x00007d55a80d16f0 ConcurrentGCThread "G1 Service" [stack: 0x00007d55ad55e000,0x00007d55ad65e000] [id=3901]

Threads with active compile tasks:

VM state: not at safepoint (normal execution)

VM Mutex/Monitor currently owned by a thread: None

Heap address: 0x0000000084800000, size: 1976 MB, Compressed Oops mode: 32-bit

CDS archive(s) mapped at: [0x0000000800000000-0x0000000800bb1000-0x0000000800bb1000), size 12259328, SharedBaseAddress: 0x0000000800000000, ArchiveRelocationMode: 0.
Compressed class space mapped at: 0x0000000800c00000-0x0000000840c00000, reserved size: 1073741824
Narrow klass base: 0x0000000800000000, Narrow klass shift: 0, Narrow klass range: 0x100000000

GC Precious Log:
 CardTable entry size: 512
 Card Set container configuration: InlinePtr #cards 5 size 8 Array Of Cards #cards 12 size 40 Howl #buckets 4 coarsen threshold 1843 Howl Bitmap #cards 512 size 80 coarsen threshold 460 Card regions per heap region 1 cards per card region 2048
 CPUs: 4 total, 4 available
 Memory: 7896M
 Large Page Support: Disabled
 NUMA Support: Disabled
 Compressed Oops: Enabled (32-bit)
 Heap Region Size: 1M
 Heap Min Capacity: 8M
 Heap Initial Capacity: 124M
 Heap Max Capacity: 1976M
 Pre-touch: Disabled
 Parallel Workers: 4
 Concurrent Workers: 1
 Concurrent Refinement Workers: 4
 Periodic GC: Disabled

Heap:
 garbage-first heap   total 129024K, used 8108K [0x0000000084800000, 0x0000000100000000)
  region size 1024K, 9 young (9216K), 0 survivors (0K)
 Metaspace       used 3506K, committed 3712K, reserved 1114112K
  class space    used 378K, committed 448K, reserved 1048576K

Heap Regions: E=young(eden), S=young(survivor), O=old, HS=humongous(starts), HC=humongous(continues), CS=collection set, F=free, OA=open archive, CA=closed archive, TAMS=top-at-mark-start (previous, next)
|   0|0x0000000084800000, 0x0000000084800000, 0x0000000084900000|  0%| F|  |TAMS 0x0000000084800000, 0x0000000084800000| Untracked 
|   1|0x0000000084900000, 0x0000000084900000, 0x0000000084a00000|  0%| F|  |TAMS 0x0000000084900000, 0x0000000084900000| Untracked 
|   2|0x0000000084a00000, 0x0000000084a00000, 0x0000000084b00000|  0%| F|  |TAMS 0x0000000084a00000, 0x0000000084a00000| Untracked 
|   3|0x0000000084b00000, 0x0000000084b00000, 0x0000000084c00000|  0%| F|  |TAMS 0x0000000084b00000, 0x0000000084b00000| Untracked 
|   4|0x0000000084c00000, 0x0000000084c00000, 0x0000000084d00000|  0%| F|  |TAMS 0x0000000084c00000, 0x0000000084c00000| Untracked 
|   5|0x0000000084d00000, 0x0000000084d00000, 0x0000000084e00000|  0%| F|  |TAMS 0x0000000084d00000, 0x0000000084d00000| Untracked 
|   6|0x0000000084e00000, 0x0000000084e00000, 0x0000000084f00000|  0%| F|  |TAMS 0x0000000084e00000, 0x0000000084e00000| Untracked 
|   7|0x0000000084f00000, 0x0000000084f00000, 0x0000000085000000|  0%| F|  |TAMS 0x0000000084f00000, 0x0000000084f00000| Untracked 
|   8|0x0000000085000000, 0x0000000085000000, 0x0000000085100000|  0%| F|  |TAMS 0x0000000085000000, 0x0000000085000000| Untracked 
|   9|0x0000000085100000, 0x0000000085100000, 0x0000000085200000|  0%| F|  |TAMS 0x0000000085100000, 0x0000000085100000| Untracked 
|  10|0x0000000085200000, 0x0000000085200000, 0x0000000085300000|  0%| F|  |TAMS 0x0000000085200000, 0x0000000085200000| Untracked 
|  11|0x0000000085300000, 0x0000000085300000, 0x0000000085400000|  0%| F|  |TAMS 0x0000000085300000, 0x0000000085300000| Untracked 
|  12|0x0000000085400000, 0x0000000085400000, 0x0000000085500000|  0%| F|  |TAMS 0x0000000085400000, 0x0000000085400000| Untracked 
|  13|0x0000000085500000, 0x0000000085500000, 0x0000000085600000|  0%| F|  |TAMS 0x0000000085500000, 0x0000000085500000| Untracked 
|  14|0x0000000085600000, 0x0000000085600000, 0x0000000085700000|  0%| F|  |TAMS 0x0000000085600000, 0x0000000085600000| Untracked 
|  15|0x0000000085700000, 0x0000000085700000, 0x0000000085800000|  0%| F|  |TAMS 0x0000000085700000, 0x0000000085700000| Untracked 
|  16|0x0000000085800000, 0x0000000085800000, 0x0000000085900000|  0%| F|  |TAMS 0x0000000085800000, 0x0000000085800000| Untracked 
|  17|0x0000000085900000, 0x0000000085900000, 0x0000000085a00000|  0%| F|  |TAMS 0x0000000085900000, 0x0000000085900000| Untracked 
|  18|0x0000000085a00000, 0x0000000085a00000, 0x0000000085b00000|  0%| F|  |TAMS 0x0000000085a00000, 0x0000000085a00000| Untracked 
|  19|0x0000000085b00000, 0x0000000085b00000, 0x0000000085c00000|  0%| F|  |TAMS 0x0000000085b00000, 0x0000000085b00000| Untracked 
|  20|0x0000000085c00000, 0x0000000085c00000, 0x0000000085d00000|  0%| F|  |TAMS 0x0000000085c00000, 0x0000000085c00000| Untracked 
|  21|0x0000000085d00000, 0x0000000085d00000, 0x0000000085e00000|  0%| F|  |TAMS 0x0000000085d00000, 0x0000000085d00000| Untracked 
|  22|0x0000000085e00000, 0x0000000085e00000, 0x0000000085f00000|  0%| F|  |TAMS 0x0000000085e00000, 0x0000000085e00000| Untracked 
|  23|0x0000000085f00000, 0x0000000085f00000, 0x0000000086000000|  0%| F|  |TAMS 0x0000000085f00000, 0x0000000085f00000| Untracked 
|  24|0x0000000086000000, 0x0000000086000000, 0x0000000086100000|  0%| F|  |TAMS 0x0000000086000000, 0x0000000086000000| Untracked 
|  25|0x0000000086100000, 0x0000000086100000, 0x0000000086200000|  0%| F|  |TAMS 0x0000000086100000, 0x0000000086100000| Untracked 
|  26|0x0000000086200000, 0x0000000086200000, 0x0000000086300000|  0%| F|  |TAMS 0x0000000086200000, 0x0000000086200000| Untracked 
|  27|0x0000000086300000, 0x0000000086300000, 0x0000000086400000|  0%| F|  |TAMS 0x0000000086300000, 0x0000000086300000| Untracked 
|  28|0x0000000086400000, 0x0000000086400000, 0x0000000086500000|  0%| F|  |TAMS 0x0000000086400000, 0x0000000086400000| Untracked 
|  29|0x0000000086500000, 0x0000000086500000, 0x0000000086600000|  0%| F|  |TAMS 0x0000000086500000, 0x0000000086500000| Untracked 
|  30|0x0000000086600000, 0x0000000086600000, 0x0000000086700000|  0%| F|  |TAMS 0x0000000086600000, 0x0000000086600000| Untracked 
|  31|0x0000000086700000, 0x0000000086700000, 0x0000000086800000|  0%| F|  |TAMS 0x0000000086700000, 0x0000000086700000| Untracked 
|  32|0x0000000086800000, 0x0000000086800000, 0x0000000086900000|  0%| F|  |TAMS 0x0000000086800000, 0x0000000086800000| Untracked 
|  33|0x0000000086900000, 0x0000000086900000, 0x0000000086a00000|  0%| F|  |TAMS 0x0000000086900000, 0x0000000086900000| Untracked 
|  34|0x0000000086a00000, 0x0000000086a00000, 0x0000000086b00000|  0%| F|  |TAMS 0x0000000086a00000, 0x0000000086a00000| Untracked 
|  35|0x0000000086b00000, 0x0000000086b00000, 0x0000000086c00000|  0%| F|  |TAMS 0x0000000086b00000, 0x0000000086b00000| Untracked 
|  36|0x0000000086c00000, 0x0000000086c00000, 0x0000000086d00000|  0%| F|  |TAMS 0x0000000086c00000, 0x0000000086c00000| Untracked 
|  37|0x0000000086d00000, 0x0000000086d00000, 0x0000000086e00000|  0%| F|  |TAMS 0x0000000086d00000, 0x0000000086d00000| Untracked 
|  38|0x0000000086e00000, 0x0000000086e00000, 0x0000000086f00000|  0%| F|  |TAMS 0x0000000086e00000, 0x0000000086e00000| Untracked 
|  39|0x0000000086f00000, 0x0000000086f00000, 0x0000000087000000|  0%| F|  |TAMS 0x0000000086f00000, 0x0000000086f00000| Untracked 
|  40|0x0000000087000000, 0x0000000087000000, 0x0000000087100000|  0%| F|  |TAMS 0x0000000087000000, 0x0000000087000000| Untracked 
|  41|0x0000000087100000, 0x0000000087100000, 0x0000000087200000|  0%| F|  |TAMS 0x0000000087100000, 0x0000000087100000| Untracked 
|  42|0x0000000087200000, 0x0000000087200000, 0x0000000087300000|  0%| F|  |TAMS 0x0000000087200000, 0x0000000087200000| Untracked 
|  43|0x0000000087300000, 0x0000000087300000, 0x0000000087400000|  0%| F|  |TAMS 0x0000000087300000, 0x0000000087300000| Untracked 
|  44|0x0000000087400000, 0x0000000087400000, 0x0000000087500000|  0%| F|  |TAMS 0x0000000087400000, 0x0000000087400000| Untracked 
|  45|0x0000000087500000, 0x0000000087500000, 0x0000000087600000|  0%| F|  |TAMS 0x0000000087500000, 0x0000000087500000| Untracked 
|  46|0x0000000087600000, 0x0000000087600000, 0x0000000087700000|  0%| F|  |TAMS 0x0000000087600000, 0x0000000087600000| Untracked 
|  47|0x0000000087700000, 0x0000000087700000, 0x0000000087800000|  0%| F|  |TAMS 0x0000000087700000, 0x0000000087700000| Untracked 
|  48|0x0000000087800000, 0x0000000087800000, 0x0000000087900000|  0%| F|  |TAMS 0x0000000087800000, 0x0000000087800000| Untracked 
|  49|0x0000000087900000, 0x0000000087900000, 0x0000000087a00000|  0%| F|  |TAMS 0x0000000087900000, 0x0000000087900000| Untracked 
|  50|0x0000000087a00000, 0x0000000087a00000, 0x0000000087b00000|  0%| F|  |TAMS 0x0000000087a00000, 0x0000000087a00000| Untracked 
|  51|0x0000000087b00000, 0x0000000087b00000, 0x0000000087c00000|  0%| F|  |TAMS 0x0000000087b00000, 0x0000000087b00000| Untracked 
|  52|0x0000000087c00000, 0x0000000087c00000, 0x0000000087d00000|  0%| F|  |TAMS 0x0000000087c00000, 0x0000000087c00000| Untracked 
|  53|0x0000000087d00000, 0x0000000087d00000, 0x0000000087e00000|  0%| F|  |TAMS 0x0000000087d00000, 0x0000000087d00000| Untracked 
|  54|0x0000000087e00000, 0x0000000087e00000, 0x0000000087f00000|  0%| F|  |TAMS 0x0000000087e00000, 0x0000000087e00000| Untracked 
|  55|0x0000000087f00000, 0x0000000087f00000, 0x0000000088000000|  0%| F|  |TAMS 0x0000000087f00000, 0x0000000087f00000| Untracked 
|  56|0x0000000088000000, 0x0000000088000000, 0x0000000088100000|  0%| F|  |TAMS 0x0000000088000000, 0x0000000088000000| Untracked 
|  57|0x0000000088100000, 0x0000000088100000, 0x0000000088200000|  0%| F|  |TAMS 0x0000000088100000, 0x0000000088100000| Untracked 
|  58|0x0000000088200000, 0x0000000088200000, 0x0000000088300000|  0%| F|  |TAMS 0x0000000088200000, 0x0000000088200000| Untracked 
|  59|0x0000000088300000, 0x0000000088300000, 0x0000000088400000|  0%| F|  |TAMS 0x0000000088300000, 0x0000000088300000| Untracked 
|  60|0x0000000088400000, 0x0000000088400000, 0x0000000088500000|  0%| F|  |TAMS 0x0000000088400000, 0x0000000088400000| Untracked 
|  61|0x0000000088500000, 0x0000000088500000, 0x0000000088600000|  0%| F|  |TAMS 0x0000000088500000, 0x0000000088500000| Untracked 
|  62|0x0000000088600000, 0x0000000088600000, 0x0000000088700000|  0%| F|  |TAMS 0x0000000088600000, 0x0000000088600000| Untracked 
|  63|0x0000000088700000, 0x0000000088700000, 0x0000000088800000|  0%| F|  |TAMS 0x0000000088700000, 0x0000000088700000| Untracked 
|  64|0x0000000088800000, 0x0000000088800000, 0x0000000088900000|  0%| F|  |TAMS 0x0000000088800000, 0x0000000088800000| Untracked 
|  65|0x0000000088900000, 0x0000000088900000, 0x0000000088a00000|  0%| F|  |TAMS 0x0000000088900000, 0x0000000088900000| Untracked 
|  66|0x0000000088a00000, 0x0000000088a00000, 0x0000000088b00000|  0%| F|  |TAMS 0x0000000088a00000, 0x0000000088a00000| Untracked 
|  67|0x0000000088b00000, 0x0000000088b00000, 0x0000000088c00000|  0%| F|  |TAMS 0x0000000088b00000, 0x0000000088b00000| Untracked 
|  68|0x0000000088c00000, 0x0000000088c00000, 0x0000000088d00000|  0%| F|  |TAMS 0x0000000088c00000, 0x0000000088c00000| Untracked 
|  69|0x0000000088d00000, 0x0000000088d00000, 0x0000000088e00000|  0%| F|  |TAMS 0x0000000088d00000, 0x0000000088d00000| Untracked 
|  70|0x0000000088e00000, 0x0000000088e00000, 0x0000000088f00000|  0%| F|  |TAMS 0x0000000088e00000, 0x0000000088e00000| Untracked 
|  71|0x0000000088f00000, 0x0000000088f00000, 0x0000000089000000|  0%| F|  |TAMS 0x0000000088f00000, 0x0000000088f00000| Untracked 
|  72|0x0000000089000000, 0x0000000089000000, 0x0000000089100000|  0%| F|  |TAMS 0x0000000089000000, 0x0000000089000000| Untracked 
|  73|0x0000000089100000, 0x0000000089100000, 0x0000000089200000|  0%| F|  |TAMS 0x0000000089100000, 0x0000000089100000| Untracked 
|  74|0x0000000089200000, 0x0000000089200000, 0x0000000089300000|  0%| F|  |TAMS 0x0000000089200000, 0x0000000089200000| Untracked 
|  75|0x0000000089300000, 0x0000000089300000, 0x0000000089400000|  0%| F|  |TAMS 0x0000000089300000, 0x0000000089300000| Untracked 
|  76|0x0000000089400000, 0x0000000089400000, 0x0000000089500000|  0%| F|  |TAMS 0x0000000089400000, 0x0000000089400000| Untracked 
|  77|0x0000000089500000, 0x0000000089500000, 0x0000000089600000|  0%| F|  |TAMS 0x0000000089500000, 0x0000000089500000| Untracked 
|  78|0x0000000089600000, 0x0000000089600000, 0x0000000089700000|  0%| F|  |TAMS 0x0000000089600000, 0x0000000089600000| Untracked 
|  79|0x0000000089700000, 0x0000000089700000, 0x0000000089800000|  0%| F|  |TAMS 0x0000000089700000, 0x0000000089700000| Untracked 
|  80|0x0000000089800000, 0x0000000089800000, 0x0000000089900000|  0%| F|  |TAMS 0x0000000089800000, 0x0000000089800000| Untracked 
|  81|0x0000000089900000, 0x0000000089900000, 0x0000000089a00000|  0%| F|  |TAMS 0x0000000089900000, 0x0000000089900000| Untracked 
|  82|0x0000000089a00000, 0x0000000089a00000, 0x0000000089b00000|  0%| F|  |TAMS 0x0000000089a00000, 0x0000000089a00000| Untracked 
|  83|0x0000000089b00000, 0x0000000089b00000, 0x0000000089c00000|  0%| F|  |TAMS 0x0000000089b00000, 0x0000000089b00000| Untracked 
|  84|0x0000000089c00000, 0x0000000089c00000, 0x0000000089d00000|  0%| F|  |TAMS 0x0000000089c00000, 0x0000000089c00000| Untracked 
|  85|0x0000000089d00000, 0x0000000089d00000, 0x0000000089e00000|  0%| F|  |TAMS 0x0000000089d00000, 0x0000000089d00000| Untracked 
|  86|0x0000000089e00000, 0x0000000089e00000, 0x0000000089f00000|  0%| F|  |TAMS 0x0000000089e00000, 0x0000000089e00000| Untracked 
|  87|0x0000000089f00000, 0x0000000089f00000, 0x000000008a000000|  0%| F|  |TAMS 0x0000000089f00000, 0x0000000089f00000| Untracked 
|  88|0x000000008a000000, 0x000000008a000000, 0x000000008a100000|  0%| F|  |TAMS 0x000000008a000000, 0x000000008a000000| Untracked 
|  89|0x000000008a100000, 0x000000008a100000, 0x000000008a200000|  0%| F|  |TAMS 0x000000008a100000, 0x000000008a100000| Untracked 
|  90|0x000000008a200000, 0x000000008a200000, 0x000000008a300000|  0%| F|  |TAMS 0x000000008a200000, 0x000000008a200000| Untracked 
|  91|0x000000008a300000, 0x000000008a300000, 0x000000008a400000|  0%| F|  |TAMS 0x000000008a300000, 0x000000008a300000| Untracked 
|  92|0x000000008a400000, 0x000000008a400000, 0x000000008a500000|  0%| F|  |TAMS 0x000000008a400000, 0x000000008a400000| Untracked 
|  93|0x000000008a500000, 0x000000008a500000, 0x000000008a600000|  0%| F|  |TAMS 0x000000008a500000, 0x000000008a500000| Untracked 
|  94|0x000000008a600000, 0x000000008a600000, 0x000000008a700000|  0%| F|  |TAMS 0x000000008a600000, 0x000000008a600000| Untracked 
|  95|0x000000008a700000, 0x000000008a700000, 0x000000008a800000|  0%| F|  |TAMS 0x000000008a700000, 0x000000008a700000| Untracked 
|  96|0x000000008a800000, 0x000000008a800000, 0x000000008a900000|  0%| F|  |TAMS 0x000000008a800000, 0x000000008a800000| Untracked 
|  97|0x000000008a900000, 0x000000008a900000, 0x000000008aa00000|  0%| F|  |TAMS 0x000000008a900000, 0x000000008a900000| Untracked 
|  98|0x000000008aa00000, 0x000000008aa00000, 0x000000008ab00000|  0%| F|  |TAMS 0x000000008aa00000, 0x000000008aa00000| Untracked 
|  99|0x000000008ab00000, 0x000000008ab00000, 0x000000008ac00000|  0%| F|  |TAMS 0x000000008ab00000, 0x000000008ab00000| Untracked 
| 100|0x000000008ac00000, 0x000000008ac00000, 0x000000008ad00000|  0%| F|  |TAMS 0x000000008ac00000, 0x000000008ac00000| Untracked 
| 101|0x000000008ad00000, 0x000000008ad00000, 0x000000008ae00000|  0%| F|  |TAMS 0x000000008ad00000, 0x000000008ad00000| Untracked 
| 102|0x000000008ae00000, 0x000000008ae00000, 0x000000008af00000|  0%| F|  |TAMS 0x000000008ae00000, 0x000000008ae00000| Untracked 
| 103|0x000000008af00000, 0x000000008af00000, 0x000000008b000000|  0%| F|  |TAMS 0x000000008af00000, 0x000000008af00000| Untracked 
| 104|0x000000008b000000, 0x000000008b000000, 0x000000008b100000|  0%| F|  |TAMS 0x000000008b000000, 0x000000008b000000| Untracked 
| 105|0x000000008b100000, 0x000000008b100000, 0x000000008b200000|  0%| F|  |TAMS 0x000000008b100000, 0x000000008b100000| Untracked 
| 106|0x000000008b200000, 0x000000008b200000, 0x000000008b300000|  0%| F|  |TAMS 0x000000008b200000, 0x000000008b200000| Untracked 
| 107|0x000000008b300000, 0x000000008b300000, 0x000000008b400000|  0%| F|  |TAMS 0x000000008b300000, 0x000000008b300000| Untracked 
| 108|0x000000008b400000, 0x000000008b400000, 0x000000008b500000|  0%| F|  |TAMS 0x000000008b400000, 0x000000008b400000| Untracked 
| 109|0x000000008b500000, 0x000000008b500000, 0x000000008b600000|  0%| F|  |TAMS 0x000000008b500000, 0x000000008b500000| Untracked 
| 110|0x000000008b600000, 0x000000008b600000, 0x000000008b700000|  0%| F|  |TAMS 0x000000008b600000, 0x000000008b600000| Untracked 
| 111|0x000000008b700000, 0x000000008b700000, 0x000000008b800000|  0%| F|  |TAMS 0x000000008b700000, 0x000000008b700000| Untracked 
| 112|0x000000008b800000, 0x000000008b800000, 0x000000008b900000|  0%| F|  |TAMS 0x000000008b800000, 0x000000008b800000| Untracked 
| 113|0x000000008b900000, 0x000000008b900000, 0x000000008ba00000|  0%| F|  |TAMS 0x000000008b900000, 0x000000008b900000| Untracked 
| 114|0x000000008ba00000, 0x000000008ba00000, 0x000000008bb00000|  0%| F|  |TAMS 0x000000008ba00000, 0x000000008ba00000| Untracked 
| 115|0x000000008bb00000, 0x000000008bb85d18, 0x000000008bc00000| 52%| E|  |TAMS 0x000000008bb00000, 0x000000008bb00000| Complete 
| 116|0x000000008bc00000, 0x000000008bd00000, 0x000000008bd00000|100%| E|CS|TAMS 0x000000008bc00000, 0x000000008bc00000| Complete 
| 117|0x000000008bd00000, 0x000000008be00000, 0x000000008be00000|100%| E|CS|TAMS 0x000000008bd00000, 0x000000008bd00000| Complete 
| 118|0x000000008be00000, 0x000000008bf00000, 0x000000008bf00000|100%| E|CS|TAMS 0x000000008be00000, 0x000000008be00000| Complete 
| 119|0x000000008bf00000, 0x000000008c000000, 0x000000008c000000|100%| E|CS|TAMS 0x000000008bf00000, 0x000000008bf00000| Complete 
| 120|0x000000008c000000, 0x000000008c100000, 0x000000008c100000|100%| E|CS|TAMS 0x000000008c000000, 0x000000008c000000| Complete 
| 121|0x000000008c100000, 0x000000008c200000, 0x000000008c200000|100%| E|CS|TAMS 0x000000008c100000, 0x000000008c100000| Complete 
| 122|0x000000008c200000, 0x000000008c300000, 0x000000008c300000|100%| E|  |TAMS 0x000000008c200000, 0x000000008c200000| Complete 
| 123|0x000000008c300000, 0x000000008c400000, 0x000000008c400000|100%| E|CS|TAMS 0x000000008c300000, 0x000000008c300000| Complete 
|1974|0x00000000ffe00000, 0x00000000ffe75000, 0x00000000fff00000| 45%|OA|  |TAMS 0x00000000ffe00000, 0x00000000ffe00000| Untracked 
|1975|0x00000000fff00000, 0x00000000fff76000, 0x0000000100000000| 46%|CA|  |TAMS 0x00000000fff00000, 0x00000000fff00000| Untracked 

Card table byte_map: [0x00007d55ae246000,0x00007d55ae622000] _byte_map_base: 0x00007d55ade22000

Marking Bits (Prev, Next): (CMBitMap*) 0x00007d55a8085a60, (CMBitMap*) 0x00007d55a8085aa0
 Prev Bits: [0x00007d558f320000, 0x00007d5591200000)
 Next Bits: [0x00007d558d440000, 0x00007d558f320000)

Polling page: 0x00007d55b1644000

Metaspace:

Usage:
  Non-class:      3,06 MB used.
      Class:    378,09 KB used.
       Both:      3,42 MB used.

Virtual space:
  Non-class space:       64,00 MB reserved,       3,19 MB (  5%) committed,  1 nodes.
      Class space:        1,00 GB reserved,     448,00 KB ( <1%) committed,  1 nodes.
             Both:        1,06 GB reserved,       3,62 MB ( <1%) committed. 

Chunk freelists:
   Non-Class:  2,42 MB
       Class:  3,50 MB
        Both:  5,92 MB

MaxMetaspaceSize: unlimited
CompressedClassSpaceSize: 1,00 GB
Initial GC threshold: 21,00 MB
Current GC threshold: 21,00 MB
CDS: on
MetaspaceReclaimPolicy: balanced
 - commit_granule_bytes: 65536.
 - commit_granule_words: 8192.
 - virtual_space_node_default_size: 8388608.
 - enlarge_chunks_in_place: 1.
 - new_chunks_are_fully_committed: 0.
 - uncommit_free_chunks: 1.
 - use_allocation_guard: 0.


Internal statistics:

num_allocs_failed_limit: 0.
num_arena_births: 36.
num_arena_deaths: 0.
num_vsnodes_births: 2.
num_vsnodes_deaths: 0.
num_space_committed: 58.
num_space_uncommitted: 0.
num_chunks_returned_to_freelist: 0.
num_chunks_taken_from_freelist: 109.
num_chunk_merges: 0.
num_chunk_splits: 83.
num_chunks_enlarged: 69.
num_inconsistent_stats: 0.

CodeHeap 'non-profiled nmethods': size=120032Kb used=194Kb max_used=194Kb free=119837Kb
 bounds [0x00007d5598cc8000, 0x00007d5598f38000, 0x00007d55a0200000]
CodeHeap 'profiled nmethods': size=120028Kb used=1122Kb max_used=1122Kb free=118905Kb
 bounds [0x00007d5591791000, 0x00007d5591a01000, 0x00007d5598cc8000]
CodeHeap 'non-nmethods': size=5700Kb used=1173Kb max_used=1188Kb free=4526Kb
 bounds [0x00007d5591200000, 0x00007d5591470000, 0x00007d5591791000]
 total_blobs=1111 nmethods=664 adapters=361
 compilation: enabled
              stopped_count=0, restarted_count=0
 full_count=0

Compilation events (20 events):
Event: 0,519 Thread 0x00007d55a810d770  648       3       java.util.zip.ZipCoder$UTF8ZipCoder::toString (12 bytes)
Event: 0,519 Thread 0x00007d55a810d770 nmethod 648 0x00007d559188ed10 code [0x00007d559188eec0, 0x00007d559188f060]
Event: 0,519 Thread 0x00007d55a810d770  649       3       java.lang.System$2::newStringUTF8NoRepl (7 bytes)
Event: 0,519 Thread 0x00007d55a810d770 nmethod 649 0x00007d559188f190 code [0x00007d559188f340, 0x00007d559188f480]
Event: 0,520 Thread 0x00007d55a810d770  653       3       java.lang.String::contains (19 bytes)
Event: 0,520 Thread 0x00007d55a810d770 nmethod 653 0x00007d559188f510 code [0x00007d559188f6c0, 0x00007d559188f930]
Event: 0,520 Thread 0x00007d55a810d770  652   !   3       java.util.jar.JarFile::getManifestFromReference (197 bytes)
Event: 0,522 Thread 0x00007d55a810d770 nmethod 652 0x00007d559188fa10 code [0x00007d559188fd20, 0x00007d55918911b0]
Event: 0,522 Thread 0x00007d55a810d770  654       3       java.lang.String::equalsIgnoreCase (45 bytes)
Event: 0,522 Thread 0x00007d55a810d770 nmethod 654 0x00007d5591891910 code [0x00007d5591891b00, 0x00007d5591892040]
Event: 0,522 Thread 0x00007d55a810d770  655       3       sun.net.www.protocol.file.Handler::parseURL (18 bytes)
Event: 0,523 Thread 0x00007d55a810d770 nmethod 655 0x00007d5591892210 code [0x00007d55918923c0, 0x00007d5591892570]
Event: 0,523 Thread 0x00007d55a810d770  656       3       java.net.URLStreamHandler::parseURL (1124 bytes)
Event: 0,525 Thread 0x00007d55a810c250 nmethod 638 0x00007d5598cf6490 code [0x00007d5598cf6620, 0x00007d5598cf6b58]
Event: 0,525 Thread 0x00007d55a810c250  651       4       java.lang.StringCoding::hasNegatives (25 bytes)
Event: 0,529 Thread 0x00007d55a810c250 nmethod 651 0x00007d5598cf7210 code [0x00007d5598cf73a0, 0x00007d5598cf7538]
Event: 0,529 Thread 0x00007d55a810c250  635       4       java.lang.StringBuilder::append (8 bytes)
Event: 0,535 Thread 0x00007d55a810c250 nmethod 635 0x00007d5598cf7610 code [0x00007d5598cf77a0, 0x00007d5598cf7df8]
Event: 0,535 Thread 0x00007d55a810c250  663       4       java.util.zip.ZipFile$Source::zipCoderForPos (39 bytes)
Event: 0,535 Thread 0x00007d55a810c250 nmethod 663 0x00007d5598cf8190 code [0x00007d5598cf8320, 0x00007d5598cf83d8]

GC Heap History (0 events):
No events

Deoptimization events (20 events):
Event: 0,363 Thread 0x00007d55a8027120 Uncommon trap: trap_request=0xffffff45 fr.pc=0x00007d5598ce4c18 relative=0x0000000000000918
Event: 0,363 Thread 0x00007d55a8027120 Uncommon trap: reason=unstable_if action=reinterpret pc=0x00007d5598ce4c18 method=java.util.HashMap.putVal(ILjava/lang/Object;Ljava/lang/Object;ZZ)Ljava/lang/Object; @ 181 c2
Event: 0,363 Thread 0x00007d55a8027120 DEOPT PACKING pc=0x00007d5598ce4c18 sp=0x00007d55b0ffd720
Event: 0,363 Thread 0x00007d55a8027120 DEOPT UNPACKING pc=0x00007d5591255899 sp=0x00007d55b0ffd6d0 mode 2
Event: 0,379 Thread 0x00007d55a8027120 Uncommon trap: trap_request=0xffffffbe fr.pc=0x00007d5598ce5c24 relative=0x0000000000000404
Event: 0,379 Thread 0x00007d55a8027120 Uncommon trap: reason=profile_predicate action=maybe_recompile pc=0x00007d5598ce5c24 method=java.lang.StringLatin1.indexOf([BI[BII)I @ 18 c2
Event: 0,379 Thread 0x00007d55a8027120 DEOPT PACKING pc=0x00007d5598ce5c24 sp=0x00007d55b0ffe3d0
Event: 0,379 Thread 0x00007d55a8027120 DEOPT UNPACKING pc=0x00007d5591255899 sp=0x00007d55b0ffe378 mode 2
Event: 0,379 Thread 0x00007d55a8027120 Uncommon trap: trap_request=0xffffffbe fr.pc=0x00007d5598ce5c24 relative=0x0000000000000404
Event: 0,379 Thread 0x00007d55a8027120 Uncommon trap: reason=profile_predicate action=maybe_recompile pc=0x00007d5598ce5c24 method=java.lang.StringLatin1.indexOf([BI[BII)I @ 18 c2
Event: 0,379 Thread 0x00007d55a8027120 DEOPT PACKING pc=0x00007d5598ce5c24 sp=0x00007d55b0ffe3d0
Event: 0,379 Thread 0x00007d55a8027120 DEOPT UNPACKING pc=0x00007d5591255899 sp=0x00007d55b0ffe378 mode 2
Event: 0,379 Thread 0x00007d55a8027120 Uncommon trap: trap_request=0xffffffbe fr.pc=0x00007d5598ce5c24 relative=0x0000000000000404
Event: 0,379 Thread 0x00007d55a8027120 Uncommon trap: reason=profile_predicate action=maybe_recompile pc=0x00007d5598ce5c24 method=java.lang.StringLatin1.indexOf([BI[BII)I @ 18 c2
Event: 0,379 Thread 0x00007d55a8027120 DEOPT PACKING pc=0x00007d5598ce5c24 sp=0x00007d55b0ffe3d0
Event: 0,379 Thread 0x00007d55a8027120 DEOPT UNPACKING pc=0x00007d5591255899 sp=0x00007d55b0ffe378 mode 2
Event: 0,432 Thread 0x00007d55a8027120 Uncommon trap: trap_request=0xffffff45 fr.pc=0x00007d5598ce5ba4 relative=0x0000000000000384
Event: 0,432 Thread 0x00007d55a8027120 Uncommon trap: reason=unstable_if action=reinterpret pc=0x00007d5598ce5ba4 method=java.lang.StringLatin1.indexOf([BI[BII)I @ 91 c2
Event: 0,432 Thread 0x00007d55a8027120 DEOPT PACKING pc=0x00007d5598ce5ba4 sp=0x00007d55b0ffd0c0
Event: 0,432 Thread 0x00007d55a8027120 DEOPT UNPACKING pc=0x00007d5591255899 sp=0x00007d55b0ffd040 mode 2

Classes loaded (20 events):
Event: 0,445 Loading class jdk/internal/org/objectweb/asm/Edge
Event: 0,445 Loading class jdk/internal/org/objectweb/asm/Edge done
Event: 0,447 Loading class java/lang/reflect/Proxy$ProxyBuilder$1
Event: 0,447 Loading class java/lang/reflect/Proxy$ProxyBuilder$1 done
Event: 0,448 Loading class java/lang/annotation/Target
Event: 0,448 Loading class java/lang/annotation/Target done
Event: 0,451 Loading class java/lang/reflect/UndeclaredThrowableException
Event: 0,452 Loading class java/lang/reflect/UndeclaredThrowableException done
Event: 0,452 Loading class java/lang/Class$AnnotationData
Event: 0,452 Loading class java/lang/Class$AnnotationData done
Event: 0,458 Loading class java/lang/InstantiationException
Event: 0,458 Loading class java/lang/InstantiationException done
Event: 0,459 Loading class java/util/regex/Pattern$BnM
Event: 0,460 Loading class java/util/regex/Pattern$BnM done
Event: 0,460 Loading class java/util/regex/Pattern$SliceS
Event: 0,460 Loading class java/util/regex/Pattern$SliceS done
Event: 0,472 Loading class java/lang/NumberFormatException
Event: 0,472 Loading class java/lang/NumberFormatException done
Event: 0,501 Loading class jdk/internal/misc/ScopedMemoryAccess$Scope
Event: 0,501 Loading class jdk/internal/misc/ScopedMemoryAccess$Scope done

Classes unloaded (0 events):
No events

Classes redefined (0 events):
No events

Internal exceptions (9 events):
Event: 0,163 Thread 0x00007d55a8027120 Implicit null exception at 0x00007d5598cd6155 to 0x00007d5598cd62b4
Event: 0,164 Thread 0x00007d55a8027120 Exception <a 'java/lang/NoSuchMethodError'{0x000000008c2ca778}: 'void java.lang.invoke.DirectMethodHandle$Holder.invokeStatic(java.lang.Object, java.lang.Object, java.lang.Object)'> (0x000000008c2ca778) 
thrown [src/hotspot/share/interpreter/linkResolver.cpp, line 759]
Event: 0,178 Thread 0x00007d55a8027120 Exception <a 'java/lang/NoSuchMethodError'{0x000000008c2e3320}: 'java.lang.Object java.lang.invoke.Invokers$Holder.invokeExact_MT(java.lang.Object, java.lang.Object, java.lang.Object, java.lang.Object, java.lang.Object)'> (0x000000008c2e3320) 
thrown [src/hotspot/share/interpreter/linkResolver.cpp, line 759]
Event: 0,209 Thread 0x00007d55a81d3720 Exception <a 'java/lang/NoSuchMethodError'{0x000000008c1644e8}: 'void java.lang.invoke.DirectMethodHandle$Holder.invokeStatic(java.lang.Object, java.lang.Object)'> (0x000000008c1644e8) 
thrown [src/hotspot/share/interpreter/linkResolver.cpp, line 759]
Event: 0,404 Thread 0x00007d55a8027120 Exception <a 'java/lang/NoSuchMethodError'{0x000000008bed2e68}: 'int java.lang.invoke.DirectMethodHandle$Holder.invokeStaticInit(java.lang.Object, java.lang.Object, java.lang.Object, java.lang.Object)'> (0x000000008bed2e68) 
thrown [src/hotspot/share/interpreter/linkResolver.cpp, line 759]
Event: 0,408 Thread 0x00007d55a8027120 Exception <a 'java/lang/NoSuchMethodError'{0x000000008bedced0}: 'java.lang.Object java.lang.invoke.DirectMethodHandle$Holder.invokeInterface(java.lang.Object, java.lang.Object)'> (0x000000008bedced0) 
thrown [src/hotspot/share/interpreter/linkResolver.cpp, line 759]
Event: 0,408 Thread 0x00007d55a8027120 Exception <a 'java/lang/IncompatibleClassChangeError'{0x000000008bee0418}: Found class java.lang.Object, but interface was expected> (0x000000008bee0418) 
thrown [src/hotspot/share/interpreter/linkResolver.cpp, line 826]
Event: 0,409 Thread 0x00007d55a8027120 Exception <a 'java/lang/NoSuchMethodError'{0x000000008bee34c0}: 'void java.lang.invoke.DirectMethodHandle$Holder.invokeStaticInit(java.lang.Object, java.lang.Object)'> (0x000000008bee34c0) 
thrown [src/hotspot/share/interpreter/linkResolver.cpp, line 759]
Event: 0,410 Thread 0x00007d55a8027120 Exception <a 'java/lang/NoSuchMethodError'{0x000000008bee91e8}: 'int java.lang.invoke.DirectMethodHandle$Holder.invokeStaticInit(java.lang.Object, java.lang.Object)'> (0x000000008bee91e8) 
thrown [src/hotspot/share/interpreter/linkResolver.cpp, line 759]

VM Operations (8 events):
Event: 0,102 Executing VM operation: HandshakeAllThreads
Event: 0,102 Executing VM operation: HandshakeAllThreads done
Event: 0,196 Executing VM operation: HandshakeAllThreads
Event: 0,201 Executing VM operation: HandshakeAllThreads done
Event: 0,272 Executing VM operation: HandshakeAllThreads
Event: 0,272 Executing VM operation: HandshakeAllThreads done
Event: 0,433 Executing VM operation: HandshakeAllThreads
Event: 0,433 Executing VM operation: HandshakeAllThreads done

Events (20 events):
Event: 0,090 Thread 0x00007d55a812bac0 Thread added: 0x00007d55a812bac0
Event: 0,094 Protecting memory [0x00007d55a7f00000,0x00007d55a7f04000] with protection modes 0
Event: 0,119 Loaded shared library /home/winds/.jdks/corretto-18.0.2/lib/libzip.so
Event: 0,121 Loaded shared library /home/winds/.jdks/corretto-18.0.2/lib/libinstrument.so
Event: 0,124 Loaded shared library /home/winds/.jdks/corretto-18.0.2/lib/libnio.so
Event: 0,141 Loaded shared library /home/winds/.jdks/corretto-18.0.2/lib/libzip.so
Event: 0,194 Thread 0x00007d55a81d3720 Thread added: 0x00007d55a81d3720
Event: 0,194 Protecting memory [0x00007d558d100000,0x00007d558d104000] with protection modes 0
Event: 0,196 Loaded shared library /home/winds/.jdks/corretto-18.0.2/lib/libnet.so
Event: 0,198 Thread 0x00007d55a81d5810 Thread added: 0x00007d55a81d5810
Event: 0,198 Protecting memory [0x00007d558cd00000,0x00007d558cd04000] with protection modes 0
Event: 0,208 Loaded shared library /home/winds/.jdks/corretto-18.0.2/lib/libextnet.so
Event: 0,423 Loaded shared library /home/winds/.jdks/corretto-18.0.2/lib/libjimage.so
Event: 0,464 Loaded shared library /home/winds/.javacpp/cache/javacpp-1.5.7-linux-x86_64.jar/org/bytedeco/javacpp/linux-x86_64/libjnijavacpp.so
Event: 0,473 Thread 0x00007d55a82bbb20 Thread added: 0x00007d55a82bbb20
Event: 0,473 Protecting memory [0x00007d558c500000,0x00007d558c504000] with protection modes 0
Event: 0,494 Loaded shared library /home/winds/.javacpp/cache/llvm-13.0.1-1.5.7-linux-x86_64.jar/org/bytedeco/llvm/linux-x86_64/libLLVM-13.so
Event: 0,500 Loaded shared library /home/winds/.javacpp/cache/llvm-13.0.1-1.5.7-linux-x86_64.jar/org/bytedeco/llvm/linux-x86_64/libLTO.so.13
Event: 0,507 Loaded shared library /home/winds/.javacpp/cache/llvm-13.0.1-1.5.7-linux-x86_64.jar/org/bytedeco/llvm/linux-x86_64/libRemarks.so.13
Event: 0,509 Loaded shared library /home/winds/.javacpp/cache/llvm-13.0.1-1.5.7-linux-x86_64.jar/org/bytedeco/llvm/linux-x86_64/libjniLLVM.so


Dynamic libraries:
84800000-8c400000 rw-p 00000000 00:00 0 
8c400000-ffe00000 ---p 00000000 00:00 0 
ffe00000-ffe75000 rw-p 00c5f000 08:03 552693                             /home/winds/.jdks/corretto-18.0.2/lib/server/classes.jsa
ffe75000-fff00000 rw-p 00000000 00:00 0 
fff00000-fff76000 rw-p 00be9000 08:03 552693                             /home/winds/.jdks/corretto-18.0.2/lib/server/classes.jsa
fff76000-100000000 rw-p 00000000 00:00 0 
800000000-800449000 rw-p 00001000 08:03 552693                           /home/winds/.jdks/corretto-18.0.2/lib/server/classes.jsa
800449000-800bb1000 r--p 0044a000 08:03 552693                           /home/winds/.jdks/corretto-18.0.2/lib/server/classes.jsa
800bb1000-800c00000 ---p 00000000 00:00 0 
800c00000-800c30000 rw-p 00000000 00:00 0 
800c30000-800c70000 rw-p 00000000 00:00 0 
800c70000-840c00000 ---p 00000000 00:00 0 
5e533b000000-5e533b001000 r-xp 00000000 08:03 552796                     /home/winds/.jdks/corretto-18.0.2/bin/java
5e533b201000-5e533b202000 r--p 00001000 08:03 552796                     /home/winds/.jdks/corretto-18.0.2/bin/java
5e533b202000-5e533b203000 rw-p 00002000 08:03 552796                     /home/winds/.jdks/corretto-18.0.2/bin/java
5e533c0ce000-5e533c116000 rw-p 00000000 00:00 0                          [heap]
7d552d400000-7d552dd26000 r--p 00000000 08:03 846526                     /home/winds/.javacpp/cache/llvm-13.0.1-1.5.7-linux-x86_64.jar/org/bytedeco/llvm/linux-x86_64/libLLVM-13.so
7d552dd26000-7d55316e9000 r-xp 00926000 08:03 846526                     /home/winds/.javacpp/cache/llvm-13.0.1-1.5.7-linux-x86_64.jar/org/bytedeco/llvm/linux-x86_64/libLLVM-13.so
7d55316e9000-7d553393e000 r--p 042e9000 08:03 846526                     /home/winds/.javacpp/cache/llvm-13.0.1-1.5.7-linux-x86_64.jar/org/bytedeco/llvm/linux-x86_64/libLLVM-13.so
7d553393e000-7d5533e53000 r--p 0653d000 08:03 846526                     /home/winds/.javacpp/cache/llvm-13.0.1-1.5.7-linux-x86_64.jar/org/bytedeco/llvm/linux-x86_64/libLLVM-13.so
7d5533e53000-7d5533e5e000 rw-p 06a52000 08:03 846526                     /home/winds/.javacpp/cache/llvm-13.0.1-1.5.7-linux-x86_64.jar/org/bytedeco/llvm/linux-x86_64/libLLVM-13.so
7d5533e5e000-7d5533ed4000 rw-p 00000000 00:00 0 
7d5534000000-7d5534021000 rw-p 00000000 00:00 0 
7d5534021000-7d5538000000 ---p 00000000 00:00 0 
7d553c000000-7d553c021000 rw-p 00000000 00:00 0 
7d553c021000-7d5540000000 ---p 00000000 00:00 0 
7d5540000000-7d5540021000 rw-p 00000000 00:00 0 
7d5540021000-7d5544000000 ---p 00000000 00:00 0 
7d5544000000-7d5544021000 rw-p 00000000 00:00 0 
7d5544021000-7d5548000000 ---p 00000000 00:00 0 
7d5548000000-7d5548021000 rw-p 00000000 00:00 0 
7d5548021000-7d554c000000 ---p 00000000 00:00 0 
7d554c000000-7d554c46d000 rw-p 00000000 00:00 0 
7d554c46d000-7d5550000000 ---p 00000000 00:00 0 
7d5550000000-7d5550021000 rw-p 00000000 00:00 0 
7d5550021000-7d5554000000 ---p 00000000 00:00 0 
7d5554000000-7d5554021000 rw-p 00000000 00:00 0 
7d5554021000-7d5558000000 ---p 00000000 00:00 0 
7d5558000000-7d5558204000 rw-p 00000000 00:00 0 
7d5558204000-7d555c000000 ---p 00000000 00:00 0 
7d555c000000-7d555c021000 rw-p 00000000 00:00 0 
7d555c021000-7d5560000000 ---p 00000000 00:00 0 
7d5560000000-7d5560021000 rw-p 00000000 00:00 0 
7d5560021000-7d5564000000 ---p 00000000 00:00 0 
7d5564000000-7d5564021000 rw-p 00000000 00:00 0 
7d5564021000-7d5568000000 ---p 00000000 00:00 0 
7d5568000000-7d5568021000 rw-p 00000000 00:00 0 
7d5568021000-7d556c000000 ---p 00000000 00:00 0 
7d556c000000-7d556c021000 rw-p 00000000 00:00 0 
7d556c021000-7d5570000000 ---p 00000000 00:00 0 
7d5570000000-7d5570021000 rw-p 00000000 00:00 0 
7d5570021000-7d5574000000 ---p 00000000 00:00 0 
7d5574000000-7d5574190000 rw-p 00000000 00:00 0 
7d5574190000-7d5574400000 ---p 00000000 00:00 0 
7d5574400000-7d55745a0000 rw-p 00000000 00:00 0 
7d55745a0000-7d5578000000 ---p 00000000 00:00 0 
7d5578000000-7d5578021000 rw-p 00000000 00:00 0 
7d5578021000-7d557c000000 ---p 00000000 00:00 0 
7d557e000000-7d5580000000 rw-p 00000000 00:00 0 
7d5580000000-7d5580021000 rw-p 00000000 00:00 0 
7d5580021000-7d5584000000 ---p 00000000 00:00 0 
7d5584000000-7d5584021000 rw-p 00000000 00:00 0 
7d5584021000-7d5588000000 ---p 00000000 00:00 0 
7d5588000000-7d5588021000 rw-p 00000000 00:00 0 
7d5588021000-7d558c000000 ---p 00000000 00:00 0 
7d558c0fa000-7d558c15f000 r--p 00000000 08:03 846532                     /home/winds/.javacpp/cache/llvm-13.0.1-1.5.7-linux-x86_64.jar/org/bytedeco/llvm/linux-x86_64/libjniLLVM.so
7d558c15f000-7d558c1cd000 r-xp 00065000 08:03 846532                     /home/winds/.javacpp/cache/llvm-13.0.1-1.5.7-linux-x86_64.jar/org/bytedeco/llvm/linux-x86_64/libjniLLVM.so
7d558c1cd000-7d558c1f8000 r--p 000d3000 08:03 846532                     /home/winds/.javacpp/cache/llvm-13.0.1-1.5.7-linux-x86_64.jar/org/bytedeco/llvm/linux-x86_64/libjniLLVM.so
7d558c1f8000-7d558c1fb000 r--p 000fd000 08:03 846532                     /home/winds/.javacpp/cache/llvm-13.0.1-1.5.7-linux-x86_64.jar/org/bytedeco/llvm/linux-x86_64/libjniLLVM.so
7d558c1fb000-7d558c1fe000 rw-p 00100000 08:03 846532                     /home/winds/.javacpp/cache/llvm-13.0.1-1.5.7-linux-x86_64.jar/org/bytedeco/llvm/linux-x86_64/libjniLLVM.so
7d558c1fe000-7d558c200000 rw-p 00000000 00:00 0 
7d558c200000-7d558c2a4000 r--p 00000000 08:03 704764                     /usr/lib/x86_64-linux-gnu/libstdc++.so.6.0.32
7d558c2a4000-7d558c3c3000 r-xp 000a4000 08:03 704764                     /usr/lib/x86_64-linux-gnu/libstdc++.so.6.0.32
7d558c3c3000-7d558c450000 r--p 001c3000 08:03 704764                     /usr/lib/x86_64-linux-gnu/libstdc++.so.6.0.32
7d558c450000-7d558c451000 ---p 00250000 08:03 704764                     /usr/lib/x86_64-linux-gnu/libstdc++.so.6.0.32
7d558c451000-7d558c45c000 r--p 00250000 08:03 704764                     /usr/lib/x86_64-linux-gnu/libstdc++.so.6.0.32
7d558c45c000-7d558c45f000 rw-p 0025b000 08:03 704764                     /usr/lib/x86_64-linux-gnu/libstdc++.so.6.0.32
7d558c45f000-7d558c463000 rw-p 00000000 00:00 0 
7d558c500000-7d558c504000 ---p 00000000 00:00 0 
7d558c504000-7d558c600000 rw-p 00000000 00:00 0 
7d558c600000-7d558c602000 r-xp 00000000 08:03 552729                     /home/winds/.jdks/corretto-18.0.2/lib/libextnet.so
7d558c602000-7d558c801000 ---p 00002000 08:03 552729                     /home/winds/.jdks/corretto-18.0.2/lib/libextnet.so
7d558c801000-7d558c802000 r--p 00001000 08:03 552729                     /home/winds/.jdks/corretto-18.0.2/lib/libextnet.so
7d558c802000-7d558c803000 rw-p 00000000 00:00 0 
7d558c8fe000-7d558c8ff000 ---p 00000000 00:00 0 
7d558c8ff000-7d558ca00000 rw-p 00000000 00:00 0 
7d558ca00000-7d558ca0d000 r-xp 00000000 08:03 552680                     /home/winds/.jdks/corretto-18.0.2/lib/libnet.so
7d558ca0d000-7d558cc0d000 ---p 0000d000 08:03 552680                     /home/winds/.jdks/corretto-18.0.2/lib/libnet.so
7d558cc0d000-7d558cc0e000 r--p 0000d000 08:03 552680                     /home/winds/.jdks/corretto-18.0.2/lib/libnet.so
7d558cc0e000-7d558cc0f000 rw-p 00000000 00:00 0 
7d558cd00000-7d558cd04000 ---p 00000000 00:00 0 
7d558cd04000-7d558ce00000 rw-p 00000000 00:00 0 
7d558ce00000-7d558ce12000 r-xp 00000000 08:03 552681                     /home/winds/.jdks/corretto-18.0.2/lib/libnio.so
7d558ce12000-7d558d011000 ---p 00012000 08:03 552681                     /home/winds/.jdks/corretto-18.0.2/lib/libnio.so
7d558d011000-7d558d012000 r--p 00011000 08:03 552681                     /home/winds/.jdks/corretto-18.0.2/lib/libnio.so
7d558d012000-7d558d013000 rw-p 00012000 08:03 552681                     /home/winds/.jdks/corretto-18.0.2/lib/libnio.so
7d558d100000-7d558d104000 ---p 00000000 00:00 0 
7d558d104000-7d558d200000 rw-p 00000000 00:00 0 
7d558d200000-7d558d21a000 r-xp 00000000 08:03 552683                     /home/winds/.jdks/corretto-18.0.2/lib/libzip.so
7d558d21a000-7d558d41a000 ---p 0001a000 08:03 552683                     /home/winds/.jdks/corretto-18.0.2/lib/libzip.so
7d558d41a000-7d558d41b000 r--p 0001a000 08:03 552683                     /home/winds/.jdks/corretto-18.0.2/lib/libzip.so
7d558d41b000-7d558d41c000 rw-p 00000000 00:00 0 
7d558d440000-7d558d630000 rw-p 00000000 00:00 0 
7d558d630000-7d558f318000 ---p 00000000 00:00 0 
7d558f318000-7d558f510000 rw-p 00000000 00:00 0 
7d558f510000-7d55911f8000 ---p 00000000 00:00 0 
7d55911f8000-7d5591200000 rw-p 00000000 00:00 0 
7d5591200000-7d5591470000 rwxp 00000000 00:00 0 
7d5591470000-7d5591791000 ---p 00000000 00:00 0 
7d5591791000-7d5591a01000 rwxp 00000000 00:00 0 
7d5591a01000-7d5598cc8000 ---p 00000000 00:00 0 
7d5598cc8000-7d5598f38000 rwxp 00000000 00:00 0 
7d5598f38000-7d55a0200000 ---p 00000000 00:00 0 
7d55a0200000-7d55a7e4a000 r--s 00000000 08:03 552670                     /home/winds/.jdks/corretto-18.0.2/lib/modules
7d55a7f00000-7d55a7f04000 ---p 00000000 00:00 0 
7d55a7f04000-7d55a8000000 rw-p 00000000 00:00 0 
7d55a8000000-7d55a83ee000 rw-p 00000000 00:00 0 
7d55a83ee000-7d55ac000000 ---p 00000000 00:00 0 
7d55ac000000-7d55ac004000 ---p 00000000 00:00 0 
7d55ac004000-7d55ac100000 rw-p 00000000 00:00 0 
7d55ac100000-7d55ac104000 ---p 00000000 00:00 0 
7d55ac104000-7d55ac200000 rw-p 00000000 00:00 0 
7d55ac200000-7d55ac204000 ---p 00000000 00:00 0 
7d55ac204000-7d55ac300000 rw-p 00000000 00:00 0 
7d55ac300000-7d55ac304000 ---p 00000000 00:00 0 
7d55ac304000-7d55ac400000 rw-p 00000000 00:00 0 
7d55ac400000-7d55ac404000 ---p 00000000 00:00 0 
7d55ac404000-7d55ac500000 rw-p 00000000 00:00 0 
7d55ac500000-7d55ac504000 ---p 00000000 00:00 0 
7d55ac504000-7d55ac600000 rw-p 00000000 00:00 0 
7d55ac600000-7d55aced0000 r--p 00000000 08:03 684491                     /usr/lib/locale/locale-archive
7d55acefe000-7d55acf02000 ---p 00000000 00:00 0 
7d55acf02000-7d55acffe000 rw-p 00000000 00:00 0 
7d55acffe000-7d55ad002000 ---p 00000000 00:00 0 
7d55ad002000-7d55ad0fe000 rw-p 00000000 00:00 0 
7d55ad0fe000-7d55ad0ff000 ---p 00000000 00:00 0 
7d55ad0ff000-7d55ad200000 rw-p 00000000 00:00 0 
7d55ad200000-7d55ad2ce000 r-xp 00000000 08:03 552721                     /home/winds/.jdks/corretto-18.0.2/lib/libjsvml.so
7d55ad2ce000-7d55ad4cd000 ---p 000ce000 08:03 552721                     /home/winds/.jdks/corretto-18.0.2/lib/libjsvml.so
7d55ad4cd000-7d55ad4ce000 r--p 000cd000 08:03 552721                     /home/winds/.jdks/corretto-18.0.2/lib/libjsvml.so
7d55ad4ce000-7d55ad4cf000 rw-p 000ce000 08:03 552721                     /home/winds/.jdks/corretto-18.0.2/lib/libjsvml.so
7d55ad55c000-7d55ad55d000 ---p 00000000 00:00 0 
7d55ad55d000-7d55ad65e000 rw-p 00000000 00:00 0 
7d55ad65e000-7d55ad65f000 ---p 00000000 00:00 0 
7d55ad65f000-7d55adb64000 rw-p 00000000 00:00 0 
7d55adb64000-7d55adb65000 ---p 00000000 00:00 0 
7d55adb65000-7d55adc66000 rw-p 00000000 00:00 0 
7d55adc66000-7d55adc67000 ---p 00000000 00:00 0 
7d55adc67000-7d55add68000 rw-p 00000000 00:00 0 
7d55add68000-7d55add69000 ---p 00000000 00:00 0 
7d55add69000-7d55adea8000 rw-p 00000000 00:00 0 
7d55adea8000-7d55ae245000 ---p 00000000 00:00 0 
7d55ae245000-7d55ae284000 rw-p 00000000 00:00 0 
7d55ae284000-7d55ae621000 ---p 00000000 00:00 0 
7d55ae621000-7d55ae660000 rw-p 00000000 00:00 0 
7d55ae660000-7d55ae9fd000 ---p 00000000 00:00 0 
7d55ae9fd000-7d55aec00000 rw-p 00000000 00:00 0 
7d55aec00000-7d55aec24000 r-xp 00000000 08:03 552676                     /home/winds/.jdks/corretto-18.0.2/lib/libjava.so
7d55aec24000-7d55aee24000 ---p 00024000 08:03 552676                     /home/winds/.jdks/corretto-18.0.2/lib/libjava.so
7d55aee24000-7d55aee25000 r--p 00024000 08:03 552676                     /home/winds/.jdks/corretto-18.0.2/lib/libjava.so
7d55aee25000-7d55aee26000 rw-p 00025000 08:03 552676                     /home/winds/.jdks/corretto-18.0.2/lib/libjava.so
7d55aee26000-7d55aee27000 rw-p 00000000 00:00 0 
7d55aeeff000-7d55af000000 rw-p 00000000 00:00 0 
7d55af000000-7d55af00a000 r-xp 00000000 08:03 552710                     /home/winds/.jdks/corretto-18.0.2/lib/libinstrument.so
7d55af00a000-7d55af209000 ---p 0000a000 08:03 552710                     /home/winds/.jdks/corretto-18.0.2/lib/libinstrument.so
7d55af209000-7d55af20a000 r--p 00009000 08:03 552710                     /home/winds/.jdks/corretto-18.0.2/lib/libinstrument.so
7d55af20a000-7d55af20b000 rw-p 0000a000 08:03 552710                     /home/winds/.jdks/corretto-18.0.2/lib/libinstrument.so
7d55af2ec000-7d55af2f3000 r--p 00000000 08:03 846527                     /home/winds/.javacpp/cache/llvm-13.0.1-1.5.7-linux-x86_64.jar/org/bytedeco/llvm/linux-x86_64/libLTO.so.13
7d55af2f3000-7d55af2fb000 r-xp 00007000 08:03 846527                     /home/winds/.javacpp/cache/llvm-13.0.1-1.5.7-linux-x86_64.jar/org/bytedeco/llvm/linux-x86_64/libLTO.so.13
7d55af2fb000-7d55af2fd000 r--p 0000f000 08:03 846527                     /home/winds/.javacpp/cache/llvm-13.0.1-1.5.7-linux-x86_64.jar/org/bytedeco/llvm/linux-x86_64/libLTO.so.13
7d55af2fd000-7d55af2fe000 r--p 00010000 08:03 846527                     /home/winds/.javacpp/cache/llvm-13.0.1-1.5.7-linux-x86_64.jar/org/bytedeco/llvm/linux-x86_64/libLTO.so.13
7d55af2fe000-7d55af2ff000 rw-p 00011000 08:03 846527                     /home/winds/.javacpp/cache/llvm-13.0.1-1.5.7-linux-x86_64.jar/org/bytedeco/llvm/linux-x86_64/libLTO.so.13
7d55af2ff000-7d55af400000 rw-p 00000000 00:00 0 
7d55af400000-7d55af41b000 r-xp 00000000 08:03 552677                     /home/winds/.jdks/corretto-18.0.2/lib/libjimage.so
7d55af41b000-7d55af61a000 ---p 0001b000 08:03 552677                     /home/winds/.jdks/corretto-18.0.2/lib/libjimage.so
7d55af61a000-7d55af61c000 r--p 0001a000 08:03 552677                     /home/winds/.jdks/corretto-18.0.2/lib/libjimage.so
7d55af61c000-7d55af61d000 rw-p 0001c000 08:03 552677                     /home/winds/.jdks/corretto-18.0.2/lib/libjimage.so
7d55af62a000-7d55af62f000 rw-p 00000000 00:00 0 
7d55af62f000-7d55af715000 ---p 00000000 00:00 0 
7d55af715000-7d55af71a000 rw-p 00000000 00:00 0 
7d55af71a000-7d55af800000 ---p 00000000 00:00 0 
7d55af800000-7d55b0ac7000 r-xp 00000000 08:03 552691                     /home/winds/.jdks/corretto-18.0.2/lib/server/libjvm.so
7d55b0ac7000-7d55b0cc7000 ---p 012c7000 08:03 552691                     /home/winds/.jdks/corretto-18.0.2/lib/server/libjvm.so
7d55b0cc7000-7d55b0d89000 r--p 012c7000 08:03 552691                     /home/winds/.jdks/corretto-18.0.2/lib/server/libjvm.so
7d55b0d89000-7d55b0dbe000 rw-p 01389000 08:03 552691                     /home/winds/.jdks/corretto-18.0.2/lib/server/libjvm.so
7d55b0dbe000-7d55b0e19000 rw-p 00000000 00:00 0 
7d55b0e20000-7d55b0e22000 r--p 00000000 08:03 656223                     /usr/lib/x86_64-linux-gnu/libz.so.1.2.11
7d55b0e22000-7d55b0e33000 r-xp 00002000 08:03 656223                     /usr/lib/x86_64-linux-gnu/libz.so.1.2.11
7d55b0e33000-7d55b0e39000 r--p 00013000 08:03 656223                     /usr/lib/x86_64-linux-gnu/libz.so.1.2.11
7d55b0e39000-7d55b0e3a000 ---p 00019000 08:03 656223                     /usr/lib/x86_64-linux-gnu/libz.so.1.2.11
7d55b0e3a000-7d55b0e3b000 r--p 00019000 08:03 656223                     /usr/lib/x86_64-linux-gnu/libz.so.1.2.11
7d55b0e3b000-7d55b0e3c000 rw-p 0001a000 08:03 656223                     /usr/lib/x86_64-linux-gnu/libz.so.1.2.11
7d55b0e3c000-7d55b0e3f000 r--p 00000000 08:03 665506                     /usr/lib/x86_64-linux-gnu/libgcc_s.so.1
7d55b0e3f000-7d55b0e56000 r-xp 00003000 08:03 665506                     /usr/lib/x86_64-linux-gnu/libgcc_s.so.1
7d55b0e56000-7d55b0e5a000 r--p 0001a000 08:03 665506                     /usr/lib/x86_64-linux-gnu/libgcc_s.so.1
7d55b0e5a000-7d55b0e5b000 r--p 0001d000 08:03 665506                     /usr/lib/x86_64-linux-gnu/libgcc_s.so.1
7d55b0e5b000-7d55b0e5c000 rw-p 0001e000 08:03 665506                     /usr/lib/x86_64-linux-gnu/libgcc_s.so.1
7d55b0e6e000-7d55b0e72000 r--p 00000000 08:03 846525                     /home/winds/.javacpp/cache/javacpp-1.5.7-linux-x86_64.jar/org/bytedeco/javacpp/linux-x86_64/libjnijavacpp.so
7d55b0e72000-7d55b0e79000 r-xp 00004000 08:03 846525                     /home/winds/.javacpp/cache/javacpp-1.5.7-linux-x86_64.jar/org/bytedeco/javacpp/linux-x86_64/libjnijavacpp.so
7d55b0e79000-7d55b0e7d000 r--p 0000b000 08:03 846525                     /home/winds/.javacpp/cache/javacpp-1.5.7-linux-x86_64.jar/org/bytedeco/javacpp/linux-x86_64/libjnijavacpp.so
7d55b0e7d000-7d55b0e7e000 r--p 0000e000 08:03 846525                     /home/winds/.javacpp/cache/javacpp-1.5.7-linux-x86_64.jar/org/bytedeco/javacpp/linux-x86_64/libjnijavacpp.so
7d55b0e7e000-7d55b0e7f000 rw-p 0000f000 08:03 846525                     /home/winds/.javacpp/cache/javacpp-1.5.7-linux-x86_64.jar/org/bytedeco/javacpp/linux-x86_64/libjnijavacpp.so
7d55b0e7f000-7d55b0f00000 rw-p 00000000 00:00 0 
7d55b0f00000-7d55b0f04000 ---p 00000000 00:00 0 
7d55b0f04000-7d55b1000000 rw-p 00000000 00:00 0 
7d55b1000000-7d55b1028000 r--p 00000000 08:03 657677                     /usr/lib/x86_64-linux-gnu/libc.so.6
7d55b1028000-7d55b11bd000 r-xp 00028000 08:03 657677                     /usr/lib/x86_64-linux-gnu/libc.so.6
7d55b11bd000-7d55b1215000 r--p 001bd000 08:03 657677                     /usr/lib/x86_64-linux-gnu/libc.so.6
7d55b1215000-7d55b1216000 ---p 00215000 08:03 657677                     /usr/lib/x86_64-linux-gnu/libc.so.6
7d55b1216000-7d55b121a000 r--p 00215000 08:03 657677                     /usr/lib/x86_64-linux-gnu/libc.so.6
7d55b121a000-7d55b121c000 rw-p 00219000 08:03 657677                     /usr/lib/x86_64-linux-gnu/libc.so.6
7d55b121c000-7d55b1229000 rw-p 00000000 00:00 0 
7d55b122f000-7d55b1312000 rw-p 00000000 00:00 0 
7d55b1312000-7d55b1319000 ---p 00000000 00:00 0 
7d55b1319000-7d55b1327000 r--p 00000000 08:03 657683                     /usr/lib/x86_64-linux-gnu/libm.so.6
7d55b1327000-7d55b13a3000 r-xp 0000e000 08:03 657683                     /usr/lib/x86_64-linux-gnu/libm.so.6
7d55b13a3000-7d55b13fe000 r--p 0008a000 08:03 657683                     /usr/lib/x86_64-linux-gnu/libm.so.6
7d55b13fe000-7d55b13ff000 r--p 000e4000 08:03 657683                     /usr/lib/x86_64-linux-gnu/libm.so.6
7d55b13ff000-7d55b1400000 rw-p 000e5000 08:03 657683                     /usr/lib/x86_64-linux-gnu/libm.so.6
7d55b1400000-7d55b1419000 r-xp 00000000 08:03 552678                     /home/winds/.jdks/corretto-18.0.2/lib/libjli.so
7d55b1419000-7d55b1618000 ---p 00019000 08:03 552678                     /home/winds/.jdks/corretto-18.0.2/lib/libjli.so
7d55b1618000-7d55b1619000 r--p 00018000 08:03 552678                     /home/winds/.jdks/corretto-18.0.2/lib/libjli.so
7d55b1619000-7d55b161a000 rw-p 00019000 08:03 552678                     /home/winds/.jdks/corretto-18.0.2/lib/libjli.so
7d55b161c000-7d55b1623000 r--s 00000000 08:03 989561                     /usr/lib/x86_64-linux-gnu/gconv/gconv-modules.cache
7d55b1623000-7d55b1624000 r--p 00000000 08:03 657695                     /usr/lib/x86_64-linux-gnu/librt.so.1
7d55b1624000-7d55b1625000 r-xp 00001000 08:03 657695                     /usr/lib/x86_64-linux-gnu/librt.so.1
7d55b1625000-7d55b1626000 r--p 00002000 08:03 657695                     /usr/lib/x86_64-linux-gnu/librt.so.1
7d55b1626000-7d55b1627000 r--p 00002000 08:03 657695                     /usr/lib/x86_64-linux-gnu/librt.so.1
7d55b1627000-7d55b1628000 rw-p 00003000 08:03 657695                     /usr/lib/x86_64-linux-gnu/librt.so.1
7d55b1628000-7d55b162a000 rw-p 00000000 00:00 0 
7d55b162a000-7d55b162b000 r--p 00000000 08:03 657681                     /usr/lib/x86_64-linux-gnu/libdl.so.2
7d55b162b000-7d55b162c000 r-xp 00001000 08:03 657681                     /usr/lib/x86_64-linux-gnu/libdl.so.2
7d55b162c000-7d55b162d000 r--p 00002000 08:03 657681                     /usr/lib/x86_64-linux-gnu/libdl.so.2
7d55b162d000-7d55b162e000 r--p 00002000 08:03 657681                     /usr/lib/x86_64-linux-gnu/libdl.so.2
7d55b162e000-7d55b162f000 rw-p 00003000 08:03 657681                     /usr/lib/x86_64-linux-gnu/libdl.so.2
7d55b162f000-7d55b1630000 r--p 00000000 08:03 657693                     /usr/lib/x86_64-linux-gnu/libpthread.so.0
7d55b1630000-7d55b1631000 r-xp 00001000 08:03 657693                     /usr/lib/x86_64-linux-gnu/libpthread.so.0
7d55b1631000-7d55b1632000 r--p 00002000 08:03 657693                     /usr/lib/x86_64-linux-gnu/libpthread.so.0
7d55b1632000-7d55b1633000 r--p 00002000 08:03 657693                     /usr/lib/x86_64-linux-gnu/libpthread.so.0
7d55b1633000-7d55b1634000 rw-p 00003000 08:03 657693                     /usr/lib/x86_64-linux-gnu/libpthread.so.0
7d55b1637000-7d55b1638000 r--p 00000000 08:03 846529                     /home/winds/.javacpp/cache/llvm-13.0.1-1.5.7-linux-x86_64.jar/org/bytedeco/llvm/linux-x86_64/libRemarks.so.13
7d55b1638000-7d55b1639000 r-xp 00001000 08:03 846529                     /home/winds/.javacpp/cache/llvm-13.0.1-1.5.7-linux-x86_64.jar/org/bytedeco/llvm/linux-x86_64/libRemarks.so.13
7d55b1639000-7d55b163a000 r--p 00002000 08:03 846529                     /home/winds/.javacpp/cache/llvm-13.0.1-1.5.7-linux-x86_64.jar/org/bytedeco/llvm/linux-x86_64/libRemarks.so.13
7d55b163a000-7d55b163b000 r--p 00002000 08:03 846529                     /home/winds/.javacpp/cache/llvm-13.0.1-1.5.7-linux-x86_64.jar/org/bytedeco/llvm/linux-x86_64/libRemarks.so.13
7d55b163b000-7d55b163c000 rw-p 00003000 08:03 846529                     /home/winds/.javacpp/cache/llvm-13.0.1-1.5.7-linux-x86_64.jar/org/bytedeco/llvm/linux-x86_64/libRemarks.so.13
7d55b163c000-7d55b1644000 rw-s 00000000 08:03 393696                     /tmp/hsperfdata_winds/3891
7d55b1644000-7d55b1645000 ---p 00000000 00:00 0 
7d55b1645000-7d55b1646000 r--p 00000000 00:00 0 
7d55b1646000-7d55b1648000 rw-p 00000000 00:00 0 
7d55b1648000-7d55b164a000 r--p 00000000 08:03 657671                     /usr/lib/x86_64-linux-gnu/ld-linux-x86-64.so.2
7d55b164a000-7d55b1674000 r-xp 00002000 08:03 657671                     /usr/lib/x86_64-linux-gnu/ld-linux-x86-64.so.2
7d55b1674000-7d55b167f000 r--p 0002c000 08:03 657671                     /usr/lib/x86_64-linux-gnu/ld-linux-x86-64.so.2
7d55b167f000-7d55b1680000 ---p 00000000 00:00 0 
7d55b1680000-7d55b1682000 r--p 00037000 08:03 657671                     /usr/lib/x86_64-linux-gnu/ld-linux-x86-64.so.2
7d55b1682000-7d55b1684000 rw-p 00039000 08:03 657671                     /usr/lib/x86_64-linux-gnu/ld-linux-x86-64.so.2
7ffc71890000-7ffc718b1000 rw-p 00000000 00:00 0                          [stack]
7ffc71980000-7ffc71984000 r--p 00000000 00:00 0                          [vvar]
7ffc71984000-7ffc71986000 r-xp 00000000 00:00 0                          [vdso]
ffffffffff600000-ffffffffff601000 --xp 00000000 00:00 0                  [vsyscall]


VM Arguments:
jvm_args: -javaagent:/usr/local/bin/idea-IU-233.13135.103/lib/idea_rt.jar=40775:/usr/local/bin/idea-IU-233.13135.103/bin -Dfile.encoding=UTF-8 -Dsun.stdout.encoding=UTF-8 -Dsun.stderr.encoding=UTF-8 
java_command: Main tests/LLVMtest/globalTest.txt tests/tmp
java_class_path (initial): /home/winds/Documents/Compiler/production/Lab:/usr/local/lib/antlr-4.9.1-complete.jar:/usr/local/lib/javacpp-1.5.7-linux-x86_64.jar:/usr/local/lib/javacpp-1.5.7.jar:/usr/local/lib/llvm-13.0.1-1.5.7-linux-x86_64.jar:/usr/local/lib/llvm-13.0.1-1.5.7.jar:/usr/local/lib/llvm-platform-13.0.1-1.5.7.jar
Launcher Type: SUN_STANDARD

[Global flags]
     intx CICompilerCount                          = 3                                         {product} {ergonomic}
     uint ConcGCThreads                            = 1                                         {product} {ergonomic}
     uint G1ConcRefinementThreads                  = 4                                         {product} {ergonomic}
   size_t G1HeapRegionSize                         = 1048576                                   {product} {ergonomic}
    uintx GCDrainStackTargetSize                   = 64                                        {product} {ergonomic}
   size_t InitialHeapSize                          = 130023424                                 {product} {ergonomic}
   size_t MarkStackSize                            = 4194304                                   {product} {ergonomic}
   size_t MaxHeapSize                              = 2071986176                                {product} {ergonomic}
   size_t MaxNewSize                               = 1242562560                                {product} {ergonomic}
   size_t MinHeapDeltaBytes                        = 1048576                                   {product} {ergonomic}
   size_t MinHeapSize                              = 8388608                                   {product} {ergonomic}
    uintx NonNMethodCodeHeapSize                   = 5832780                                {pd product} {ergonomic}
    uintx NonProfiledCodeHeapSize                  = 122912730                              {pd product} {ergonomic}
    uintx ProfiledCodeHeapSize                     = 122912730                              {pd product} {ergonomic}
    uintx ReservedCodeCacheSize                    = 251658240                              {pd product} {ergonomic}
     bool SegmentedCodeCache                       = true                                      {product} {ergonomic}
   size_t SoftMaxHeapSize                          = 2071986176                             {manageable} {ergonomic}
     bool UseCompressedClassPointers               = true                           {product lp64_product} {ergonomic}
     bool UseCompressedOops                        = true                           {product lp64_product} {ergonomic}
     bool UseG1GC                                  = true                                      {product} {ergonomic}

Logging:
Log output configuration:
 #0: stdout all=warning uptime,level,tags foldmultilines=false
 #1: stderr all=off uptime,level,tags foldmultilines=false

Environment Variables:
PATH=/home/winds/.local/bin:/usr/local/lib/node/nodejs/bin:/usr/local/sbin:/usr/local/bin:/usr/sbin:/usr/bin:/sbin:/bin:/usr/games:/usr/local/games:/snap/bin:/snap/bin
USERNAME=winds
SHELL=/bin/bash
DISPLAY=:0
LANG=en_GB.UTF-8

Signal Handlers:
   SIGSEGV: crash_handler in libjvm.so, mask=11100100010111111101111111111110, flags=SA_RESTART|SA_SIGINFO
    SIGBUS: crash_handler in libjvm.so, mask=11100100010111111101111111111110, flags=SA_RESTART|SA_SIGINFO
    SIGFPE: crash_handler in libjvm.so, mask=11100100010111111101111111111110, flags=SA_RESTART|SA_SIGINFO
   SIGPIPE: javaSignalHandler in libjvm.so, mask=11100100010111111101111111111110, flags=SA_RESTART|SA_SIGINFO
   SIGXFSZ: javaSignalHandler in libjvm.so, mask=11100100010111111101111111111110, flags=SA_RESTART|SA_SIGINFO
    SIGILL: crash_handler in libjvm.so, mask=11100100010111111101111111111110, flags=SA_RESTART|SA_SIGINFO
   SIGUSR2: SR_handler in libjvm.so, mask=00100000000000000000000000000000, flags=SA_RESTART|SA_SIGINFO
    SIGHUP: UserHandler in libjvm.so, mask=11100100010111111101111111111110, flags=SA_RESTART|SA_SIGINFO
    SIGINT: UserHandler in libjvm.so, mask=11100100010111111101111111111110, flags=SA_RESTART|SA_SIGINFO
   SIGTERM: UserHandler in libjvm.so, mask=11100100010111111101111111111110, flags=SA_RESTART|SA_SIGINFO
   SIGQUIT: UserHandler in libjvm.so, mask=11100100010111111101111111111110, flags=SA_RESTART|SA_SIGINFO
   SIGTRAP: crash_handler in libjvm.so, mask=11100100010111111101111111111110, flags=SA_RESTART|SA_SIGINFO


---------------  S Y S T E M  ---------------

OS:
DISTRIB_ID=Kylin
DISTRIB_RELEASE=V10
DISTRIB_CODENAME=kylin
DISTRIB_DESCRIPTION="Kylin V10 SP1"
DISTRIB_KYLIN_RELEASE=V10
DISTRIB_VERSION_TYPE=enterprise
DISTRIB_VERSION_MODE=normal
uname: Linux 6.5.0-28-generic #29~22.04.1-Ubuntu SMP PREEMPT_DYNAMIC Thu Apr  4 14:39:20 UTC 2 x86_64
OS uptime: 0 days 0:08 hours
libc: glibc 2.35 NPTL 2.35 
rlimit (soft/hard): STACK 8192k/infinity , CORE 0k/infinity , NPROC 31288/31288 , NOFILE 1048576/1048576 , AS infinity/infinity , CPU infinity/infinity , DATA infinity/infinity , FSIZE infinity/infinity , MEMLOCK 1010772k/1010772k
load average: 2,00 1,59 0,89

/proc/meminfo:
MemTotal:        8086196 kB
MemFree:          863392 kB
MemAvailable:    3569452 kB
Buffers:          131368 kB
Cached:          2747684 kB
SwapCached:            0 kB
Active:          5648728 kB
Inactive:         884520 kB
Active(anon):    3678088 kB
Inactive(anon):        0 kB
Active(file):    1970640 kB
Inactive(file):   884520 kB
Unevictable:           0 kB
Mlocked:               0 kB
SwapTotal:       3297276 kB
SwapFree:        3297276 kB
Zswap:                 0 kB
Zswapped:              0 kB
Dirty:              3220 kB
Writeback:             0 kB
AnonPages:       3654256 kB
Mapped:          1312900 kB
Shmem:             23892 kB
KReclaimable:     143344 kB
Slab:             295820 kB
SReclaimable:     143344 kB
SUnreclaim:       152476 kB
KernelStack:       17424 kB
PageTables:        32028 kB
SecPageTables:         0 kB
NFS_Unstable:          0 kB
Bounce:                0 kB
WritebackTmp:          0 kB
CommitLimit:     7340372 kB
Committed_AS:    7252428 kB
VmallocTotal:   34359738367 kB
VmallocUsed:       41428 kB
VmallocChunk:          0 kB
Percpu:            99328 kB
HardwareCorrupted:     0 kB
AnonHugePages:         0 kB
ShmemHugePages:        0 kB
ShmemPmdMapped:        0 kB
FileHugePages:         0 kB
FilePmdMapped:         0 kB
Unaccepted:            0 kB
HugePages_Total:       0
HugePages_Free:        0
HugePages_Rsvd:        0
HugePages_Surp:        0
Hugepagesize:       2048 kB
Hugetlb:               0 kB
DirectMap4k:      206656 kB
DirectMap2M:     2938880 kB
DirectMap1G:     7340032 kB

/sys/kernel/mm/transparent_hugepage/enabled: always [madvise] never
/sys/kernel/mm/transparent_hugepage/defrag (defrag/compaction efforts parameter): always defer defer+madvise [madvise] never

Process Memory:
Virtual Size: 5146500K (peak: 5146500K)
Resident Set Size: 99128K (peak: 99128K) (anon: 40760K, file: 58368K, shmem: 0K)
Swapped out: 0K
C-Heap outstanding allocations: 24085K, retained: 2574K

/proc/sys/kernel/threads-max (system-wide limit on the number of threads): 62576
/proc/sys/vm/max_map_count (maximum number of memory map areas a process may have): 65530
/proc/sys/kernel/pid_max (system-wide limit on number of process identifiers): 4194304

container (cgroup) information:
container_type: cgroupv2
cpu_cpuset_cpus: not supported
cpu_memory_nodes: not supported
active_processor_count: 4
cpu_quota: not supported
cpu_period: not supported
cpu_shares: not supported
memory_limit_in_bytes: unlimited
memory_and_swap_limit_in_bytes: unlimited
memory_soft_limit_in_bytes: unlimited
memory_usage_in_bytes: 3609436160
memory_max_usage_in_bytes: not supported
maximum number of tasks: 9386
current number of tasks: 146

VMWare virtualization detected
Steal ticks since vm start: 0
Steal ticks percentage since vm start:  0,000

CPU: total 4 (initial active 4) (1 cores per cpu, 1 threads per core) family 25 model 116 stepping 1 microcode 0x0, cx8, cmov, fxsr, mmx, 3dnowpref, sse, sse2, sse3, ssse3, sse4a, sse4.1, sse4.2, popcnt, lzcnt, tsc, tscinvbit, avx, avx2, aes, erms, clmul, bmi1, bmi2, adx, avx512f, avx512dq, avx512cd, avx512bw, avx512vl, sha, fma, vzeroupper, avx512_vpopcntdq, avx512_vpclmulqdq, avx512_vaes, avx512_vnni, clflush, clflushopt, avx512_vbmi2, avx512_vbmi, hv
CPU Model and flags from /proc/cpuinfo:
model name	: AMD Ryzen 7 7840H with Radeon 780M Graphics
flags		: fpu vme de pse tsc msr pae mce cx8 apic sep mtrr pge mca cmov pat pse36 clflush mmx fxsr sse sse2 syscall nx mmxext fxsr_opt pdpe1gb rdtscp lm constant_tsc rep_good nopl tsc_reliable nonstop_tsc cpuid extd_apicid tsc_known_freq pni pclmulqdq ssse3 fma cx16 sse4_1 sse4_2 x2apic movbe popcnt aes xsave avx f16c rdrand hypervisor lahf_lm svm extapic cr8_legacy abm sse4a misalignsse 3dnowprefetch osvw topoext ibpb vmmcall fsgsbase bmi1 avx2 smep bmi2 erms invpcid avx512f avx512dq rdseed adx smap avx512ifma clflushopt clwb avx512cd sha_ni avx512bw avx512vl xsaveopt xsavec xgetbv1 xsaves avx512_bf16 clzero wbnoinvd arat npt svm_lock nrip_save vmcb_clean flushbyasid decodeassists avx512vbmi umip pku ospke avx512_vbmi2 gfni vaes vpclmulqdq avx512_vnni avx512_bitalg avx512_vpopcntdq rdpid overflow_recov succor flush_l1d

Online cpus: 0-3
Offline cpus: 4-127
BIOS frequency limitation: <Not Available>
Frequency switch latency (ns): <Not Available>
Available cpu frequencies: <Not Available>
Current governor: <Not Available>
Core performance/turbo boost: <Not Available>

Memory: 4k page, physical 8086196k(863392k free), swap 3297276k(3297276k free)
Page Sizes: 4k

vm_info: OpenJDK 64-Bit Server VM (18.0.2+9-FR) for linux-amd64 JRE (18.0.2+9-FR), built on Jul 15 2022 19:39:41 by "jenkins" with gcc 7.3.1 20180303 (Red Hat 7.3.1-5)

END.
