#
# A fatal error has been detected by the Java Runtime Environment:
#
#  SIGSEGV (0xb) at pc=0x000078f9e5fede80, pid=6404, tid=6405
#
# JRE version: OpenJDK Runtime Environment Corretto-18.0.2.9.1 (18.0.2+9) (build 18.0.2+9-FR)
# Java VM: OpenJDK 64-Bit Server VM Corretto-18.0.2.9.1 (18.0.2+9-FR, mixed mode, sharing, tiered, compressed oops, compressed class ptrs, g1 gc, linux-amd64)
# Problematic frame:
# C  [libLLVM-13.so+0xbede80]  llvm::BasicBlock::getModule() const+0x0
#
# Core dump will be written. Default location: Core dumps may be processed with "/usr/share/apport/apport -p%p -s%s -c%c -d%d -P%P -u%u -g%g -- %E" (or dumping to /home/winds/Documents/Compiler/Lab/core.6404)
#
# If you would like to submit a bug report, please visit:
#   https://github.com/corretto/corretto-18/issues/
# The crash happened outside the Java Virtual Machine in native code.
# See problematic frame for where to report the bug.
#

---------------  S U M M A R Y ------------

Command Line: -agentlib:jdwp=transport=dt_socket,address=127.0.0.1:59305,suspend=y,server=n -javaagent:/usr/local/bin/idea-IU-233.13135.103/plugins/java/lib/rt/debugger-agent.jar -Dfile.encoding=UTF-8 -Dsun.stdout.encoding=UTF-8 -Dsun.stderr.encoding=UTF-8 Main tests/LLVMtest/globalVarDef.txt

Host: AMD Ryzen 7 7840H with Radeon 780M Graphics, 4 cores, 7G, Kylin V10 SP1
Time: Tue May 14 19:55:09 2024 +08 elapsed time: 5.261484 seconds (0d 0h 0m 5s)

---------------  T H R E A D  ---------------

Current thread (0x000078fa6802a050):  JavaThread "main" [_thread_in_native, id=6405, stack(0x000078fa6df00000,0x000078fa6e000000)]

Stack: [0x000078fa6df00000,0x000078fa6e000000],  sp=0x000078fa6dffe1a8,  free space=1016k
Native frames: (J=compiled Java code, j=interpreted, Vv=VM code, C=native code)
C  [libLLVM-13.so+0xbede80]  llvm::BasicBlock::getModule() const+0x0

Java frames: (J=compiled Java code, j=interpreted, Vv=VM code)
j  org.bytedeco.llvm.global.LLVM.LLVMBuildAlloca(Lorg/bytedeco/llvm/LLVM/LLVMBuilderRef;Lorg/bytedeco/llvm/LLVM/LLVMTypeRef;Ljava/lang/String;)Lorg/bytedeco/llvm/LLVM/LLVMValueRef;+0
j  LLVMVistor.visitVarDecl(LSysYParser$VarDeclContext;)Lorg/bytedeco/llvm/LLVM/LLVMValueRef;+69
j  LLVMVistor.visitVarDecl(LSysYParser$VarDeclContext;)Ljava/lang/Object;+2
j  SysYParser$VarDeclContext.accept(Lorg/antlr/v4/runtime/tree/ParseTreeVisitor;)Ljava/lang/Object;+12
j  org.antlr.v4.runtime.tree.AbstractParseTreeVisitor.visitChildren(Lorg/antlr/v4/runtime/tree/RuleNode;)Ljava/lang/Object;+46
j  SysYParserBaseVisitor.visitDecl(LSysYParser$DeclContext;)Ljava/lang/Object;+2
j  SysYParser$DeclContext.accept(Lorg/antlr/v4/runtime/tree/ParseTreeVisitor;)Ljava/lang/Object;+12
j  org.antlr.v4.runtime.tree.AbstractParseTreeVisitor.visitChildren(Lorg/antlr/v4/runtime/tree/RuleNode;)Ljava/lang/Object;+46
j  SysYParserBaseVisitor.visitCompUnit(LSysYParser$CompUnitContext;)Ljava/lang/Object;+2
j  SysYParser$CompUnitContext.accept(Lorg/antlr/v4/runtime/tree/ParseTreeVisitor;)Ljava/lang/Object;+12
j  org.antlr.v4.runtime.tree.AbstractParseTreeVisitor.visitChildren(Lorg/antlr/v4/runtime/tree/RuleNode;)Ljava/lang/Object;+46
j  SysYParserBaseVisitor.visitProgram(LSysYParser$ProgramContext;)Ljava/lang/Object;+2
j  SysYParser$ProgramContext.accept(Lorg/antlr/v4/runtime/tree/ParseTreeVisitor;)Ljava/lang/Object;+12
j  org.antlr.v4.runtime.tree.AbstractParseTreeVisitor.visit(Lorg/antlr/v4/runtime/tree/ParseTree;)Ljava/lang/Object;+2
j  Main.main([Ljava/lang/String;)V+117
v  ~StubRoutines::call_stub

siginfo: si_signo: 11 (SIGSEGV), si_code: 1 (SEGV_MAPERR), si_addr: 0x0000000000000038

Register to memory mapping:

RAX=0x000078fa6838c130 points into unknown readable memory: 0x0000007261765f67 | 67 5f 76 61 72 00 00 00
RBX={method} {0x000078fa304f93b8} 'LLVMBuildAlloca' '(Lorg/bytedeco/llvm/LLVM/LLVMBuilderRef;Lorg/bytedeco/llvm/LLVM/LLVMTypeRef;Ljava/lang/String;)Lorg/bytedeco/llvm/LLVM/LLVMValueRef;' in 'org/bytedeco/llvm/global/LLVM'
RCX=0x0000000061765f67 is an unknown value
RDX=0x000078fa6838c130 points into unknown readable memory: 0x0000007261765f67 | 67 5f 76 61 72 00 00 00
RSP=0x000078fa6dffe1a8 is pointing into the stack for thread: 0x000078fa6802a050
RBP=0x000078fa6836cc40 points into unknown readable memory: 0x000078fa6836cc50 | 50 cc 36 68 fa 78 00 00
RSI=0x0000000000000101 is an unknown value
RDI=0x0 is NULL
R8 =0x000078fa6838c130 points into unknown readable memory: 0x0000007261765f67 | 67 5f 76 61 72 00 00 00
R9 =0x0000000000000002 is an unknown value
R10=0x000078f9e54d98a0: <offset 0x00000000000d98a0> in /home/winds/.javacpp/cache/llvm-13.0.1-1.5.7-linux-x86_64.jar/org/bytedeco/llvm/linux-x86_64/libLLVM-13.so at 0x000078f9e5400000
R11=0x000078f9e602c610: LLVMBuildAlloca+0x0000000000000000 in /home/winds/.javacpp/cache/llvm-13.0.1-1.5.7-linux-x86_64.jar/org/bytedeco/llvm/linux-x86_64/libLLVM-13.so at 0x000078f9e5400000
R12=0x0 is NULL
R13=0x000078fa68401508 points into unknown readable memory: 0x000078fa68400d80 | 80 0d 40 68 fa 78 00 00
R14=0x000078fa6838c130 points into unknown readable memory: 0x0000007261765f67 | 67 5f 76 61 72 00 00 00
R15=0x000078fa6802a050 is a thread


Registers:
RAX=0x000078fa6838c130, RBX=0x000078fa304f93b8, RCX=0x0000000061765f67, RDX=0x000078fa6838c130
RSP=0x000078fa6dffe1a8, RBP=0x000078fa6836cc40, RSI=0x0000000000000101, RDI=0x0000000000000000
R8 =0x000078fa6838c130, R9 =0x0000000000000002, R10=0x000078f9e54d98a0, R11=0x000078f9e602c610
R12=0x0000000000000000, R13=0x000078fa68401508, R14=0x000078fa6838c130, R15=0x000078fa6802a050
RIP=0x000078f9e5fede80, EFLAGS=0x0000000000010202, CSGSFS=0x002b000000000033, ERR=0x0000000000000004
  TRAPNO=0x000000000000000e

Top of Stack: (sp=0x000078fa6dffe1a8)
0x000078fa6dffe1a8:   000078f9e602c645 000078fa6838c130
0x000078fa6dffe1b8:   0000000000000000 cafebabecafebabe
0x000078fa6dffe1c8:   0000000000000000 0000000000000103
0x000078fa6dffe1d8:   0000000000000000 0000000000000000 

Instructions: (pc=0x000078f9e5fede80)
0x000078f9e5fedd80:   ff 66 0f ef c0 48 89 02 48 89 50 08 41 0f 11 45
0x000078f9e5fedd90:   00 e8 5a 4b 17 00 4c 39 f3 75 c5 4d 8b 6c 24 30
0x000078f9e5fedda0:   4c 39 ed 74 3b 0f 1f 00 4c 89 eb 48 89 ef 4d 8b
0x000078f9e5feddb0:   6d 08 4c 8d 73 e8 4c 89 f6 e8 42 fd ff ff 48 8b
0x000078f9e5feddc0:   03 48 8b 53 08 66 0f ef c9 4c 89 f7 48 89 02 48
0x000078f9e5feddd0:   89 50 08 0f 11 0b e8 15 4b 17 00 4c 39 ed 75 c8
0x000078f9e5fedde0:   48 83 c4 08 4c 89 e7 5b 5d 41 5c 41 5d 41 5e 41
0x000078f9e5feddf0:   5f e9 fa 48 17 00 66 2e 0f 1f 84 00 00 00 00 00
0x000078f9e5fede00:   48 8d 4b e8 48 89 c8 48 29 d0 e9 11 ff ff ff 90
0x000078f9e5fede10:   48 8b 07 48 8b 38 e8 45 13 16 00 31 d2 be 01 00
0x000078f9e5fede20:   00 00 48 89 c7 e8 b6 2a 02 00 48 89 c3 49 8b 44
0x000078f9e5fede30:   24 08 48 85 c0 0f 84 a2 fe ff ff 0f 1f 44 00 00
0x000078f9e5fede40:   48 8b 68 18 31 d2 48 89 df 48 8b 75 00 e8 ae bc
0x000078f9e5fede50:   02 00 48 89 ef 48 89 c6 e8 63 65 17 00 48 89 ef
0x000078f9e5fede60:   e8 4b 81 02 00 49 8b 44 24 08 48 85 c0 75 d1 e9
0x000078f9e5fede70:   69 fe ff ff 66 2e 0f 1f 84 00 00 00 00 00 66 90
0x000078f9e5fede80:   48 8b 47 38 48 8b 40 28 c3 0f 1f 80 00 00 00 00
0x000078f9e5fede90:   48 8b 47 28 48 83 c7 28 48 39 f8 74 2b 48 85 c0
0x000078f9e5fedea0:   0f 84 9e 9d d3 ff 4c 8d 40 e8 0f b6 40 f8 83 e8
0x000078f9e5fedeb0:   1b 83 f8 0b b8 00 00 00 00 4c 0f 43 c0 4c 89 c0
0x000078f9e5fedec0:   c3 0f 1f 80 00 00 00 00 45 31 c0 eb f0 0f 1f 00
0x000078f9e5feded0:   48 8b 47 28 48 8d 57 28 48 39 d0 0f 84 af 00 00
0x000078f9e5fedee0:   00 48 85 c0 0f 84 64 9d d3 ff 45 31 c0 80 78 f8
0x000078f9e5fedef0:   1b 75 23 48 8b 57 30 48 8d 48 e8 48 85 d2 74 09
0x000078f9e5fedf00:   48 83 ea 18 48 39 d1 74 0d 48 8b 50 10 45 31 c0
0x000078f9e5fedf10:   48 39 42 30 75 0a 4c 89 c0 c3 66 0f 1f 44 00 00
0x000078f9e5fedf20:   4c 8b 00 4d 85 c0 74 ee 8b 50 fc 49 8d 48 e8 81
0x000078f9e5fedf30:   e2 ff ff ff 07 74 3e 89 d2 48 f7 da 48 c1 e2 05
0x000078f9e5fedf40:   48 8b 44 10 e8 48 85 c0 74 2b 48 39 c1 75 41 41
0x000078f9e5fedf50:   80 78 f8 4b 75 1f 49 8b 40 10 4c 39 40 30 74 30
0x000078f9e5fedf60:   49 8b 48 c8 4d 8b 00 4d 85 c0 74 aa 49 83 e8 18
0x000078f9e5fedf70:   4c 39 c1 75 1b 45 31 c0 80 79 10 52 75 98 0f b7 


Stack slot to memory mapping:
stack at sp + 0 slots: 0x000078f9e602c645: LLVMBuildAlloca+0x0000000000000035 in /home/winds/.javacpp/cache/llvm-13.0.1-1.5.7-linux-x86_64.jar/org/bytedeco/llvm/linux-x86_64/libLLVM-13.so at 0x000078f9e5400000
stack at sp + 1 slots: 0x000078fa6838c130 points into unknown readable memory: 0x0000007261765f67 | 67 5f 76 61 72 00 00 00
stack at sp + 2 slots: 0x0 is NULL
stack at sp + 3 slots: 0xcafebabecafebabe is an unknown value
stack at sp + 4 slots: 0x0 is NULL
stack at sp + 5 slots: 0x0000000000000103 is an unknown value
stack at sp + 6 slots: 0x0 is NULL
stack at sp + 7 slots: 0x0 is NULL


---------------  P R O C E S S  ---------------

Threads class SMR info:
_java_thread_list=0x000078fa682fdef0, length=15, elements={
0x000078fa6802a050, 0x000078fa68104250, 0x000078fa681056f0, 0x000078fa6810a560,
0x000078fa6810b810, 0x000078fa6810cc10, 0x000078fa6810e5b0, 0x000078fa6810fad0,
0x000078fa68110f30, 0x000078fa6811d5f0, 0x000078fa681691e0, 0x000078fa6816c5c0,
0x000078f9fc001130, 0x000078fa68184d50, 0x000078fa682fcf50
}

Java Threads: ( => current thread )
=>0x000078fa6802a050 JavaThread "main" [_thread_in_native, id=6405, stack(0x000078fa6df00000,0x000078fa6e000000)]
  0x000078fa68104250 JavaThread "Reference Handler" daemon [_thread_blocked, id=6419, stack(0x000078fa481fe000,0x000078fa482fe000)]
  0x000078fa681056f0 JavaThread "Finalizer" daemon [_thread_blocked, id=6420, stack(0x000078fa480fe000,0x000078fa481fe000)]
  0x000078fa6810a560 JavaThread "Signal Dispatcher" daemon [_thread_blocked, id=6423, stack(0x000078fa27f00000,0x000078fa28000000)]
  0x000078fa6810b810 JavaThread "Service Thread" daemon [_thread_blocked, id=6424, stack(0x000078fa27e00000,0x000078fa27f00000)]
  0x000078fa6810cc10 JavaThread "Monitor Deflation Thread" daemon [_thread_blocked, id=6425, stack(0x000078fa27d00000,0x000078fa27e00000)]
  0x000078fa6810e5b0 JavaThread "C2 CompilerThread0" daemon [_thread_blocked, id=6426, stack(0x000078fa27c00000,0x000078fa27d00000)]
  0x000078fa6810fad0 JavaThread "C1 CompilerThread0" daemon [_thread_blocked, id=6427, stack(0x000078fa27b00000,0x000078fa27c00000)]
  0x000078fa68110f30 JavaThread "Sweeper thread" daemon [_thread_blocked, id=6428, stack(0x000078fa27a00000,0x000078fa27b00000)]
  0x000078fa6811d5f0 JavaThread "Common-Cleaner" daemon [_thread_blocked, id=6432, stack(0x000078fa27900000,0x000078fa27a00000)]
  0x000078fa681691e0 JavaThread "JDWP Transport Listener: dt_socket" daemon [_thread_blocked, id=6433, stack(0x000078fa27500000,0x000078fa27600000)]
  0x000078fa6816c5c0 JavaThread "JDWP Event Helper Thread" daemon [_thread_blocked, id=6436, stack(0x000078fa27400000,0x000078fa27500000)]
  0x000078f9fc001130 JavaThread "JDWP Command Reader" daemon [_thread_in_native, id=6437, stack(0x000078fa27300000,0x000078fa27400000)]
  0x000078fa68184d50 JavaThread "Notification Thread" daemon [_thread_blocked, id=6439, stack(0x000078fa27200000,0x000078fa27300000)]
  0x000078fa682fcf50 JavaThread "JavaCPP Deallocator" daemon [_thread_blocked, id=6441, stack(0x000078fa26d00000,0x000078fa26e00000)]

Other Threads:
  0x000078fa681010d0 VMThread "VM Thread" [stack: 0x000078fa48300000,0x000078fa48400000] [id=6417]
  0x000078fa681772a0 WatcherThread "VM Periodic Task Thread" [stack: 0x000078fa27100000,0x000078fa27200000] [id=6440]
  0x000078fa68089780 WorkerThread "GC Thread#0" [stack: 0x000078fa67b00000,0x000078fa67c00000] [id=6409]
  0x000078fa6809a470 ConcurrentGCThread "G1 Main Marker" [stack: 0x000078fa5fd00000,0x000078fa5fe00000] [id=6410]
  0x000078fa6809b370 WorkerThread "G1 Conc#0" [stack: 0x000078fa5f900000,0x000078fa5fa00000] [id=6411]
  0x000078fa680d4fb0 ConcurrentGCThread "G1 Refine#0" [stack: 0x000078fa488ab000,0x000078fa489ab000] [id=6412]
  0x000078fa680d5e80 ConcurrentGCThread "G1 Service" [stack: 0x000078fa487a9000,0x000078fa488a9000] [id=6413]

Threads with active compile tasks:

VM state: not at safepoint (normal execution)

VM Mutex/Monitor currently owned by a thread: None

Heap address: 0x0000000084800000, size: 1976 MB, Compressed Oops mode: 32-bit

CDS archive(s) mapped at: [0x0000000800000000-0x0000000800bb1000-0x0000000800bb1000), size 12259328, SharedBaseAddress: 0x0000000800000000, ArchiveRelocationMode: 0.
Compressed class space mapped at: 0x0000000800c00000-0x0000000840c00000, reserved size: 1073741824
Narrow klass base: 0x0000000800000000, Narrow klass shift: 0, Narrow klass range: 0x100000000

GC Precious Log:
 CardTable entry size: 512
 Card Set container configuration: InlinePtr #cards 5 size 8 Array Of Cards #cards 12 size 40 Howl #buckets 4 coarsen threshold 1843 Howl Bitmap #cards 512 size 80 coarsen threshold 460 Card regions per heap region 1 cards per card region 2048
 CPUs: 4 total, 4 available
 Memory: 7896M
 Large Page Support: Disabled
 NUMA Support: Disabled
 Compressed Oops: Enabled (32-bit)
 Heap Region Size: 1M
 Heap Min Capacity: 8M
 Heap Initial Capacity: 124M
 Heap Max Capacity: 1976M
 Pre-touch: Disabled
 Parallel Workers: 4
 Concurrent Workers: 1
 Concurrent Refinement Workers: 4
 Periodic GC: Disabled

Heap:
 garbage-first heap   total 129024K, used 11180K [0x0000000084800000, 0x0000000100000000)
  region size 1024K, 12 young (12288K), 0 survivors (0K)
 Metaspace       used 3372K, committed 3456K, reserved 1114112K
  class space    used 363K, committed 384K, reserved 1048576K

Heap Regions: E=young(eden), S=young(survivor), O=old, HS=humongous(starts), HC=humongous(continues), CS=collection set, F=free, OA=open archive, CA=closed archive, TAMS=top-at-mark-start (previous, next)
|   0|0x0000000084800000, 0x0000000084800000, 0x0000000084900000|  0%| F|  |TAMS 0x0000000084800000, 0x0000000084800000| Untracked 
|   1|0x0000000084900000, 0x0000000084900000, 0x0000000084a00000|  0%| F|  |TAMS 0x0000000084900000, 0x0000000084900000| Untracked 
|   2|0x0000000084a00000, 0x0000000084a00000, 0x0000000084b00000|  0%| F|  |TAMS 0x0000000084a00000, 0x0000000084a00000| Untracked 
|   3|0x0000000084b00000, 0x0000000084b00000, 0x0000000084c00000|  0%| F|  |TAMS 0x0000000084b00000, 0x0000000084b00000| Untracked 
|   4|0x0000000084c00000, 0x0000000084c00000, 0x0000000084d00000|  0%| F|  |TAMS 0x0000000084c00000, 0x0000000084c00000| Untracked 
|   5|0x0000000084d00000, 0x0000000084d00000, 0x0000000084e00000|  0%| F|  |TAMS 0x0000000084d00000, 0x0000000084d00000| Untracked 
|   6|0x0000000084e00000, 0x0000000084e00000, 0x0000000084f00000|  0%| F|  |TAMS 0x0000000084e00000, 0x0000000084e00000| Untracked 
|   7|0x0000000084f00000, 0x0000000084f00000, 0x0000000085000000|  0%| F|  |TAMS 0x0000000084f00000, 0x0000000084f00000| Untracked 
|   8|0x0000000085000000, 0x0000000085000000, 0x0000000085100000|  0%| F|  |TAMS 0x0000000085000000, 0x0000000085000000| Untracked 
|   9|0x0000000085100000, 0x0000000085100000, 0x0000000085200000|  0%| F|  |TAMS 0x0000000085100000, 0x0000000085100000| Untracked 
|  10|0x0000000085200000, 0x0000000085200000, 0x0000000085300000|  0%| F|  |TAMS 0x0000000085200000, 0x0000000085200000| Untracked 
|  11|0x0000000085300000, 0x0000000085300000, 0x0000000085400000|  0%| F|  |TAMS 0x0000000085300000, 0x0000000085300000| Untracked 
|  12|0x0000000085400000, 0x0000000085400000, 0x0000000085500000|  0%| F|  |TAMS 0x0000000085400000, 0x0000000085400000| Untracked 
|  13|0x0000000085500000, 0x0000000085500000, 0x0000000085600000|  0%| F|  |TAMS 0x0000000085500000, 0x0000000085500000| Untracked 
|  14|0x0000000085600000, 0x0000000085600000, 0x0000000085700000|  0%| F|  |TAMS 0x0000000085600000, 0x0000000085600000| Untracked 
|  15|0x0000000085700000, 0x0000000085700000, 0x0000000085800000|  0%| F|  |TAMS 0x0000000085700000, 0x0000000085700000| Untracked 
|  16|0x0000000085800000, 0x0000000085800000, 0x0000000085900000|  0%| F|  |TAMS 0x0000000085800000, 0x0000000085800000| Untracked 
|  17|0x0000000085900000, 0x0000000085900000, 0x0000000085a00000|  0%| F|  |TAMS 0x0000000085900000, 0x0000000085900000| Untracked 
|  18|0x0000000085a00000, 0x0000000085a00000, 0x0000000085b00000|  0%| F|  |TAMS 0x0000000085a00000, 0x0000000085a00000| Untracked 
|  19|0x0000000085b00000, 0x0000000085b00000, 0x0000000085c00000|  0%| F|  |TAMS 0x0000000085b00000, 0x0000000085b00000| Untracked 
|  20|0x0000000085c00000, 0x0000000085c00000, 0x0000000085d00000|  0%| F|  |TAMS 0x0000000085c00000, 0x0000000085c00000| Untracked 
|  21|0x0000000085d00000, 0x0000000085d00000, 0x0000000085e00000|  0%| F|  |TAMS 0x0000000085d00000, 0x0000000085d00000| Untracked 
|  22|0x0000000085e00000, 0x0000000085e00000, 0x0000000085f00000|  0%| F|  |TAMS 0x0000000085e00000, 0x0000000085e00000| Untracked 
|  23|0x0000000085f00000, 0x0000000085f00000, 0x0000000086000000|  0%| F|  |TAMS 0x0000000085f00000, 0x0000000085f00000| Untracked 
|  24|0x0000000086000000, 0x0000000086000000, 0x0000000086100000|  0%| F|  |TAMS 0x0000000086000000, 0x0000000086000000| Untracked 
|  25|0x0000000086100000, 0x0000000086100000, 0x0000000086200000|  0%| F|  |TAMS 0x0000000086100000, 0x0000000086100000| Untracked 
|  26|0x0000000086200000, 0x0000000086200000, 0x0000000086300000|  0%| F|  |TAMS 0x0000000086200000, 0x0000000086200000| Untracked 
|  27|0x0000000086300000, 0x0000000086300000, 0x0000000086400000|  0%| F|  |TAMS 0x0000000086300000, 0x0000000086300000| Untracked 
|  28|0x0000000086400000, 0x0000000086400000, 0x0000000086500000|  0%| F|  |TAMS 0x0000000086400000, 0x0000000086400000| Untracked 
|  29|0x0000000086500000, 0x0000000086500000, 0x0000000086600000|  0%| F|  |TAMS 0x0000000086500000, 0x0000000086500000| Untracked 
|  30|0x0000000086600000, 0x0000000086600000, 0x0000000086700000|  0%| F|  |TAMS 0x0000000086600000, 0x0000000086600000| Untracked 
|  31|0x0000000086700000, 0x0000000086700000, 0x0000000086800000|  0%| F|  |TAMS 0x0000000086700000, 0x0000000086700000| Untracked 
|  32|0x0000000086800000, 0x0000000086800000, 0x0000000086900000|  0%| F|  |TAMS 0x0000000086800000, 0x0000000086800000| Untracked 
|  33|0x0000000086900000, 0x0000000086900000, 0x0000000086a00000|  0%| F|  |TAMS 0x0000000086900000, 0x0000000086900000| Untracked 
|  34|0x0000000086a00000, 0x0000000086a00000, 0x0000000086b00000|  0%| F|  |TAMS 0x0000000086a00000, 0x0000000086a00000| Untracked 
|  35|0x0000000086b00000, 0x0000000086b00000, 0x0000000086c00000|  0%| F|  |TAMS 0x0000000086b00000, 0x0000000086b00000| Untracked 
|  36|0x0000000086c00000, 0x0000000086c00000, 0x0000000086d00000|  0%| F|  |TAMS 0x0000000086c00000, 0x0000000086c00000| Untracked 
|  37|0x0000000086d00000, 0x0000000086d00000, 0x0000000086e00000|  0%| F|  |TAMS 0x0000000086d00000, 0x0000000086d00000| Untracked 
|  38|0x0000000086e00000, 0x0000000086e00000, 0x0000000086f00000|  0%| F|  |TAMS 0x0000000086e00000, 0x0000000086e00000| Untracked 
|  39|0x0000000086f00000, 0x0000000086f00000, 0x0000000087000000|  0%| F|  |TAMS 0x0000000086f00000, 0x0000000086f00000| Untracked 
|  40|0x0000000087000000, 0x0000000087000000, 0x0000000087100000|  0%| F|  |TAMS 0x0000000087000000, 0x0000000087000000| Untracked 
|  41|0x0000000087100000, 0x0000000087100000, 0x0000000087200000|  0%| F|  |TAMS 0x0000000087100000, 0x0000000087100000| Untracked 
|  42|0x0000000087200000, 0x0000000087200000, 0x0000000087300000|  0%| F|  |TAMS 0x0000000087200000, 0x0000000087200000| Untracked 
|  43|0x0000000087300000, 0x0000000087300000, 0x0000000087400000|  0%| F|  |TAMS 0x0000000087300000, 0x0000000087300000| Untracked 
|  44|0x0000000087400000, 0x0000000087400000, 0x0000000087500000|  0%| F|  |TAMS 0x0000000087400000, 0x0000000087400000| Untracked 
|  45|0x0000000087500000, 0x0000000087500000, 0x0000000087600000|  0%| F|  |TAMS 0x0000000087500000, 0x0000000087500000| Untracked 
|  46|0x0000000087600000, 0x0000000087600000, 0x0000000087700000|  0%| F|  |TAMS 0x0000000087600000, 0x0000000087600000| Untracked 
|  47|0x0000000087700000, 0x0000000087700000, 0x0000000087800000|  0%| F|  |TAMS 0x0000000087700000, 0x0000000087700000| Untracked 
|  48|0x0000000087800000, 0x0000000087800000, 0x0000000087900000|  0%| F|  |TAMS 0x0000000087800000, 0x0000000087800000| Untracked 
|  49|0x0000000087900000, 0x0000000087900000, 0x0000000087a00000|  0%| F|  |TAMS 0x0000000087900000, 0x0000000087900000| Untracked 
|  50|0x0000000087a00000, 0x0000000087a00000, 0x0000000087b00000|  0%| F|  |TAMS 0x0000000087a00000, 0x0000000087a00000| Untracked 
|  51|0x0000000087b00000, 0x0000000087b00000, 0x0000000087c00000|  0%| F|  |TAMS 0x0000000087b00000, 0x0000000087b00000| Untracked 
|  52|0x0000000087c00000, 0x0000000087c00000, 0x0000000087d00000|  0%| F|  |TAMS 0x0000000087c00000, 0x0000000087c00000| Untracked 
|  53|0x0000000087d00000, 0x0000000087d00000, 0x0000000087e00000|  0%| F|  |TAMS 0x0000000087d00000, 0x0000000087d00000| Untracked 
|  54|0x0000000087e00000, 0x0000000087e00000, 0x0000000087f00000|  0%| F|  |TAMS 0x0000000087e00000, 0x0000000087e00000| Untracked 
|  55|0x0000000087f00000, 0x0000000087f00000, 0x0000000088000000|  0%| F|  |TAMS 0x0000000087f00000, 0x0000000087f00000| Untracked 
|  56|0x0000000088000000, 0x0000000088000000, 0x0000000088100000|  0%| F|  |TAMS 0x0000000088000000, 0x0000000088000000| Untracked 
|  57|0x0000000088100000, 0x0000000088100000, 0x0000000088200000|  0%| F|  |TAMS 0x0000000088100000, 0x0000000088100000| Untracked 
|  58|0x0000000088200000, 0x0000000088200000, 0x0000000088300000|  0%| F|  |TAMS 0x0000000088200000, 0x0000000088200000| Untracked 
|  59|0x0000000088300000, 0x0000000088300000, 0x0000000088400000|  0%| F|  |TAMS 0x0000000088300000, 0x0000000088300000| Untracked 
|  60|0x0000000088400000, 0x0000000088400000, 0x0000000088500000|  0%| F|  |TAMS 0x0000000088400000, 0x0000000088400000| Untracked 
|  61|0x0000000088500000, 0x0000000088500000, 0x0000000088600000|  0%| F|  |TAMS 0x0000000088500000, 0x0000000088500000| Untracked 
|  62|0x0000000088600000, 0x0000000088600000, 0x0000000088700000|  0%| F|  |TAMS 0x0000000088600000, 0x0000000088600000| Untracked 
|  63|0x0000000088700000, 0x0000000088700000, 0x0000000088800000|  0%| F|  |TAMS 0x0000000088700000, 0x0000000088700000| Untracked 
|  64|0x0000000088800000, 0x0000000088800000, 0x0000000088900000|  0%| F|  |TAMS 0x0000000088800000, 0x0000000088800000| Untracked 
|  65|0x0000000088900000, 0x0000000088900000, 0x0000000088a00000|  0%| F|  |TAMS 0x0000000088900000, 0x0000000088900000| Untracked 
|  66|0x0000000088a00000, 0x0000000088a00000, 0x0000000088b00000|  0%| F|  |TAMS 0x0000000088a00000, 0x0000000088a00000| Untracked 
|  67|0x0000000088b00000, 0x0000000088b00000, 0x0000000088c00000|  0%| F|  |TAMS 0x0000000088b00000, 0x0000000088b00000| Untracked 
|  68|0x0000000088c00000, 0x0000000088c00000, 0x0000000088d00000|  0%| F|  |TAMS 0x0000000088c00000, 0x0000000088c00000| Untracked 
|  69|0x0000000088d00000, 0x0000000088d00000, 0x0000000088e00000|  0%| F|  |TAMS 0x0000000088d00000, 0x0000000088d00000| Untracked 
|  70|0x0000000088e00000, 0x0000000088e00000, 0x0000000088f00000|  0%| F|  |TAMS 0x0000000088e00000, 0x0000000088e00000| Untracked 
|  71|0x0000000088f00000, 0x0000000088f00000, 0x0000000089000000|  0%| F|  |TAMS 0x0000000088f00000, 0x0000000088f00000| Untracked 
|  72|0x0000000089000000, 0x0000000089000000, 0x0000000089100000|  0%| F|  |TAMS 0x0000000089000000, 0x0000000089000000| Untracked 
|  73|0x0000000089100000, 0x0000000089100000, 0x0000000089200000|  0%| F|  |TAMS 0x0000000089100000, 0x0000000089100000| Untracked 
|  74|0x0000000089200000, 0x0000000089200000, 0x0000000089300000|  0%| F|  |TAMS 0x0000000089200000, 0x0000000089200000| Untracked 
|  75|0x0000000089300000, 0x0000000089300000, 0x0000000089400000|  0%| F|  |TAMS 0x0000000089300000, 0x0000000089300000| Untracked 
|  76|0x0000000089400000, 0x0000000089400000, 0x0000000089500000|  0%| F|  |TAMS 0x0000000089400000, 0x0000000089400000| Untracked 
|  77|0x0000000089500000, 0x0000000089500000, 0x0000000089600000|  0%| F|  |TAMS 0x0000000089500000, 0x0000000089500000| Untracked 
|  78|0x0000000089600000, 0x0000000089600000, 0x0000000089700000|  0%| F|  |TAMS 0x0000000089600000, 0x0000000089600000| Untracked 
|  79|0x0000000089700000, 0x0000000089700000, 0x0000000089800000|  0%| F|  |TAMS 0x0000000089700000, 0x0000000089700000| Untracked 
|  80|0x0000000089800000, 0x0000000089800000, 0x0000000089900000|  0%| F|  |TAMS 0x0000000089800000, 0x0000000089800000| Untracked 
|  81|0x0000000089900000, 0x0000000089900000, 0x0000000089a00000|  0%| F|  |TAMS 0x0000000089900000, 0x0000000089900000| Untracked 
|  82|0x0000000089a00000, 0x0000000089a00000, 0x0000000089b00000|  0%| F|  |TAMS 0x0000000089a00000, 0x0000000089a00000| Untracked 
|  83|0x0000000089b00000, 0x0000000089b00000, 0x0000000089c00000|  0%| F|  |TAMS 0x0000000089b00000, 0x0000000089b00000| Untracked 
|  84|0x0000000089c00000, 0x0000000089c00000, 0x0000000089d00000|  0%| F|  |TAMS 0x0000000089c00000, 0x0000000089c00000| Untracked 
|  85|0x0000000089d00000, 0x0000000089d00000, 0x0000000089e00000|  0%| F|  |TAMS 0x0000000089d00000, 0x0000000089d00000| Untracked 
|  86|0x0000000089e00000, 0x0000000089e00000, 0x0000000089f00000|  0%| F|  |TAMS 0x0000000089e00000, 0x0000000089e00000| Untracked 
|  87|0x0000000089f00000, 0x0000000089f00000, 0x000000008a000000|  0%| F|  |TAMS 0x0000000089f00000, 0x0000000089f00000| Untracked 
|  88|0x000000008a000000, 0x000000008a000000, 0x000000008a100000|  0%| F|  |TAMS 0x000000008a000000, 0x000000008a000000| Untracked 
|  89|0x000000008a100000, 0x000000008a100000, 0x000000008a200000|  0%| F|  |TAMS 0x000000008a100000, 0x000000008a100000| Untracked 
|  90|0x000000008a200000, 0x000000008a200000, 0x000000008a300000|  0%| F|  |TAMS 0x000000008a200000, 0x000000008a200000| Untracked 
|  91|0x000000008a300000, 0x000000008a300000, 0x000000008a400000|  0%| F|  |TAMS 0x000000008a300000, 0x000000008a300000| Untracked 
|  92|0x000000008a400000, 0x000000008a400000, 0x000000008a500000|  0%| F|  |TAMS 0x000000008a400000, 0x000000008a400000| Untracked 
|  93|0x000000008a500000, 0x000000008a500000, 0x000000008a600000|  0%| F|  |TAMS 0x000000008a500000, 0x000000008a500000| Untracked 
|  94|0x000000008a600000, 0x000000008a600000, 0x000000008a700000|  0%| F|  |TAMS 0x000000008a600000, 0x000000008a600000| Untracked 
|  95|0x000000008a700000, 0x000000008a700000, 0x000000008a800000|  0%| F|  |TAMS 0x000000008a700000, 0x000000008a700000| Untracked 
|  96|0x000000008a800000, 0x000000008a800000, 0x000000008a900000|  0%| F|  |TAMS 0x000000008a800000, 0x000000008a800000| Untracked 
|  97|0x000000008a900000, 0x000000008a900000, 0x000000008aa00000|  0%| F|  |TAMS 0x000000008a900000, 0x000000008a900000| Untracked 
|  98|0x000000008aa00000, 0x000000008aa00000, 0x000000008ab00000|  0%| F|  |TAMS 0x000000008aa00000, 0x000000008aa00000| Untracked 
|  99|0x000000008ab00000, 0x000000008ab00000, 0x000000008ac00000|  0%| F|  |TAMS 0x000000008ab00000, 0x000000008ab00000| Untracked 
| 100|0x000000008ac00000, 0x000000008ac00000, 0x000000008ad00000|  0%| F|  |TAMS 0x000000008ac00000, 0x000000008ac00000| Untracked 
| 101|0x000000008ad00000, 0x000000008ad00000, 0x000000008ae00000|  0%| F|  |TAMS 0x000000008ad00000, 0x000000008ad00000| Untracked 
| 102|0x000000008ae00000, 0x000000008ae00000, 0x000000008af00000|  0%| F|  |TAMS 0x000000008ae00000, 0x000000008ae00000| Untracked 
| 103|0x000000008af00000, 0x000000008af00000, 0x000000008b000000|  0%| F|  |TAMS 0x000000008af00000, 0x000000008af00000| Untracked 
| 104|0x000000008b000000, 0x000000008b000000, 0x000000008b100000|  0%| F|  |TAMS 0x000000008b000000, 0x000000008b000000| Untracked 
| 105|0x000000008b100000, 0x000000008b100000, 0x000000008b200000|  0%| F|  |TAMS 0x000000008b100000, 0x000000008b100000| Untracked 
| 106|0x000000008b200000, 0x000000008b200000, 0x000000008b300000|  0%| F|  |TAMS 0x000000008b200000, 0x000000008b200000| Untracked 
| 107|0x000000008b300000, 0x000000008b300000, 0x000000008b400000|  0%| F|  |TAMS 0x000000008b300000, 0x000000008b300000| Untracked 
| 108|0x000000008b400000, 0x000000008b400000, 0x000000008b500000|  0%| F|  |TAMS 0x000000008b400000, 0x000000008b400000| Untracked 
| 109|0x000000008b500000, 0x000000008b500000, 0x000000008b600000|  0%| F|  |TAMS 0x000000008b500000, 0x000000008b500000| Untracked 
| 110|0x000000008b600000, 0x000000008b600000, 0x000000008b700000|  0%| F|  |TAMS 0x000000008b600000, 0x000000008b600000| Untracked 
| 111|0x000000008b700000, 0x000000008b700000, 0x000000008b800000|  0%| F|  |TAMS 0x000000008b700000, 0x000000008b700000| Untracked 
| 112|0x000000008b800000, 0x000000008b885a90, 0x000000008b900000| 52%| E|  |TAMS 0x000000008b800000, 0x000000008b800000| Complete 
| 113|0x000000008b900000, 0x000000008ba00000, 0x000000008ba00000|100%| E|CS|TAMS 0x000000008b900000, 0x000000008b900000| Complete 
| 114|0x000000008ba00000, 0x000000008bb00000, 0x000000008bb00000|100%| E|CS|TAMS 0x000000008ba00000, 0x000000008ba00000| Complete 
| 115|0x000000008bb00000, 0x000000008bc00000, 0x000000008bc00000|100%| E|CS|TAMS 0x000000008bb00000, 0x000000008bb00000| Complete 
| 116|0x000000008bc00000, 0x000000008bd00000, 0x000000008bd00000|100%| E|CS|TAMS 0x000000008bc00000, 0x000000008bc00000| Complete 
| 117|0x000000008bd00000, 0x000000008be00000, 0x000000008be00000|100%| E|  |TAMS 0x000000008bd00000, 0x000000008bd00000| Complete 
| 118|0x000000008be00000, 0x000000008bf00000, 0x000000008bf00000|100%| E|CS|TAMS 0x000000008be00000, 0x000000008be00000| Complete 
| 119|0x000000008bf00000, 0x000000008c000000, 0x000000008c000000|100%| E|CS|TAMS 0x000000008bf00000, 0x000000008bf00000| Complete 
| 120|0x000000008c000000, 0x000000008c100000, 0x000000008c100000|100%| E|CS|TAMS 0x000000008c000000, 0x000000008c000000| Complete 
| 121|0x000000008c100000, 0x000000008c200000, 0x000000008c200000|100%| E|CS|TAMS 0x000000008c100000, 0x000000008c100000| Complete 
| 122|0x000000008c200000, 0x000000008c300000, 0x000000008c300000|100%| E|CS|TAMS 0x000000008c200000, 0x000000008c200000| Complete 
| 123|0x000000008c300000, 0x000000008c400000, 0x000000008c400000|100%| E|CS|TAMS 0x000000008c300000, 0x000000008c300000| Complete 
|1974|0x00000000ffe00000, 0x00000000ffe75000, 0x00000000fff00000| 45%|OA|  |TAMS 0x00000000ffe00000, 0x00000000ffe00000| Untracked 
|1975|0x00000000fff00000, 0x00000000fff76000, 0x0000000100000000| 46%|CA|  |TAMS 0x00000000fff00000, 0x00000000fff00000| Untracked 

Card table byte_map: [0x000078fa4ec48000,0x000078fa4f024000] _byte_map_base: 0x000078fa4e824000

Marking Bits (Prev, Next): (CMBitMap*) 0x000078fa6808a1f0, (CMBitMap*) 0x000078fa6808a230
 Prev Bits: [0x000078fa4c98c000, 0x000078fa4e86c000)
 Next Bits: [0x000078fa4aaac000, 0x000078fa4c98c000)

Polling page: 0x000078fa6e396000

Metaspace:

Usage:
  Non-class:      2,94 MB used.
      Class:    363,32 KB used.
       Both:      3,29 MB used.

Virtual space:
  Non-class space:       64,00 MB reserved,       3,00 MB (  5%) committed,  1 nodes.
      Class space:        1,00 GB reserved,     384,00 KB ( <1%) committed,  1 nodes.
             Both:        1,06 GB reserved,       3,38 MB ( <1%) committed. 

Chunk freelists:
   Non-Class:  2,42 MB
       Class:  3,50 MB
        Both:  5,92 MB

MaxMetaspaceSize: unlimited
CompressedClassSpaceSize: 1,00 GB
Initial GC threshold: 21,00 MB
Current GC threshold: 21,00 MB
CDS: on
MetaspaceReclaimPolicy: balanced
 - commit_granule_bytes: 65536.
 - commit_granule_words: 8192.
 - virtual_space_node_default_size: 8388608.
 - enlarge_chunks_in_place: 1.
 - new_chunks_are_fully_committed: 0.
 - uncommit_free_chunks: 1.
 - use_allocation_guard: 0.


Internal statistics:

num_allocs_failed_limit: 0.
num_arena_births: 36.
num_arena_deaths: 0.
num_vsnodes_births: 2.
num_vsnodes_deaths: 0.
num_space_committed: 54.
num_space_uncommitted: 0.
num_chunks_returned_to_freelist: 0.
num_chunks_taken_from_freelist: 102.
num_chunk_merges: 0.
num_chunk_splits: 84.
num_chunks_enlarged: 74.
num_inconsistent_stats: 0.

CodeHeap 'non-profiled nmethods': size=120032Kb used=200Kb max_used=200Kb free=119831Kb
 bounds [0x000078fa56ec8000, 0x000078fa57138000, 0x000078fa5e400000]
CodeHeap 'profiled nmethods': size=120028Kb used=1143Kb max_used=1143Kb free=118884Kb
 bounds [0x000078fa4f991000, 0x000078fa4fc01000, 0x000078fa56ec8000]
CodeHeap 'non-nmethods': size=5700Kb used=1213Kb max_used=1228Kb free=4486Kb
 bounds [0x000078fa4f400000, 0x000078fa4f670000, 0x000078fa4f991000]
 total_blobs=1094 nmethods=666 adapters=342
 compilation: enabled
              stopped_count=0, restarted_count=0
 full_count=0

Compilation events (20 events):
Event: 0,522 Thread 0x000078fa6810e5b0 nmethod 661 0x000078fa56ef8e90 code [0x000078fa56ef9020, 0x000078fa56ef9378]
Event: 0,522 Thread 0x000078fa6810e5b0  660       4       java.util.Arrays::copyOfRange (64 bytes)
Event: 0,524 Thread 0x000078fa6810e5b0 nmethod 660 0x000078fa56ef9590 code [0x000078fa56ef9720, 0x000078fa56ef9978]
Event: 0,524 Thread 0x000078fa6810e5b0  666       4       java.lang.StringLatin1::indexOf (36 bytes)
Event: 0,525 Thread 0x000078fa6810e5b0 nmethod 666 0x000078fa56ef9b10 code [0x000078fa56ef9ca0, 0x000078fa56ef9e58]
Event: 0,545 Thread 0x000078fa6810fad0 nmethod 655 0x000078fa4fa95190 code [0x000078fa4fa966e0, 0x000078fa4faa3d90]
Event: 0,545 Thread 0x000078fa6810fad0  664       3       java.util.WeakHashMap::remove (131 bytes)
Event: 0,546 Thread 0x000078fa6810fad0 nmethod 664 0x000078fa4faa9410 code [0x000078fa4faa9660, 0x000078fa4faaa1f0]
Event: 0,546 Thread 0x000078fa6810fad0  659       3       java.io.UnixFileSystem::resolve (101 bytes)
Event: 0,548 Thread 0x000078fa6810fad0 nmethod 659 0x000078fa4faaa690 code [0x000078fa4faaaaa0, 0x000078fa4faac170]
Event: 0,548 Thread 0x000078fa6810fad0  662       3       jdk.internal.loader.ClassLoaders$BootClassLoader::loadClassOrNull (10 bytes)
Event: 0,548 Thread 0x000078fa6810fad0 nmethod 662 0x000078fa4faac910 code [0x000078fa4faacae0, 0x000078fa4faacd70]
Event: 0,548 Thread 0x000078fa6810fad0  663       3       java.io.File::<init> (111 bytes)
Event: 0,549 Thread 0x000078fa6810fad0 nmethod 663 0x000078fa4faace90 code [0x000078fa4faad100, 0x000078fa4faada00]
Event: 0,549 Thread 0x000078fa6810fad0  656       3       sun.net.www.protocol.jar.Handler::checkNestedProtocol (18 bytes)
Event: 0,550 Thread 0x000078fa6810fad0 nmethod 656 0x000078fa4faadd10 code [0x000078fa4faadec0, 0x000078fa4faae0a0]
Event: 0,550 Thread 0x000078fa6810fad0  658   !   3       java.lang.ClassLoader::addClass (27 bytes)
Event: 0,550 Thread 0x000078fa6810fad0 nmethod 658 0x000078fa4faae190 code [0x000078fa4faae380, 0x000078fa4faae9c0]
Event: 0,550 Thread 0x000078fa6810fad0  665       1       java.util.zip.ZipEntry::getName (5 bytes)
Event: 0,551 Thread 0x000078fa6810fad0 nmethod 665 0x000078fa56ef9f90 code [0x000078fa56efa120, 0x000078fa56efa1f0]

GC Heap History (0 events):
No events

Deoptimization events (20 events):
Event: 0,262 Thread 0x000078fa6802a050 DEOPT PACKING pc=0x000078fa56ed4d3c sp=0x000078fa6dffda20
Event: 0,262 Thread 0x000078fa6802a050 DEOPT UNPACKING pc=0x000078fa4f455899 sp=0x000078fa6dffd9b8 mode 2
Event: 0,289 Thread 0x000078fa6802a050 DEOPT PACKING pc=0x000078fa4f9b36ea sp=0x000078fa6dff9ae0
Event: 0,289 Thread 0x000078fa6802a050 DEOPT UNPACKING pc=0x000078fa4f4563cf sp=0x000078fa6dff8f20 mode 0
Event: 0,299 Thread 0x000078fa6802a050 DEOPT PACKING pc=0x000078fa4f99955b sp=0x000078fa6dff9cf0
Event: 0,299 Thread 0x000078fa6802a050 DEOPT UNPACKING pc=0x000078fa4f4563cf sp=0x000078fa6dff9188 mode 0
Event: 0,328 Thread 0x000078fa6802a050 Uncommon trap: trap_request=0xffffff45 fr.pc=0x000078fa56ee2e8c relative=0x0000000000000b0c
Event: 0,328 Thread 0x000078fa6802a050 Uncommon trap: reason=unstable_if action=reinterpret pc=0x000078fa56ee2e8c method=java.util.HashMap.putVal(ILjava/lang/Object;Ljava/lang/Object;ZZ)Ljava/lang/Object; @ 181 c2
Event: 0,328 Thread 0x000078fa6802a050 DEOPT PACKING pc=0x000078fa56ee2e8c sp=0x000078fa6dffd710
Event: 0,328 Thread 0x000078fa6802a050 DEOPT UNPACKING pc=0x000078fa4f455899 sp=0x000078fa6dffd6d0 mode 2
Event: 0,401 Thread 0x000078fa6802a050 Uncommon trap: trap_request=0xffffff45 fr.pc=0x000078fa56eea174 relative=0x00000000000002d4
Event: 0,401 Thread 0x000078fa6802a050 Uncommon trap: reason=unstable_if action=reinterpret pc=0x000078fa56eea174 method=java.lang.String.startsWith(Ljava/lang/String;I)Z @ 14 c2
Event: 0,401 Thread 0x000078fa6802a050 DEOPT PACKING pc=0x000078fa56eea174 sp=0x000078fa6dffd490
Event: 0,401 Thread 0x000078fa6802a050 DEOPT UNPACKING pc=0x000078fa4f455899 sp=0x000078fa6dffd420 mode 2
Event: 0,447 Thread 0x000078fa6802a050 DEOPT PACKING pc=0x000078fa4f9cc3f8 sp=0x000078fa6dffd030
Event: 0,447 Thread 0x000078fa6802a050 DEOPT UNPACKING pc=0x000078fa4f4563cf sp=0x000078fa6dffc4b0 mode 0
Event: 0,475 Thread 0x000078fa6802a050 DEOPT PACKING pc=0x000078fa4fa00624 sp=0x000078fa6dffd850
Event: 0,475 Thread 0x000078fa6802a050 DEOPT UNPACKING pc=0x000078fa4f4563cf sp=0x000078fa6dffcdb8 mode 1
Event: 0,476 Thread 0x000078fa6802a050 DEOPT PACKING pc=0x000078fa4fa00624 sp=0x000078fa6dffd850
Event: 0,476 Thread 0x000078fa6802a050 DEOPT UNPACKING pc=0x000078fa4f4563cf sp=0x000078fa6dffcdb8 mode 1

Classes loaded (20 events):
Event: 0,523 Loading class org/bytedeco/llvm/LLVM/LLVMRelocationIteratorRef
Event: 0,523 Loading class org/bytedeco/llvm/LLVM/LLVMRelocationIteratorRef done
Event: 0,523 Loading class org/bytedeco/llvm/LLVM/LLVMObjectFileRef
Event: 0,523 Loading class org/bytedeco/llvm/LLVM/LLVMObjectFileRef done
Event: 0,523 Loading class org/bytedeco/llvm/LLVM/LLVMTargetRef
Event: 0,523 Loading class org/bytedeco/llvm/LLVM/LLVMTargetRef done
Event: 0,523 Loading class org/bytedeco/llvm/LLVM/LLVMPassManagerBuilderRef
Event: 0,523 Loading class org/bytedeco/llvm/LLVM/LLVMPassManagerBuilderRef done
Event: 0,523 Loading class org/bytedeco/llvm/LLVM/LLVMPassBuilderOptionsRef
Event: 0,523 Loading class org/bytedeco/llvm/LLVM/LLVMPassBuilderOptionsRef done
Event: 0,524 Loading class org/bytedeco/llvm/LLVM/Pass
Event: 0,524 Loading class org/bytedeco/llvm/LLVM/Pass done
Event: 0,524 Loading class org/bytedeco/llvm/LLVM/LLVMNamedMDNodeRef
Event: 0,524 Loading class org/bytedeco/llvm/LLVM/LLVMNamedMDNodeRef done
Event: 0,524 Loading class org/bytedeco/llvm/LLVM/LLVMUseRef
Event: 0,524 Loading class org/bytedeco/llvm/LLVM/LLVMUseRef done
Event: 0,649 Loading class com/intellij/rt/debugger/BatchEvaluatorServer
Event: 0,649 Loading class com/intellij/rt/debugger/BatchEvaluatorServer done
Event: 0,790 Loading class java/io/DataOutputStream
Event: 0,790 Loading class java/io/DataOutputStream done

Classes unloaded (0 events):
No events

Classes redefined (0 events):
No events

Internal exceptions (9 events):
Event: 0,144 Thread 0x000078fa6802a050 Implicit null exception at 0x000078fa56ed0dd5 to 0x000078fa56ed0f34
Event: 0,145 Thread 0x000078fa6802a050 Exception <a 'java/lang/NoSuchMethodError'{0x000000008c2642d8}: 'void java.lang.invoke.DirectMethodHandle$Holder.invokeStatic(java.lang.Object, java.lang.Object, java.lang.Object)'> (0x000000008c2642d8) 
thrown [src/hotspot/share/interpreter/linkResolver.cpp, line 759]
Event: 0,150 Thread 0x000078fa6802a050 Exception <a 'java/lang/NoSuchMethodError'{0x000000008c27ce80}: 'java.lang.Object java.lang.invoke.Invokers$Holder.invokeExact_MT(java.lang.Object, java.lang.Object, java.lang.Object, java.lang.Object, java.lang.Object)'> (0x000000008c27ce80) 
thrown [src/hotspot/share/interpreter/linkResolver.cpp, line 759]
Event: 0,381 Thread 0x000078fa6802a050 Exception <a 'java/lang/NoSuchMethodError'{0x000000008bcdab28}: 'int java.lang.invoke.DirectMethodHandle$Holder.invokeStaticInit(java.lang.Object, java.lang.Object, java.lang.Object, java.lang.Object)'> (0x000000008bcdab28) 
thrown [src/hotspot/share/interpreter/linkResolver.cpp, line 759]
Event: 0,383 Thread 0x000078fa6802a050 Exception <a 'java/lang/NoSuchMethodError'{0x000000008bce4898}: 'java.lang.Object java.lang.invoke.DirectMethodHandle$Holder.invokeInterface(java.lang.Object, java.lang.Object)'> (0x000000008bce4898) 
thrown [src/hotspot/share/interpreter/linkResolver.cpp, line 759]
Event: 0,383 Thread 0x000078fa6802a050 Exception <a 'java/lang/IncompatibleClassChangeError'{0x000000008bce7de0}: Found class java.lang.Object, but interface was expected> (0x000000008bce7de0) 
thrown [src/hotspot/share/interpreter/linkResolver.cpp, line 826]
Event: 0,384 Thread 0x000078fa6802a050 Exception <a 'java/lang/NoSuchMethodError'{0x000000008bceb5c8}: 'void java.lang.invoke.DirectMethodHandle$Holder.invokeStatic(java.lang.Object, java.lang.Object)'> (0x000000008bceb5c8) 
thrown [src/hotspot/share/interpreter/linkResolver.cpp, line 759]
Event: 0,384 Thread 0x000078fa6802a050 Exception <a 'java/lang/NoSuchMethodError'{0x000000008bceeb18}: 'void java.lang.invoke.DirectMethodHandle$Holder.invokeStaticInit(java.lang.Object, java.lang.Object)'> (0x000000008bceeb18) 
thrown [src/hotspot/share/interpreter/linkResolver.cpp, line 759]
Event: 0,385 Thread 0x000078fa6802a050 Exception <a 'java/lang/NoSuchMethodError'{0x000000008bcf8978}: 'int java.lang.invoke.DirectMethodHandle$Holder.invokeStaticInit(java.lang.Object, java.lang.Object)'> (0x000000008bcf8978) 
thrown [src/hotspot/share/interpreter/linkResolver.cpp, line 759]

VM Operations (20 events):
Event: 0,141 Executing VM operation: ChangeBreakpoints
Event: 0,141 Executing VM operation: ChangeBreakpoints done
Event: 0,142 Executing VM operation: ChangeBreakpoints
Event: 0,142 Executing VM operation: ChangeBreakpoints done
Event: 0,356 Executing VM operation: ChangeBreakpoints
Event: 0,356 Executing VM operation: ChangeBreakpoints done
Event: 0,357 Executing VM operation: ChangeBreakpoints
Event: 0,357 Executing VM operation: ChangeBreakpoints done
Event: 0,397 Executing VM operation: HandshakeAllThreads
Event: 0,398 Executing VM operation: HandshakeAllThreads done
Event: 0,531 Executing VM operation: get/set locals
Event: 0,532 Executing VM operation: get/set locals done
Event: 0,532 Executing VM operation: get/set locals
Event: 0,532 Executing VM operation: get/set locals done
Event: 0,534 Executing VM operation: get/set locals
Event: 0,534 Executing VM operation: get/set locals done
Event: 1,534 Executing VM operation: Cleanup
Event: 1,535 Executing VM operation: Cleanup done
Event: 4,289 Executing VM operation: ChangeBreakpoints
Event: 4,294 Executing VM operation: ChangeBreakpoints done

Events (20 events):
Event: 0,112 Thread 0x000078fa681691e0 Thread added: 0x000078fa681691e0
Event: 0,112 Protecting memory [0x000078fa27500000,0x000078fa27504000] with protection modes 0
Event: 0,112 Thread 0x000078fa6816c5c0 Thread added: 0x000078fa6816c5c0
Event: 0,113 Protecting memory [0x000078fa27400000,0x000078fa27404000] with protection modes 0
Event: 0,113 Thread 0x000078f9fc001130 Thread added: 0x000078f9fc001130
Event: 0,113 Protecting memory [0x000078fa27300000,0x000078fa27304000] with protection modes 0
Event: 0,143 Loaded shared library /home/winds/.jdks/corretto-18.0.2/lib/libinstrument.so
Event: 0,157 Thread 0x000078fa68184d50 Thread added: 0x000078fa68184d50
Event: 0,157 Protecting memory [0x000078fa27200000,0x000078fa27204000] with protection modes 0
Event: 0,166 Loaded shared library /home/winds/.jdks/corretto-18.0.2/lib/libnio.so
Event: 0,177 Loaded shared library /home/winds/.jdks/corretto-18.0.2/lib/libzip.so
Event: 0,189 Loaded shared library /home/winds/.jdks/corretto-18.0.2/lib/libnet.so
Event: 0,392 Loaded shared library /home/winds/.jdks/corretto-18.0.2/lib/libjimage.so
Event: 0,450 Loaded shared library /home/winds/.javacpp/cache/javacpp-1.5.7-linux-x86_64.jar/org/bytedeco/javacpp/linux-x86_64/libjnijavacpp.so
Event: 0,465 Thread 0x000078fa682fcf50 Thread added: 0x000078fa682fcf50
Event: 0,465 Protecting memory [0x000078fa26d00000,0x000078fa26d04000] with protection modes 0
Event: 0,488 Loaded shared library /home/winds/.javacpp/cache/llvm-13.0.1-1.5.7-linux-x86_64.jar/org/bytedeco/llvm/linux-x86_64/libLLVM-13.so
Event: 0,494 Loaded shared library /home/winds/.javacpp/cache/llvm-13.0.1-1.5.7-linux-x86_64.jar/org/bytedeco/llvm/linux-x86_64/libLTO.so.13
Event: 0,497 Loaded shared library /home/winds/.javacpp/cache/llvm-13.0.1-1.5.7-linux-x86_64.jar/org/bytedeco/llvm/linux-x86_64/libRemarks.so.13
Event: 0,499 Loaded shared library /home/winds/.javacpp/cache/llvm-13.0.1-1.5.7-linux-x86_64.jar/org/bytedeco/llvm/linux-x86_64/libjniLLVM.so


Dynamic libraries:
84800000-8c400000 rw-p 00000000 00:00 0 
8c400000-ffe00000 ---p 00000000 00:00 0 
ffe00000-ffe75000 rw-p 00c5f000 08:03 552693                             /home/winds/.jdks/corretto-18.0.2/lib/server/classes.jsa
ffe75000-fff00000 rw-p 00000000 00:00 0 
fff00000-fff76000 rw-p 00be9000 08:03 552693                             /home/winds/.jdks/corretto-18.0.2/lib/server/classes.jsa
fff76000-100000000 rw-p 00000000 00:00 0 
800000000-800bb1000 rw-p 00001000 08:03 552693                           /home/winds/.jdks/corretto-18.0.2/lib/server/classes.jsa
800bb1000-800c00000 ---p 00000000 00:00 0 
800c00000-800c30000 rw-p 00000000 00:00 0 
800c30000-800c60000 rw-p 00000000 00:00 0 
800c60000-840c00000 ---p 00000000 00:00 0 
598b95000000-598b95001000 r-xp 00000000 08:03 552796                     /home/winds/.jdks/corretto-18.0.2/bin/java
598b95201000-598b95202000 r--p 00001000 08:03 552796                     /home/winds/.jdks/corretto-18.0.2/bin/java
598b95202000-598b95203000 rw-p 00002000 08:03 552796                     /home/winds/.jdks/corretto-18.0.2/bin/java
598b9564e000-598b95696000 rw-p 00000000 00:00 0                          [heap]
78f9e5400000-78f9e5d26000 r--p 00000000 08:03 846526                     /home/winds/.javacpp/cache/llvm-13.0.1-1.5.7-linux-x86_64.jar/org/bytedeco/llvm/linux-x86_64/libLLVM-13.so
78f9e5d26000-78f9e96e9000 r-xp 00926000 08:03 846526                     /home/winds/.javacpp/cache/llvm-13.0.1-1.5.7-linux-x86_64.jar/org/bytedeco/llvm/linux-x86_64/libLLVM-13.so
78f9e96e9000-78f9eb93e000 r--p 042e9000 08:03 846526                     /home/winds/.javacpp/cache/llvm-13.0.1-1.5.7-linux-x86_64.jar/org/bytedeco/llvm/linux-x86_64/libLLVM-13.so
78f9eb93e000-78f9ebe53000 r--p 0653d000 08:03 846526                     /home/winds/.javacpp/cache/llvm-13.0.1-1.5.7-linux-x86_64.jar/org/bytedeco/llvm/linux-x86_64/libLLVM-13.so
78f9ebe53000-78f9ebe5e000 rw-p 06a52000 08:03 846526                     /home/winds/.javacpp/cache/llvm-13.0.1-1.5.7-linux-x86_64.jar/org/bytedeco/llvm/linux-x86_64/libLLVM-13.so
78f9ebe5e000-78f9ebed4000 rw-p 00000000 00:00 0 
78f9ec000000-78f9ec021000 rw-p 00000000 00:00 0 
78f9ec021000-78f9f0000000 ---p 00000000 00:00 0 
78f9f0000000-78f9f0021000 rw-p 00000000 00:00 0 
78f9f0021000-78f9f4000000 ---p 00000000 00:00 0 
78f9f4000000-78f9f4021000 rw-p 00000000 00:00 0 
78f9f4021000-78f9f8000000 ---p 00000000 00:00 0 
78f9f8000000-78f9f8021000 rw-p 00000000 00:00 0 
78f9f8021000-78f9fc000000 ---p 00000000 00:00 0 
78f9fc000000-78f9fc095000 rw-p 00000000 00:00 0 
78f9fc095000-78fa00000000 ---p 00000000 00:00 0 
78fa00000000-78fa00021000 rw-p 00000000 00:00 0 
78fa00021000-78fa04000000 ---p 00000000 00:00 0 
78fa04000000-78fa04021000 rw-p 00000000 00:00 0 
78fa04021000-78fa08000000 ---p 00000000 00:00 0 
78fa08000000-78fa08021000 rw-p 00000000 00:00 0 
78fa08021000-78fa0c000000 ---p 00000000 00:00 0 
78fa0c000000-78fa0c2ba000 rw-p 00000000 00:00 0 
78fa0c2ba000-78fa10000000 ---p 00000000 00:00 0 
78fa10000000-78fa103a1000 rw-p 00000000 00:00 0 
78fa103a1000-78fa14000000 ---p 00000000 00:00 0 
78fa14000000-78fa14021000 rw-p 00000000 00:00 0 
78fa14021000-78fa18000000 ---p 00000000 00:00 0 
78fa18000000-78fa18021000 rw-p 00000000 00:00 0 
78fa18021000-78fa1c000000 ---p 00000000 00:00 0 
78fa1c000000-78fa1c021000 rw-p 00000000 00:00 0 
78fa1c021000-78fa20000000 ---p 00000000 00:00 0 
78fa20000000-78fa20021000 rw-p 00000000 00:00 0 
78fa20021000-78fa24000000 ---p 00000000 00:00 0 
78fa26600000-78fa266a4000 r--p 00000000 08:03 704764                     /usr/lib/x86_64-linux-gnu/libstdc++.so.6.0.32
78fa266a4000-78fa267c3000 r-xp 000a4000 08:03 704764                     /usr/lib/x86_64-linux-gnu/libstdc++.so.6.0.32
78fa267c3000-78fa26850000 r--p 001c3000 08:03 704764                     /usr/lib/x86_64-linux-gnu/libstdc++.so.6.0.32
78fa26850000-78fa26851000 ---p 00250000 08:03 704764                     /usr/lib/x86_64-linux-gnu/libstdc++.so.6.0.32
78fa26851000-78fa2685c000 r--p 00250000 08:03 704764                     /usr/lib/x86_64-linux-gnu/libstdc++.so.6.0.32
78fa2685c000-78fa2685f000 rw-p 0025b000 08:03 704764                     /usr/lib/x86_64-linux-gnu/libstdc++.so.6.0.32
78fa2685f000-78fa26863000 rw-p 00000000 00:00 0 
78fa268fa000-78fa2695f000 r--p 00000000 08:03 846532                     /home/winds/.javacpp/cache/llvm-13.0.1-1.5.7-linux-x86_64.jar/org/bytedeco/llvm/linux-x86_64/libjniLLVM.so
78fa2695f000-78fa269cd000 r-xp 00065000 08:03 846532                     /home/winds/.javacpp/cache/llvm-13.0.1-1.5.7-linux-x86_64.jar/org/bytedeco/llvm/linux-x86_64/libjniLLVM.so
78fa269cd000-78fa269f8000 r--p 000d3000 08:03 846532                     /home/winds/.javacpp/cache/llvm-13.0.1-1.5.7-linux-x86_64.jar/org/bytedeco/llvm/linux-x86_64/libjniLLVM.so
78fa269f8000-78fa269fb000 r--p 000fd000 08:03 846532                     /home/winds/.javacpp/cache/llvm-13.0.1-1.5.7-linux-x86_64.jar/org/bytedeco/llvm/linux-x86_64/libjniLLVM.so
78fa269fb000-78fa269fe000 rw-p 00100000 08:03 846532                     /home/winds/.javacpp/cache/llvm-13.0.1-1.5.7-linux-x86_64.jar/org/bytedeco/llvm/linux-x86_64/libjniLLVM.so
78fa269fe000-78fa26a00000 rw-p 00000000 00:00 0 
78fa26a00000-78fa26a0d000 r-xp 00000000 08:03 552680                     /home/winds/.jdks/corretto-18.0.2/lib/libnet.so
78fa26a0d000-78fa26c0d000 ---p 0000d000 08:03 552680                     /home/winds/.jdks/corretto-18.0.2/lib/libnet.so
78fa26c0d000-78fa26c0e000 r--p 0000d000 08:03 552680                     /home/winds/.jdks/corretto-18.0.2/lib/libnet.so
78fa26c0e000-78fa26c0f000 rw-p 00000000 00:00 0 
78fa26d00000-78fa26d04000 ---p 00000000 00:00 0 
78fa26d04000-78fa26e00000 rw-p 00000000 00:00 0 
78fa26e00000-78fa26e12000 r-xp 00000000 08:03 552681                     /home/winds/.jdks/corretto-18.0.2/lib/libnio.so
78fa26e12000-78fa27011000 ---p 00012000 08:03 552681                     /home/winds/.jdks/corretto-18.0.2/lib/libnio.so
78fa27011000-78fa27012000 r--p 00011000 08:03 552681                     /home/winds/.jdks/corretto-18.0.2/lib/libnio.so
78fa27012000-78fa27013000 rw-p 00012000 08:03 552681                     /home/winds/.jdks/corretto-18.0.2/lib/libnio.so
78fa270fe000-78fa270ff000 ---p 00000000 00:00 0 
78fa270ff000-78fa27200000 rw-p 00000000 00:00 0 
78fa27200000-78fa27204000 ---p 00000000 00:00 0 
78fa27204000-78fa27300000 rw-p 00000000 00:00 0 
78fa27300000-78fa27304000 ---p 00000000 00:00 0 
78fa27304000-78fa27400000 rw-p 00000000 00:00 0 
78fa27400000-78fa27404000 ---p 00000000 00:00 0 
78fa27404000-78fa27500000 rw-p 00000000 00:00 0 
78fa27500000-78fa27504000 ---p 00000000 00:00 0 
78fa27504000-78fa27600000 rw-p 00000000 00:00 0 
78fa27600000-78fa27605000 r-xp 00000000 08:03 552722                     /home/winds/.jdks/corretto-18.0.2/lib/libdt_socket.so
78fa27605000-78fa27804000 ---p 00005000 08:03 552722                     /home/winds/.jdks/corretto-18.0.2/lib/libdt_socket.so
78fa27804000-78fa27805000 r--p 00004000 08:03 552722                     /home/winds/.jdks/corretto-18.0.2/lib/libdt_socket.so
78fa27805000-78fa27806000 rw-p 00005000 08:03 552722                     /home/winds/.jdks/corretto-18.0.2/lib/libdt_socket.so
78fa27900000-78fa27904000 ---p 00000000 00:00 0 
78fa27904000-78fa27a00000 rw-p 00000000 00:00 0 
78fa27a00000-78fa27a04000 ---p 00000000 00:00 0 
78fa27a04000-78fa27b00000 rw-p 00000000 00:00 0 
78fa27b00000-78fa27b04000 ---p 00000000 00:00 0 
78fa27b04000-78fa27c00000 rw-p 00000000 00:00 0 
78fa27c00000-78fa27c04000 ---p 00000000 00:00 0 
78fa27c04000-78fa27d00000 rw-p 00000000 00:00 0 
78fa27d00000-78fa27d04000 ---p 00000000 00:00 0 
78fa27d04000-78fa27e00000 rw-p 00000000 00:00 0 
78fa27e00000-78fa27e04000 ---p 00000000 00:00 0 
78fa27e04000-78fa27f00000 rw-p 00000000 00:00 0 
78fa27f00000-78fa27f04000 ---p 00000000 00:00 0 
78fa27f04000-78fa28000000 rw-p 00000000 00:00 0 
78fa28000000-78fa28021000 rw-p 00000000 00:00 0 
78fa28021000-78fa2c000000 ---p 00000000 00:00 0 
78fa2c000000-78fa2c021000 rw-p 00000000 00:00 0 
78fa2c021000-78fa30000000 ---p 00000000 00:00 0 
78fa30000000-78fa30160000 rw-p 00000000 00:00 0 
78fa30160000-78fa30400000 ---p 00000000 00:00 0 
78fa30400000-78fa305a0000 rw-p 00000000 00:00 0 
78fa305a0000-78fa34000000 ---p 00000000 00:00 0 
78fa34000000-78fa34021000 rw-p 00000000 00:00 0 
78fa34021000-78fa38000000 ---p 00000000 00:00 0 
78fa38000000-78fa38021000 rw-p 00000000 00:00 0 
78fa38021000-78fa3c000000 ---p 00000000 00:00 0 
78fa3c000000-78fa3c021000 rw-p 00000000 00:00 0 
78fa3c021000-78fa40000000 ---p 00000000 00:00 0 
78fa40000000-78fa40021000 rw-p 00000000 00:00 0 
78fa40021000-78fa44000000 ---p 00000000 00:00 0 
78fa44000000-78fa44021000 rw-p 00000000 00:00 0 
78fa44021000-78fa48000000 ---p 00000000 00:00 0 
78fa480fe000-78fa48102000 ---p 00000000 00:00 0 
78fa48102000-78fa481fe000 rw-p 00000000 00:00 0 
78fa481fe000-78fa48202000 ---p 00000000 00:00 0 
78fa48202000-78fa482fe000 rw-p 00000000 00:00 0 
78fa482fe000-78fa482ff000 ---p 00000000 00:00 0 
78fa482ff000-78fa48400000 rw-p 00000000 00:00 0 
78fa48400000-78fa484ce000 r-xp 00000000 08:03 552721                     /home/winds/.jdks/corretto-18.0.2/lib/libjsvml.so
78fa484ce000-78fa486cd000 ---p 000ce000 08:03 552721                     /home/winds/.jdks/corretto-18.0.2/lib/libjsvml.so
78fa486cd000-78fa486ce000 r--p 000cd000 08:03 552721                     /home/winds/.jdks/corretto-18.0.2/lib/libjsvml.so
78fa486ce000-78fa486cf000 rw-p 000ce000 08:03 552721                     /home/winds/.jdks/corretto-18.0.2/lib/libjsvml.so
78fa487a7000-78fa487a8000 ---p 00000000 00:00 0 
78fa487a8000-78fa488a9000 rw-p 00000000 00:00 0 
78fa488a9000-78fa488aa000 ---p 00000000 00:00 0 
78fa488aa000-78fa4ac9c000 rw-p 00000000 00:00 0 
78fa4ac9c000-78fa4c984000 ---p 00000000 00:00 0 
78fa4c984000-78fa4cb7c000 rw-p 00000000 00:00 0 
78fa4cb7c000-78fa4e864000 ---p 00000000 00:00 0 
78fa4e864000-78fa4e8aa000 rw-p 00000000 00:00 0 
78fa4e8aa000-78fa4ec47000 ---p 00000000 00:00 0 
78fa4ec47000-78fa4ec86000 rw-p 00000000 00:00 0 
78fa4ec86000-78fa4f023000 ---p 00000000 00:00 0 
78fa4f023000-78fa4f062000 rw-p 00000000 00:00 0 
78fa4f062000-78fa4f3ff000 ---p 00000000 00:00 0 
78fa4f3ff000-78fa4f400000 rw-p 00000000 00:00 0 
78fa4f400000-78fa4f670000 rwxp 00000000 00:00 0 
78fa4f670000-78fa4f991000 ---p 00000000 00:00 0 
78fa4f991000-78fa4fc01000 rwxp 00000000 00:00 0 
78fa4fc01000-78fa56ec8000 ---p 00000000 00:00 0 
78fa56ec8000-78fa57138000 rwxp 00000000 00:00 0 
78fa57138000-78fa5e400000 ---p 00000000 00:00 0 
78fa5e400000-78fa5e41a000 r-xp 00000000 08:03 552683                     /home/winds/.jdks/corretto-18.0.2/lib/libzip.so
78fa5e41a000-78fa5e61a000 ---p 0001a000 08:03 552683                     /home/winds/.jdks/corretto-18.0.2/lib/libzip.so
78fa5e61a000-78fa5e61b000 r--p 0001a000 08:03 552683                     /home/winds/.jdks/corretto-18.0.2/lib/libzip.so
78fa5e61b000-78fa5e61c000 rw-p 00000000 00:00 0 
78fa5e6ff000-78fa5e800000 rw-p 00000000 00:00 0 
78fa5e800000-78fa5f0d0000 r--p 00000000 08:03 684491                     /usr/lib/locale/locale-archive
78fa5f0ff000-78fa5f200000 rw-p 00000000 00:00 0 
78fa5f200000-78fa5f20a000 r-xp 00000000 08:03 552710                     /home/winds/.jdks/corretto-18.0.2/lib/libinstrument.so
78fa5f20a000-78fa5f409000 ---p 0000a000 08:03 552710                     /home/winds/.jdks/corretto-18.0.2/lib/libinstrument.so
78fa5f409000-78fa5f40a000 r--p 00009000 08:03 552710                     /home/winds/.jdks/corretto-18.0.2/lib/libinstrument.so
78fa5f40a000-78fa5f40b000 rw-p 0000a000 08:03 552710                     /home/winds/.jdks/corretto-18.0.2/lib/libinstrument.so
78fa5f4ff000-78fa5f600000 rw-p 00000000 00:00 0 
78fa5f600000-78fa5f624000 r-xp 00000000 08:03 552676                     /home/winds/.jdks/corretto-18.0.2/lib/libjava.so
78fa5f624000-78fa5f824000 ---p 00024000 08:03 552676                     /home/winds/.jdks/corretto-18.0.2/lib/libjava.so
78fa5f824000-78fa5f825000 r--p 00024000 08:03 552676                     /home/winds/.jdks/corretto-18.0.2/lib/libjava.so
78fa5f825000-78fa5f826000 rw-p 00025000 08:03 552676                     /home/winds/.jdks/corretto-18.0.2/lib/libjava.so
78fa5f826000-78fa5f827000 rw-p 00000000 00:00 0 
78fa5f8fe000-78fa5f8ff000 ---p 00000000 00:00 0 
78fa5f8ff000-78fa5fa00000 rw-p 00000000 00:00 0 
78fa5fa00000-78fa5fa3f000 r-xp 00000000 08:03 552723                     /home/winds/.jdks/corretto-18.0.2/lib/libjdwp.so
78fa5fa3f000-78fa5fc3e000 ---p 0003f000 08:03 552723                     /home/winds/.jdks/corretto-18.0.2/lib/libjdwp.so
78fa5fc3e000-78fa5fc3f000 r--p 0003e000 08:03 552723                     /home/winds/.jdks/corretto-18.0.2/lib/libjdwp.so
78fa5fc3f000-78fa5fc40000 rw-p 0003f000 08:03 552723                     /home/winds/.jdks/corretto-18.0.2/lib/libjdwp.so
78fa5fc40000-78fa5fc41000 rw-p 00000000 00:00 0 
78fa5fcfe000-78fa5fcff000 ---p 00000000 00:00 0 
78fa5fcff000-78fa5fe00000 rw-p 00000000 00:00 0 
78fa5fe00000-78fa67a4a000 r--s 00000000 08:03 552670                     /home/winds/.jdks/corretto-18.0.2/lib/modules
78fa67afe000-78fa67aff000 ---p 00000000 00:00 0 
78fa67aff000-78fa67c00000 rw-p 00000000 00:00 0 
78fa67c00000-78fa67c1b000 r-xp 00000000 08:03 552677                     /home/winds/.jdks/corretto-18.0.2/lib/libjimage.so
78fa67c1b000-78fa67e1a000 ---p 0001b000 08:03 552677                     /home/winds/.jdks/corretto-18.0.2/lib/libjimage.so
78fa67e1a000-78fa67e1c000 r--p 0001a000 08:03 552677                     /home/winds/.jdks/corretto-18.0.2/lib/libjimage.so
78fa67e1c000-78fa67e1d000 rw-p 0001c000 08:03 552677                     /home/winds/.jdks/corretto-18.0.2/lib/libjimage.so
78fa67eff000-78fa68000000 rw-p 00000000 00:00 0 
78fa68000000-78fa68406000 rw-p 00000000 00:00 0 
78fa68406000-78fa6c000000 ---p 00000000 00:00 0 
78fa6c04d000-78fa6c054000 r--p 00000000 08:03 846527                     /home/winds/.javacpp/cache/llvm-13.0.1-1.5.7-linux-x86_64.jar/org/bytedeco/llvm/linux-x86_64/libLTO.so.13
78fa6c054000-78fa6c05c000 r-xp 00007000 08:03 846527                     /home/winds/.javacpp/cache/llvm-13.0.1-1.5.7-linux-x86_64.jar/org/bytedeco/llvm/linux-x86_64/libLTO.so.13
78fa6c05c000-78fa6c05e000 r--p 0000f000 08:03 846527                     /home/winds/.javacpp/cache/llvm-13.0.1-1.5.7-linux-x86_64.jar/org/bytedeco/llvm/linux-x86_64/libLTO.so.13
78fa6c05e000-78fa6c05f000 r--p 00010000 08:03 846527                     /home/winds/.javacpp/cache/llvm-13.0.1-1.5.7-linux-x86_64.jar/org/bytedeco/llvm/linux-x86_64/libLTO.so.13
78fa6c05f000-78fa6c060000 rw-p 00011000 08:03 846527                     /home/winds/.javacpp/cache/llvm-13.0.1-1.5.7-linux-x86_64.jar/org/bytedeco/llvm/linux-x86_64/libLTO.so.13
78fa6c060000-78fa6c062000 r--p 00000000 08:03 656223                     /usr/lib/x86_64-linux-gnu/libz.so.1.2.11
78fa6c062000-78fa6c073000 r-xp 00002000 08:03 656223                     /usr/lib/x86_64-linux-gnu/libz.so.1.2.11
78fa6c073000-78fa6c079000 r--p 00013000 08:03 656223                     /usr/lib/x86_64-linux-gnu/libz.so.1.2.11
78fa6c079000-78fa6c07a000 ---p 00019000 08:03 656223                     /usr/lib/x86_64-linux-gnu/libz.so.1.2.11
78fa6c07a000-78fa6c07b000 r--p 00019000 08:03 656223                     /usr/lib/x86_64-linux-gnu/libz.so.1.2.11
78fa6c07b000-78fa6c07c000 rw-p 0001a000 08:03 656223                     /usr/lib/x86_64-linux-gnu/libz.so.1.2.11
78fa6c07c000-78fa6c400000 rw-p 00000000 00:00 0 
78fa6c400000-78fa6d6c7000 r-xp 00000000 08:03 552691                     /home/winds/.jdks/corretto-18.0.2/lib/server/libjvm.so
78fa6d6c7000-78fa6d8c7000 ---p 012c7000 08:03 552691                     /home/winds/.jdks/corretto-18.0.2/lib/server/libjvm.so
78fa6d8c7000-78fa6d989000 r--p 012c7000 08:03 552691                     /home/winds/.jdks/corretto-18.0.2/lib/server/libjvm.so
78fa6d989000-78fa6d9be000 rw-p 01389000 08:03 552691                     /home/winds/.jdks/corretto-18.0.2/lib/server/libjvm.so
78fa6d9be000-78fa6da19000 rw-p 00000000 00:00 0 
78fa6da2a000-78fa6da2f000 rw-p 00000000 00:00 0 
78fa6da2f000-78fa6db15000 ---p 00000000 00:00 0 
78fa6db15000-78fa6db1a000 rw-p 00000000 00:00 0 
78fa6db1a000-78fa6dc00000 ---p 00000000 00:00 0 
78fa6dc00000-78fa6dc28000 r--p 00000000 08:03 657677                     /usr/lib/x86_64-linux-gnu/libc.so.6
78fa6dc28000-78fa6ddbd000 r-xp 00028000 08:03 657677                     /usr/lib/x86_64-linux-gnu/libc.so.6
78fa6ddbd000-78fa6de15000 r--p 001bd000 08:03 657677                     /usr/lib/x86_64-linux-gnu/libc.so.6
78fa6de15000-78fa6de16000 ---p 00215000 08:03 657677                     /usr/lib/x86_64-linux-gnu/libc.so.6
78fa6de16000-78fa6de1a000 r--p 00215000 08:03 657677                     /usr/lib/x86_64-linux-gnu/libc.so.6
78fa6de1a000-78fa6de1c000 rw-p 00219000 08:03 657677                     /usr/lib/x86_64-linux-gnu/libc.so.6
78fa6de1c000-78fa6de29000 rw-p 00000000 00:00 0 
78fa6de32000-78fa6de35000 r--p 00000000 08:03 665506                     /usr/lib/x86_64-linux-gnu/libgcc_s.so.1
78fa6de35000-78fa6de4c000 r-xp 00003000 08:03 665506                     /usr/lib/x86_64-linux-gnu/libgcc_s.so.1
78fa6de4c000-78fa6de50000 r--p 0001a000 08:03 665506                     /usr/lib/x86_64-linux-gnu/libgcc_s.so.1
78fa6de50000-78fa6de51000 r--p 0001d000 08:03 665506                     /usr/lib/x86_64-linux-gnu/libgcc_s.so.1
78fa6de51000-78fa6de52000 rw-p 0001e000 08:03 665506                     /usr/lib/x86_64-linux-gnu/libgcc_s.so.1
78fa6de64000-78fa6df00000 rw-p 00000000 00:00 0 
78fa6df00000-78fa6df04000 ---p 00000000 00:00 0 
78fa6df04000-78fa6e000000 rw-p 00000000 00:00 0 
78fa6e000000-78fa6e019000 r-xp 00000000 08:03 552678                     /home/winds/.jdks/corretto-18.0.2/lib/libjli.so
78fa6e019000-78fa6e218000 ---p 00019000 08:03 552678                     /home/winds/.jdks/corretto-18.0.2/lib/libjli.so
78fa6e218000-78fa6e219000 r--p 00018000 08:03 552678                     /home/winds/.jdks/corretto-18.0.2/lib/libjli.so
78fa6e219000-78fa6e21a000 rw-p 00019000 08:03 552678                     /home/winds/.jdks/corretto-18.0.2/lib/libjli.so
78fa6e223000-78fa6e224000 r--p 00000000 08:03 846529                     /home/winds/.javacpp/cache/llvm-13.0.1-1.5.7-linux-x86_64.jar/org/bytedeco/llvm/linux-x86_64/libRemarks.so.13
78fa6e224000-78fa6e225000 r-xp 00001000 08:03 846529                     /home/winds/.javacpp/cache/llvm-13.0.1-1.5.7-linux-x86_64.jar/org/bytedeco/llvm/linux-x86_64/libRemarks.so.13
78fa6e225000-78fa6e226000 r--p 00002000 08:03 846529                     /home/winds/.javacpp/cache/llvm-13.0.1-1.5.7-linux-x86_64.jar/org/bytedeco/llvm/linux-x86_64/libRemarks.so.13
78fa6e226000-78fa6e227000 r--p 00002000 08:03 846529                     /home/winds/.javacpp/cache/llvm-13.0.1-1.5.7-linux-x86_64.jar/org/bytedeco/llvm/linux-x86_64/libRemarks.so.13
78fa6e227000-78fa6e228000 rw-p 00003000 08:03 846529                     /home/winds/.javacpp/cache/llvm-13.0.1-1.5.7-linux-x86_64.jar/org/bytedeco/llvm/linux-x86_64/libRemarks.so.13
78fa6e228000-78fa6e22c000 r--p 00000000 08:03 846525                     /home/winds/.javacpp/cache/javacpp-1.5.7-linux-x86_64.jar/org/bytedeco/javacpp/linux-x86_64/libjnijavacpp.so
78fa6e22c000-78fa6e233000 r-xp 00004000 08:03 846525                     /home/winds/.javacpp/cache/javacpp-1.5.7-linux-x86_64.jar/org/bytedeco/javacpp/linux-x86_64/libjnijavacpp.so
78fa6e233000-78fa6e237000 r--p 0000b000 08:03 846525                     /home/winds/.javacpp/cache/javacpp-1.5.7-linux-x86_64.jar/org/bytedeco/javacpp/linux-x86_64/libjnijavacpp.so
78fa6e237000-78fa6e238000 r--p 0000e000 08:03 846525                     /home/winds/.javacpp/cache/javacpp-1.5.7-linux-x86_64.jar/org/bytedeco/javacpp/linux-x86_64/libjnijavacpp.so
78fa6e238000-78fa6e239000 rw-p 0000f000 08:03 846525                     /home/winds/.javacpp/cache/javacpp-1.5.7-linux-x86_64.jar/org/bytedeco/javacpp/linux-x86_64/libjnijavacpp.so
78fa6e239000-78fa6e240000 r--s 00000000 08:03 989561                     /usr/lib/x86_64-linux-gnu/gconv/gconv-modules.cache
78fa6e240000-78fa6e287000 rw-p 00000000 00:00 0 
78fa6e287000-78fa6e28e000 ---p 00000000 00:00 0 
78fa6e28e000-78fa6e29c000 r--p 00000000 08:03 657683                     /usr/lib/x86_64-linux-gnu/libm.so.6
78fa6e29c000-78fa6e318000 r-xp 0000e000 08:03 657683                     /usr/lib/x86_64-linux-gnu/libm.so.6
78fa6e318000-78fa6e373000 r--p 0008a000 08:03 657683                     /usr/lib/x86_64-linux-gnu/libm.so.6
78fa6e373000-78fa6e374000 r--p 000e4000 08:03 657683                     /usr/lib/x86_64-linux-gnu/libm.so.6
78fa6e374000-78fa6e375000 rw-p 000e5000 08:03 657683                     /usr/lib/x86_64-linux-gnu/libm.so.6
78fa6e375000-78fa6e376000 r--p 00000000 08:03 657695                     /usr/lib/x86_64-linux-gnu/librt.so.1
78fa6e376000-78fa6e377000 r-xp 00001000 08:03 657695                     /usr/lib/x86_64-linux-gnu/librt.so.1
78fa6e377000-78fa6e378000 r--p 00002000 08:03 657695                     /usr/lib/x86_64-linux-gnu/librt.so.1
78fa6e378000-78fa6e379000 r--p 00002000 08:03 657695                     /usr/lib/x86_64-linux-gnu/librt.so.1
78fa6e379000-78fa6e37a000 rw-p 00003000 08:03 657695                     /usr/lib/x86_64-linux-gnu/librt.so.1
78fa6e37a000-78fa6e37c000 rw-p 00000000 00:00 0 
78fa6e37c000-78fa6e37d000 r--p 00000000 08:03 657681                     /usr/lib/x86_64-linux-gnu/libdl.so.2
78fa6e37d000-78fa6e37e000 r-xp 00001000 08:03 657681                     /usr/lib/x86_64-linux-gnu/libdl.so.2
78fa6e37e000-78fa6e37f000 r--p 00002000 08:03 657681                     /usr/lib/x86_64-linux-gnu/libdl.so.2
78fa6e37f000-78fa6e380000 r--p 00002000 08:03 657681                     /usr/lib/x86_64-linux-gnu/libdl.so.2
78fa6e380000-78fa6e381000 rw-p 00003000 08:03 657681                     /usr/lib/x86_64-linux-gnu/libdl.so.2
78fa6e381000-78fa6e382000 r--p 00000000 08:03 657693                     /usr/lib/x86_64-linux-gnu/libpthread.so.0
78fa6e382000-78fa6e383000 r-xp 00001000 08:03 657693                     /usr/lib/x86_64-linux-gnu/libpthread.so.0
78fa6e383000-78fa6e384000 r--p 00002000 08:03 657693                     /usr/lib/x86_64-linux-gnu/libpthread.so.0
78fa6e384000-78fa6e385000 r--p 00002000 08:03 657693                     /usr/lib/x86_64-linux-gnu/libpthread.so.0
78fa6e385000-78fa6e386000 rw-p 00003000 08:03 657693                     /usr/lib/x86_64-linux-gnu/libpthread.so.0
78fa6e388000-78fa6e38e000 r--s 000f8000 08:03 1082603                    /usr/local/bin/idea-IU-233.13135.103/plugins/java/lib/rt/debugger-agent.jar
78fa6e38e000-78fa6e396000 rw-s 00000000 08:03 393696                     /tmp/hsperfdata_winds/6404
78fa6e396000-78fa6e397000 ---p 00000000 00:00 0 
78fa6e397000-78fa6e398000 r--p 00000000 00:00 0 
78fa6e398000-78fa6e39a000 rw-p 00000000 00:00 0 
78fa6e39a000-78fa6e39c000 r--p 00000000 08:03 657671                     /usr/lib/x86_64-linux-gnu/ld-linux-x86-64.so.2
78fa6e39c000-78fa6e3c6000 r-xp 00002000 08:03 657671                     /usr/lib/x86_64-linux-gnu/ld-linux-x86-64.so.2
78fa6e3c6000-78fa6e3d1000 r--p 0002c000 08:03 657671                     /usr/lib/x86_64-linux-gnu/ld-linux-x86-64.so.2
78fa6e3d1000-78fa6e3d2000 ---p 00000000 00:00 0 
78fa6e3d2000-78fa6e3d4000 r--p 00037000 08:03 657671                     /usr/lib/x86_64-linux-gnu/ld-linux-x86-64.so.2
78fa6e3d4000-78fa6e3d6000 rw-p 00039000 08:03 657671                     /usr/lib/x86_64-linux-gnu/ld-linux-x86-64.so.2
7fffde0c3000-7fffde0e4000 rw-p 00000000 00:00 0                          [stack]
7fffde0f8000-7fffde0fc000 r--p 00000000 00:00 0                          [vvar]
7fffde0fc000-7fffde0fe000 r-xp 00000000 00:00 0                          [vdso]
ffffffffff600000-ffffffffff601000 --xp 00000000 00:00 0                  [vsyscall]


VM Arguments:
jvm_args: -agentlib:jdwp=transport=dt_socket,address=127.0.0.1:59305,suspend=y,server=n -javaagent:/usr/local/bin/idea-IU-233.13135.103/plugins/java/lib/rt/debugger-agent.jar -Dfile.encoding=UTF-8 -Dsun.stdout.encoding=UTF-8 -Dsun.stderr.encoding=UTF-8 
java_command: Main tests/LLVMtest/globalVarDef.txt
java_class_path (initial): /home/winds/Documents/Compiler/production/Lab:/usr/local/lib/antlr-4.9.1-complete.jar:/usr/local/lib/javacpp-1.5.7-linux-x86_64.jar:/usr/local/lib/javacpp-1.5.7.jar:/usr/local/lib/llvm-13.0.1-1.5.7-linux-x86_64.jar:/usr/local/lib/llvm-13.0.1-1.5.7.jar:/usr/local/lib/llvm-platform-13.0.1-1.5.7.jar:/usr/local/bin/idea-IU-233.13135.103/lib/idea_rt.jar
Launcher Type: SUN_STANDARD

[Global flags]
     intx CICompilerCount                          = 3                                         {product} {ergonomic}
     uint ConcGCThreads                            = 1                                         {product} {ergonomic}
     uint G1ConcRefinementThreads                  = 4                                         {product} {ergonomic}
   size_t G1HeapRegionSize                         = 1048576                                   {product} {ergonomic}
    uintx GCDrainStackTargetSize                   = 64                                        {product} {ergonomic}
   size_t InitialHeapSize                          = 130023424                                 {product} {ergonomic}
   size_t MarkStackSize                            = 4194304                                   {product} {ergonomic}
   size_t MaxHeapSize                              = 2071986176                                {product} {ergonomic}
   size_t MaxNewSize                               = 1242562560                                {product} {ergonomic}
   size_t MinHeapDeltaBytes                        = 1048576                                   {product} {ergonomic}
   size_t MinHeapSize                              = 8388608                                   {product} {ergonomic}
    uintx NonNMethodCodeHeapSize                   = 5832780                                {pd product} {ergonomic}
    uintx NonProfiledCodeHeapSize                  = 122912730                              {pd product} {ergonomic}
    uintx ProfiledCodeHeapSize                     = 122912730                              {pd product} {ergonomic}
    uintx ReservedCodeCacheSize                    = 251658240                              {pd product} {ergonomic}
     bool SegmentedCodeCache                       = true                                      {product} {ergonomic}
   size_t SoftMaxHeapSize                          = 2071986176                             {manageable} {ergonomic}
     bool UseCompressedClassPointers               = true                           {product lp64_product} {ergonomic}
     bool UseCompressedOops                        = true                           {product lp64_product} {ergonomic}
     bool UseG1GC                                  = true                                      {product} {ergonomic}

Logging:
Log output configuration:
 #0: stdout all=warning uptime,level,tags foldmultilines=false
 #1: stderr all=off uptime,level,tags foldmultilines=false

Environment Variables:
PATH=/home/winds/.local/bin:/usr/local/lib/node/nodejs/bin:/usr/local/sbin:/usr/local/bin:/usr/sbin:/usr/bin:/sbin:/bin:/usr/games:/usr/local/games:/snap/bin:/snap/bin
USERNAME=winds
SHELL=/bin/bash
DISPLAY=:0
LANG=en_GB.UTF-8

Signal Handlers:
   SIGSEGV: crash_handler in libjvm.so, mask=11100100010111111101111111111110, flags=SA_RESTART|SA_SIGINFO
    SIGBUS: crash_handler in libjvm.so, mask=11100100010111111101111111111110, flags=SA_RESTART|SA_SIGINFO
    SIGFPE: crash_handler in libjvm.so, mask=11100100010111111101111111111110, flags=SA_RESTART|SA_SIGINFO
   SIGPIPE: javaSignalHandler in libjvm.so, mask=11100100010111111101111111111110, flags=SA_RESTART|SA_SIGINFO
   SIGXFSZ: javaSignalHandler in libjvm.so, mask=11100100010111111101111111111110, flags=SA_RESTART|SA_SIGINFO
    SIGILL: crash_handler in libjvm.so, mask=11100100010111111101111111111110, flags=SA_RESTART|SA_SIGINFO
   SIGUSR2: SR_handler in libjvm.so, mask=00100000000000000000000000000000, flags=SA_RESTART|SA_SIGINFO
    SIGHUP: UserHandler in libjvm.so, mask=11100100010111111101111111111110, flags=SA_RESTART|SA_SIGINFO
    SIGINT: UserHandler in libjvm.so, mask=11100100010111111101111111111110, flags=SA_RESTART|SA_SIGINFO
   SIGTERM: UserHandler in libjvm.so, mask=11100100010111111101111111111110, flags=SA_RESTART|SA_SIGINFO
   SIGQUIT: UserHandler in libjvm.so, mask=11100100010111111101111111111110, flags=SA_RESTART|SA_SIGINFO
   SIGTRAP: crash_handler in libjvm.so, mask=11100100010111111101111111111110, flags=SA_RESTART|SA_SIGINFO


---------------  S Y S T E M  ---------------

OS:
DISTRIB_ID=Kylin
DISTRIB_RELEASE=V10
DISTRIB_CODENAME=kylin
DISTRIB_DESCRIPTION="Kylin V10 SP1"
DISTRIB_KYLIN_RELEASE=V10
DISTRIB_VERSION_TYPE=enterprise
DISTRIB_VERSION_MODE=normal
uname: Linux 6.5.0-28-generic #29~22.04.1-Ubuntu SMP PREEMPT_DYNAMIC Thu Apr  4 14:39:20 UTC 2 x86_64
OS uptime: 0 days 1:04 hours
libc: glibc 2.35 NPTL 2.35 
rlimit (soft/hard): STACK 8192k/infinity , CORE 0k/infinity , NPROC 31287/31287 , NOFILE 1048576/1048576 , AS infinity/infinity , CPU infinity/infinity , DATA infinity/infinity , FSIZE infinity/infinity , MEMLOCK 1010768k/1010768k
load average: 2,38 1,73 1,28

/proc/meminfo:
MemTotal:        8086164 kB
MemFree:          179320 kB
MemAvailable:    2931680 kB
Buffers:          102388 kB
Cached:          2832104 kB
SwapCached:            0 kB
Active:          6432696 kB
Inactive:         807572 kB
Active(anon):    4339164 kB
Inactive(anon):      780 kB
Active(file):    2093532 kB
Inactive(file):   806792 kB
Unevictable:           0 kB
Mlocked:               0 kB
SwapTotal:       3297276 kB
SwapFree:        3297276 kB
Zswap:                 0 kB
Zswapped:              0 kB
Dirty:               280 kB
Writeback:             0 kB
AnonPages:       4305844 kB
Mapped:          1404184 kB
Shmem:             34168 kB
KReclaimable:     145616 kB
Slab:             300236 kB
SReclaimable:     145616 kB
SUnreclaim:       154620 kB
KernelStack:       17376 kB
PageTables:        33176 kB
SecPageTables:         0 kB
NFS_Unstable:          0 kB
Bounce:                0 kB
WritebackTmp:          0 kB
CommitLimit:     7340356 kB
Committed_AS:    7867532 kB
VmallocTotal:   34359738367 kB
VmallocUsed:       41344 kB
VmallocChunk:          0 kB
Percpu:            99840 kB
HardwareCorrupted:     0 kB
AnonHugePages:         0 kB
ShmemHugePages:        0 kB
ShmemPmdMapped:        0 kB
FileHugePages:         0 kB
FilePmdMapped:         0 kB
Unaccepted:            0 kB
HugePages_Total:       0
HugePages_Free:        0
HugePages_Rsvd:        0
HugePages_Surp:        0
Hugepagesize:       2048 kB
Hugetlb:               0 kB
DirectMap4k:      169792 kB
DirectMap2M:     2975744 kB
DirectMap1G:     7340032 kB

/sys/kernel/mm/transparent_hugepage/enabled: always [madvise] never
/sys/kernel/mm/transparent_hugepage/defrag (defrag/compaction efforts parameter): always defer defer+madvise [madvise] never

Process Memory:
Virtual Size: 5281964K (peak: 5281964K)
Resident Set Size: 102388K (peak: 102388K) (anon: 43892K, file: 58496K, shmem: 0K)
Swapped out: 0K
C-Heap outstanding allocations: 18035K, retained: 9016K

/proc/sys/kernel/threads-max (system-wide limit on the number of threads): 62575
/proc/sys/vm/max_map_count (maximum number of memory map areas a process may have): 65530
/proc/sys/kernel/pid_max (system-wide limit on number of process identifiers): 4194304

container (cgroup) information:
container_type: cgroupv2
cpu_cpuset_cpus: not supported
cpu_memory_nodes: not supported
active_processor_count: 4
cpu_quota: not supported
cpu_period: not supported
cpu_shares: not supported
memory_limit_in_bytes: unlimited
memory_and_swap_limit_in_bytes: unlimited
memory_soft_limit_in_bytes: unlimited
memory_usage_in_bytes: 4458131456
memory_max_usage_in_bytes: not supported
maximum number of tasks: 9386
current number of tasks: 164

VMWare virtualization detected
Steal ticks since vm start: 0
Steal ticks percentage since vm start:  0,000

CPU: total 4 (initial active 4) (1 cores per cpu, 1 threads per core) family 25 model 116 stepping 1 microcode 0x0, cx8, cmov, fxsr, mmx, 3dnowpref, sse, sse2, sse3, ssse3, sse4a, sse4.1, sse4.2, popcnt, lzcnt, tsc, tscinvbit, avx, avx2, aes, erms, clmul, bmi1, bmi2, adx, avx512f, avx512dq, avx512cd, avx512bw, avx512vl, sha, fma, vzeroupper, avx512_vpopcntdq, avx512_vpclmulqdq, avx512_vaes, avx512_vnni, clflush, clflushopt, avx512_vbmi2, avx512_vbmi, hv
CPU Model and flags from /proc/cpuinfo:
model name	: AMD Ryzen 7 7840H with Radeon 780M Graphics
flags		: fpu vme de pse tsc msr pae mce cx8 apic sep mtrr pge mca cmov pat pse36 clflush mmx fxsr sse sse2 syscall nx mmxext fxsr_opt pdpe1gb rdtscp lm constant_tsc rep_good nopl tsc_reliable nonstop_tsc cpuid extd_apicid tsc_known_freq pni pclmulqdq ssse3 fma cx16 sse4_1 sse4_2 x2apic movbe popcnt aes xsave avx f16c rdrand hypervisor lahf_lm svm extapic cr8_legacy abm sse4a misalignsse 3dnowprefetch osvw topoext ibpb vmmcall fsgsbase bmi1 avx2 smep bmi2 erms invpcid avx512f avx512dq rdseed adx smap avx512ifma clflushopt clwb avx512cd sha_ni avx512bw avx512vl xsaveopt xsavec xgetbv1 xsaves avx512_bf16 clzero wbnoinvd arat npt svm_lock nrip_save vmcb_clean flushbyasid decodeassists avx512vbmi umip pku ospke avx512_vbmi2 gfni vaes vpclmulqdq avx512_vnni avx512_bitalg avx512_vpopcntdq rdpid overflow_recov succor flush_l1d

Online cpus: 0-3
Offline cpus: 4-127
BIOS frequency limitation: <Not Available>
Frequency switch latency (ns): <Not Available>
Available cpu frequencies: <Not Available>
Current governor: <Not Available>
Core performance/turbo boost: <Not Available>

Memory: 4k page, physical 8086164k(179320k free), swap 3297276k(3297276k free)
Page Sizes: 4k

vm_info: OpenJDK 64-Bit Server VM (18.0.2+9-FR) for linux-amd64 JRE (18.0.2+9-FR), built on Jul 15 2022 19:39:41 by "jenkins" with gcc 7.3.1 20180303 (Red Hat 7.3.1-5)

END.
