#
# A fatal error has been detected by the Java Runtime Environment:
#
#  SIGSEGV (0xb) at pc=0x0000741b1dfede80, pid=6312, tid=6316
#
# JRE version: OpenJDK Runtime Environment Corretto-18.0.2.9.1 (18.0.2+9) (build 18.0.2+9-FR)
# Java VM: OpenJDK 64-Bit Server VM Corretto-18.0.2.9.1 (18.0.2+9-FR, mixed mode, sharing, tiered, compressed oops, compressed class ptrs, g1 gc, linux-amd64)
# Problematic frame:
# C  [libLLVM-13.so+0xbede80]  llvm::BasicBlock::getModule() const+0x0
#
# Core dump will be written. Default location: Core dumps may be processed with "/usr/share/apport/apport -p%p -s%s -c%c -d%d -P%P -u%u -g%g -- %E" (or dumping to /home/winds/Documents/Compiler/Lab/core.6312)
#
# If you would like to submit a bug report, please visit:
#   https://github.com/corretto/corretto-18/issues/
# The crash happened outside the Java Virtual Machine in native code.
# See problematic frame for where to report the bug.
#

---------------  S U M M A R Y ------------

Command Line: -javaagent:/usr/local/bin/idea-IU-233.13135.103/lib/idea_rt.jar=34659:/usr/local/bin/idea-IU-233.13135.103/bin -Dfile.encoding=UTF-8 -Dsun.stdout.encoding=UTF-8 -Dsun.stderr.encoding=UTF-8 Main tests/LLVMtest/globalVarDef.txt

Host: AMD Ryzen 7 7840H with Radeon 780M Graphics, 4 cores, 7G, Kylin V10 SP1
Time: Tue May 14 19:54:04 2024 +08 elapsed time: 0.348331 seconds (0d 0h 0m 0s)

---------------  T H R E A D  ---------------

Current thread (0x0000741b98027100):  JavaThread "main" [_thread_in_native, id=6316, stack(0x0000741ba0900000,0x0000741ba0a00000)]

Stack: [0x0000741ba0900000,0x0000741ba0a00000],  sp=0x0000741ba09fe1a8,  free space=1016k
Native frames: (J=compiled Java code, j=interpreted, Vv=VM code, C=native code)
C  [libLLVM-13.so+0xbede80]  llvm::BasicBlock::getModule() const+0x0

Java frames: (J=compiled Java code, j=interpreted, Vv=VM code)
j  org.bytedeco.llvm.global.LLVM.LLVMBuildAlloca(Lorg/bytedeco/llvm/LLVM/LLVMBuilderRef;Lorg/bytedeco/llvm/LLVM/LLVMTypeRef;Ljava/lang/String;)Lorg/bytedeco/llvm/LLVM/LLVMValueRef;+0
j  LLVMVistor.visitVarDecl(LSysYParser$VarDeclContext;)Lorg/bytedeco/llvm/LLVM/LLVMValueRef;+69
j  LLVMVistor.visitVarDecl(LSysYParser$VarDeclContext;)Ljava/lang/Object;+2
j  SysYParser$VarDeclContext.accept(Lorg/antlr/v4/runtime/tree/ParseTreeVisitor;)Ljava/lang/Object;+12
j  org.antlr.v4.runtime.tree.AbstractParseTreeVisitor.visitChildren(Lorg/antlr/v4/runtime/tree/RuleNode;)Ljava/lang/Object;+46
j  SysYParserBaseVisitor.visitDecl(LSysYParser$DeclContext;)Ljava/lang/Object;+2
j  SysYParser$DeclContext.accept(Lorg/antlr/v4/runtime/tree/ParseTreeVisitor;)Ljava/lang/Object;+12
j  org.antlr.v4.runtime.tree.AbstractParseTreeVisitor.visitChildren(Lorg/antlr/v4/runtime/tree/RuleNode;)Ljava/lang/Object;+46
j  SysYParserBaseVisitor.visitCompUnit(LSysYParser$CompUnitContext;)Ljava/lang/Object;+2
j  SysYParser$CompUnitContext.accept(Lorg/antlr/v4/runtime/tree/ParseTreeVisitor;)Ljava/lang/Object;+12
j  org.antlr.v4.runtime.tree.AbstractParseTreeVisitor.visitChildren(Lorg/antlr/v4/runtime/tree/RuleNode;)Ljava/lang/Object;+46
j  SysYParserBaseVisitor.visitProgram(LSysYParser$ProgramContext;)Ljava/lang/Object;+2
j  SysYParser$ProgramContext.accept(Lorg/antlr/v4/runtime/tree/ParseTreeVisitor;)Ljava/lang/Object;+12
j  org.antlr.v4.runtime.tree.AbstractParseTreeVisitor.visit(Lorg/antlr/v4/runtime/tree/ParseTree;)Ljava/lang/Object;+2
j  Main.main([Ljava/lang/String;)V+117
v  ~StubRoutines::call_stub

siginfo: si_signo: 11 (SIGSEGV), si_code: 1 (SEGV_MAPERR), si_addr: 0x0000000000000038

Register to memory mapping:

RAX=0x0000741b98342540 points into unknown readable memory: 0x0000007261765f67 | 67 5f 76 61 72 00 00 00
RBX={method} {0x0000741b644fd380} 'LLVMBuildAlloca' '(Lorg/bytedeco/llvm/LLVM/LLVMBuilderRef;Lorg/bytedeco/llvm/LLVM/LLVMTypeRef;Ljava/lang/String;)Lorg/bytedeco/llvm/LLVM/LLVMValueRef;' in 'org/bytedeco/llvm/global/LLVM'
RCX=0x0000000061765f67 is an unknown value
RDX=0x0000741b98342540 points into unknown readable memory: 0x0000007261765f67 | 67 5f 76 61 72 00 00 00
RSP=0x0000741ba09fe1a8 is pointing into the stack for thread: 0x0000741b98027100
RBP=0x0000741b983310f0 points into unknown readable memory: 0x0000741b98331100 | 00 11 33 98 1b 74 00 00
RSI=0x0000000000000101 is an unknown value
RDI=0x0 is NULL
R8 =0x0000741b98342540 points into unknown readable memory: 0x0000007261765f67 | 67 5f 76 61 72 00 00 00
R9 =0x0000000000000002 is an unknown value
R10=0x0000741b1d4d98a0: <offset 0x00000000000d98a0> in /home/winds/.javacpp/cache/llvm-13.0.1-1.5.7-linux-x86_64.jar/org/bytedeco/llvm/linux-x86_64/libLLVM-13.so at 0x0000741b1d400000
R11=0x0000741b1e02c610: LLVMBuildAlloca+0x0000000000000000 in /home/winds/.javacpp/cache/llvm-13.0.1-1.5.7-linux-x86_64.jar/org/bytedeco/llvm/linux-x86_64/libLLVM-13.so at 0x0000741b1d400000
R12=0x0 is NULL
R13=0x0000741b983d6fb8 points into unknown readable memory: 0x0000741b983d6830 | 30 68 3d 98 1b 74 00 00
R14=0x0000741b98342540 points into unknown readable memory: 0x0000007261765f67 | 67 5f 76 61 72 00 00 00
R15=0x0000741b98027100 is a thread


Registers:
RAX=0x0000741b98342540, RBX=0x0000741b644fd380, RCX=0x0000000061765f67, RDX=0x0000741b98342540
RSP=0x0000741ba09fe1a8, RBP=0x0000741b983310f0, RSI=0x0000000000000101, RDI=0x0000000000000000
R8 =0x0000741b98342540, R9 =0x0000000000000002, R10=0x0000741b1d4d98a0, R11=0x0000741b1e02c610
R12=0x0000000000000000, R13=0x0000741b983d6fb8, R14=0x0000741b98342540, R15=0x0000741b98027100
RIP=0x0000741b1dfede80, EFLAGS=0x0000000000010202, CSGSFS=0x002b000000000033, ERR=0x0000000000000004
  TRAPNO=0x000000000000000e

Top of Stack: (sp=0x0000741ba09fe1a8)
0x0000741ba09fe1a8:   0000741b1e02c645 0000741b98342540
0x0000741ba09fe1b8:   0000000000000000 cafebabecafebabe
0x0000741ba09fe1c8:   0000000000000000 0000000000000103
0x0000741ba09fe1d8:   0000000000000000 0000000000000000 

Instructions: (pc=0x0000741b1dfede80)
0x0000741b1dfedd80:   ff 66 0f ef c0 48 89 02 48 89 50 08 41 0f 11 45
0x0000741b1dfedd90:   00 e8 5a 4b 17 00 4c 39 f3 75 c5 4d 8b 6c 24 30
0x0000741b1dfedda0:   4c 39 ed 74 3b 0f 1f 00 4c 89 eb 48 89 ef 4d 8b
0x0000741b1dfeddb0:   6d 08 4c 8d 73 e8 4c 89 f6 e8 42 fd ff ff 48 8b
0x0000741b1dfeddc0:   03 48 8b 53 08 66 0f ef c9 4c 89 f7 48 89 02 48
0x0000741b1dfeddd0:   89 50 08 0f 11 0b e8 15 4b 17 00 4c 39 ed 75 c8
0x0000741b1dfedde0:   48 83 c4 08 4c 89 e7 5b 5d 41 5c 41 5d 41 5e 41
0x0000741b1dfeddf0:   5f e9 fa 48 17 00 66 2e 0f 1f 84 00 00 00 00 00
0x0000741b1dfede00:   48 8d 4b e8 48 89 c8 48 29 d0 e9 11 ff ff ff 90
0x0000741b1dfede10:   48 8b 07 48 8b 38 e8 45 13 16 00 31 d2 be 01 00
0x0000741b1dfede20:   00 00 48 89 c7 e8 b6 2a 02 00 48 89 c3 49 8b 44
0x0000741b1dfede30:   24 08 48 85 c0 0f 84 a2 fe ff ff 0f 1f 44 00 00
0x0000741b1dfede40:   48 8b 68 18 31 d2 48 89 df 48 8b 75 00 e8 ae bc
0x0000741b1dfede50:   02 00 48 89 ef 48 89 c6 e8 63 65 17 00 48 89 ef
0x0000741b1dfede60:   e8 4b 81 02 00 49 8b 44 24 08 48 85 c0 75 d1 e9
0x0000741b1dfede70:   69 fe ff ff 66 2e 0f 1f 84 00 00 00 00 00 66 90
0x0000741b1dfede80:   48 8b 47 38 48 8b 40 28 c3 0f 1f 80 00 00 00 00
0x0000741b1dfede90:   48 8b 47 28 48 83 c7 28 48 39 f8 74 2b 48 85 c0
0x0000741b1dfedea0:   0f 84 9e 9d d3 ff 4c 8d 40 e8 0f b6 40 f8 83 e8
0x0000741b1dfedeb0:   1b 83 f8 0b b8 00 00 00 00 4c 0f 43 c0 4c 89 c0
0x0000741b1dfedec0:   c3 0f 1f 80 00 00 00 00 45 31 c0 eb f0 0f 1f 00
0x0000741b1dfeded0:   48 8b 47 28 48 8d 57 28 48 39 d0 0f 84 af 00 00
0x0000741b1dfedee0:   00 48 85 c0 0f 84 64 9d d3 ff 45 31 c0 80 78 f8
0x0000741b1dfedef0:   1b 75 23 48 8b 57 30 48 8d 48 e8 48 85 d2 74 09
0x0000741b1dfedf00:   48 83 ea 18 48 39 d1 74 0d 48 8b 50 10 45 31 c0
0x0000741b1dfedf10:   48 39 42 30 75 0a 4c 89 c0 c3 66 0f 1f 44 00 00
0x0000741b1dfedf20:   4c 8b 00 4d 85 c0 74 ee 8b 50 fc 49 8d 48 e8 81
0x0000741b1dfedf30:   e2 ff ff ff 07 74 3e 89 d2 48 f7 da 48 c1 e2 05
0x0000741b1dfedf40:   48 8b 44 10 e8 48 85 c0 74 2b 48 39 c1 75 41 41
0x0000741b1dfedf50:   80 78 f8 4b 75 1f 49 8b 40 10 4c 39 40 30 74 30
0x0000741b1dfedf60:   49 8b 48 c8 4d 8b 00 4d 85 c0 74 aa 49 83 e8 18
0x0000741b1dfedf70:   4c 39 c1 75 1b 45 31 c0 80 79 10 52 75 98 0f b7 


Stack slot to memory mapping:
stack at sp + 0 slots: 0x0000741b1e02c645: LLVMBuildAlloca+0x0000000000000035 in /home/winds/.javacpp/cache/llvm-13.0.1-1.5.7-linux-x86_64.jar/org/bytedeco/llvm/linux-x86_64/libLLVM-13.so at 0x0000741b1d400000
stack at sp + 1 slots: 0x0000741b98342540 points into unknown readable memory: 0x0000007261765f67 | 67 5f 76 61 72 00 00 00
stack at sp + 2 slots: 0x0 is NULL
stack at sp + 3 slots: 0xcafebabecafebabe is an unknown value
stack at sp + 4 slots: 0x0 is NULL
stack at sp + 5 slots: 0x0000000000000103 is an unknown value
stack at sp + 6 slots: 0x0 is NULL
stack at sp + 7 slots: 0x0 is NULL


---------------  P R O C E S S  ---------------

Threads class SMR info:
_java_thread_list=0x0000741b982cccd0, length=13, elements={
0x0000741b98027100, 0x0000741b980ffbf0, 0x0000741b98101090, 0x0000741b98108010,
0x0000741b981093b0, 0x0000741b9810a7b0, 0x0000741b9810c150, 0x0000741b9810d670,
0x0000741b9810ead0, 0x0000741b9811b7e0, 0x0000741b981d3690, 0x0000741b981d5780,
0x0000741b982cc620
}

Java Threads: ( => current thread )
=>0x0000741b98027100 JavaThread "main" [_thread_in_native, id=6316, stack(0x0000741ba0900000,0x0000741ba0a00000)]
  0x0000741b980ffbf0 JavaThread "Reference Handler" daemon [_thread_blocked, id=6329, stack(0x0000741b9c700000,0x0000741b9c800000)]
  0x0000741b98101090 JavaThread "Finalizer" daemon [_thread_blocked, id=6330, stack(0x0000741b9c600000,0x0000741b9c700000)]
  0x0000741b98108010 JavaThread "Signal Dispatcher" daemon [_thread_blocked, id=6331, stack(0x0000741b9c500000,0x0000741b9c600000)]
  0x0000741b981093b0 JavaThread "Service Thread" daemon [_thread_blocked, id=6332, stack(0x0000741b9c400000,0x0000741b9c500000)]
  0x0000741b9810a7b0 JavaThread "Monitor Deflation Thread" daemon [_thread_blocked, id=6333, stack(0x0000741b9c300000,0x0000741b9c400000)]
  0x0000741b9810c150 JavaThread "C2 CompilerThread0" daemon [_thread_blocked, id=6334, stack(0x0000741b9c200000,0x0000741b9c300000)]
  0x0000741b9810d670 JavaThread "C1 CompilerThread0" daemon [_thread_blocked, id=6335, stack(0x0000741b9c100000,0x0000741b9c200000)]
  0x0000741b9810ead0 JavaThread "Sweeper thread" daemon [_thread_blocked, id=6336, stack(0x0000741b9c000000,0x0000741b9c100000)]
  0x0000741b9811b7e0 JavaThread "Common-Cleaner" daemon [_thread_blocked, id=6337, stack(0x0000741b97f00000,0x0000741b98000000)]
  0x0000741b981d3690 JavaThread "Monitor Ctrl-Break" daemon [_thread_in_native, id=6341, stack(0x0000741b7d340000,0x0000741b7d440000)]
  0x0000741b981d5780 JavaThread "Notification Thread" daemon [_thread_blocked, id=6342, stack(0x0000741b7c900000,0x0000741b7ca00000)]
  0x0000741b982cc620 JavaThread "JavaCPP Deallocator" daemon [_thread_blocked, id=6344, stack(0x0000741b7c100000,0x0000741b7c200000)]

Other Threads:
  0x0000741b980fca70 VMThread "VM Thread" [stack: 0x0000741b9cb5d000,0x0000741b9cc5d000] [id=6328]
  0x0000741b980298d0 WatcherThread "VM Periodic Task Thread" [stack: 0x0000741b7c500000,0x0000741b7c600000] [id=6343]
  0x0000741b98084fd0 WorkerThread "GC Thread#0" [stack: 0x0000741b9d46b000,0x0000741b9d56b000] [id=6319]
  0x0000741b98095cc0 ConcurrentGCThread "G1 Main Marker" [stack: 0x0000741b9d369000,0x0000741b9d469000] [id=6320]
  0x0000741b98096bc0 WorkerThread "G1 Conc#0" [stack: 0x0000741b9d267000,0x0000741b9d367000] [id=6323]
  0x0000741b980d0800 ConcurrentGCThread "G1 Refine#0" [stack: 0x0000741b9cd61000,0x0000741b9ce61000] [id=6325]
  0x0000741b980d16d0 ConcurrentGCThread "G1 Service" [stack: 0x0000741b9cc5f000,0x0000741b9cd5f000] [id=6326]

Threads with active compile tasks:

VM state: not at safepoint (normal execution)

VM Mutex/Monitor currently owned by a thread: None

Heap address: 0x0000000084800000, size: 1976 MB, Compressed Oops mode: 32-bit

CDS archive(s) mapped at: [0x0000000800000000-0x0000000800bb1000-0x0000000800bb1000), size 12259328, SharedBaseAddress: 0x0000000800000000, ArchiveRelocationMode: 0.
Compressed class space mapped at: 0x0000000800c00000-0x0000000840c00000, reserved size: 1073741824
Narrow klass base: 0x0000000800000000, Narrow klass shift: 0, Narrow klass range: 0x100000000

GC Precious Log:
 CardTable entry size: 512
 Card Set container configuration: InlinePtr #cards 5 size 8 Array Of Cards #cards 12 size 40 Howl #buckets 4 coarsen threshold 1843 Howl Bitmap #cards 512 size 80 coarsen threshold 460 Card regions per heap region 1 cards per card region 2048
 CPUs: 4 total, 4 available
 Memory: 7896M
 Large Page Support: Disabled
 NUMA Support: Disabled
 Compressed Oops: Enabled (32-bit)
 Heap Region Size: 1M
 Heap Min Capacity: 8M
 Heap Initial Capacity: 124M
 Heap Max Capacity: 1976M
 Pre-touch: Disabled
 Parallel Workers: 4
 Concurrent Workers: 1
 Concurrent Refinement Workers: 4
 Periodic GC: Disabled

Heap:
 garbage-first heap   total 129024K, used 9132K [0x0000000084800000, 0x0000000100000000)
  region size 1024K, 9 young (9216K), 0 survivors (0K)
 Metaspace       used 3492K, committed 3648K, reserved 1114112K
  class space    used 378K, committed 448K, reserved 1048576K

Heap Regions: E=young(eden), S=young(survivor), O=old, HS=humongous(starts), HC=humongous(continues), CS=collection set, F=free, OA=open archive, CA=closed archive, TAMS=top-at-mark-start (previous, next)
|   0|0x0000000084800000, 0x0000000084800000, 0x0000000084900000|  0%| F|  |TAMS 0x0000000084800000, 0x0000000084800000| Untracked 
|   1|0x0000000084900000, 0x0000000084900000, 0x0000000084a00000|  0%| F|  |TAMS 0x0000000084900000, 0x0000000084900000| Untracked 
|   2|0x0000000084a00000, 0x0000000084a00000, 0x0000000084b00000|  0%| F|  |TAMS 0x0000000084a00000, 0x0000000084a00000| Untracked 
|   3|0x0000000084b00000, 0x0000000084b00000, 0x0000000084c00000|  0%| F|  |TAMS 0x0000000084b00000, 0x0000000084b00000| Untracked 
|   4|0x0000000084c00000, 0x0000000084c00000, 0x0000000084d00000|  0%| F|  |TAMS 0x0000000084c00000, 0x0000000084c00000| Untracked 
|   5|0x0000000084d00000, 0x0000000084d00000, 0x0000000084e00000|  0%| F|  |TAMS 0x0000000084d00000, 0x0000000084d00000| Untracked 
|   6|0x0000000084e00000, 0x0000000084e00000, 0x0000000084f00000|  0%| F|  |TAMS 0x0000000084e00000, 0x0000000084e00000| Untracked 
|   7|0x0000000084f00000, 0x0000000084f00000, 0x0000000085000000|  0%| F|  |TAMS 0x0000000084f00000, 0x0000000084f00000| Untracked 
|   8|0x0000000085000000, 0x0000000085000000, 0x0000000085100000|  0%| F|  |TAMS 0x0000000085000000, 0x0000000085000000| Untracked 
|   9|0x0000000085100000, 0x0000000085100000, 0x0000000085200000|  0%| F|  |TAMS 0x0000000085100000, 0x0000000085100000| Untracked 
|  10|0x0000000085200000, 0x0000000085200000, 0x0000000085300000|  0%| F|  |TAMS 0x0000000085200000, 0x0000000085200000| Untracked 
|  11|0x0000000085300000, 0x0000000085300000, 0x0000000085400000|  0%| F|  |TAMS 0x0000000085300000, 0x0000000085300000| Untracked 
|  12|0x0000000085400000, 0x0000000085400000, 0x0000000085500000|  0%| F|  |TAMS 0x0000000085400000, 0x0000000085400000| Untracked 
|  13|0x0000000085500000, 0x0000000085500000, 0x0000000085600000|  0%| F|  |TAMS 0x0000000085500000, 0x0000000085500000| Untracked 
|  14|0x0000000085600000, 0x0000000085600000, 0x0000000085700000|  0%| F|  |TAMS 0x0000000085600000, 0x0000000085600000| Untracked 
|  15|0x0000000085700000, 0x0000000085700000, 0x0000000085800000|  0%| F|  |TAMS 0x0000000085700000, 0x0000000085700000| Untracked 
|  16|0x0000000085800000, 0x0000000085800000, 0x0000000085900000|  0%| F|  |TAMS 0x0000000085800000, 0x0000000085800000| Untracked 
|  17|0x0000000085900000, 0x0000000085900000, 0x0000000085a00000|  0%| F|  |TAMS 0x0000000085900000, 0x0000000085900000| Untracked 
|  18|0x0000000085a00000, 0x0000000085a00000, 0x0000000085b00000|  0%| F|  |TAMS 0x0000000085a00000, 0x0000000085a00000| Untracked 
|  19|0x0000000085b00000, 0x0000000085b00000, 0x0000000085c00000|  0%| F|  |TAMS 0x0000000085b00000, 0x0000000085b00000| Untracked 
|  20|0x0000000085c00000, 0x0000000085c00000, 0x0000000085d00000|  0%| F|  |TAMS 0x0000000085c00000, 0x0000000085c00000| Untracked 
|  21|0x0000000085d00000, 0x0000000085d00000, 0x0000000085e00000|  0%| F|  |TAMS 0x0000000085d00000, 0x0000000085d00000| Untracked 
|  22|0x0000000085e00000, 0x0000000085e00000, 0x0000000085f00000|  0%| F|  |TAMS 0x0000000085e00000, 0x0000000085e00000| Untracked 
|  23|0x0000000085f00000, 0x0000000085f00000, 0x0000000086000000|  0%| F|  |TAMS 0x0000000085f00000, 0x0000000085f00000| Untracked 
|  24|0x0000000086000000, 0x0000000086000000, 0x0000000086100000|  0%| F|  |TAMS 0x0000000086000000, 0x0000000086000000| Untracked 
|  25|0x0000000086100000, 0x0000000086100000, 0x0000000086200000|  0%| F|  |TAMS 0x0000000086100000, 0x0000000086100000| Untracked 
|  26|0x0000000086200000, 0x0000000086200000, 0x0000000086300000|  0%| F|  |TAMS 0x0000000086200000, 0x0000000086200000| Untracked 
|  27|0x0000000086300000, 0x0000000086300000, 0x0000000086400000|  0%| F|  |TAMS 0x0000000086300000, 0x0000000086300000| Untracked 
|  28|0x0000000086400000, 0x0000000086400000, 0x0000000086500000|  0%| F|  |TAMS 0x0000000086400000, 0x0000000086400000| Untracked 
|  29|0x0000000086500000, 0x0000000086500000, 0x0000000086600000|  0%| F|  |TAMS 0x0000000086500000, 0x0000000086500000| Untracked 
|  30|0x0000000086600000, 0x0000000086600000, 0x0000000086700000|  0%| F|  |TAMS 0x0000000086600000, 0x0000000086600000| Untracked 
|  31|0x0000000086700000, 0x0000000086700000, 0x0000000086800000|  0%| F|  |TAMS 0x0000000086700000, 0x0000000086700000| Untracked 
|  32|0x0000000086800000, 0x0000000086800000, 0x0000000086900000|  0%| F|  |TAMS 0x0000000086800000, 0x0000000086800000| Untracked 
|  33|0x0000000086900000, 0x0000000086900000, 0x0000000086a00000|  0%| F|  |TAMS 0x0000000086900000, 0x0000000086900000| Untracked 
|  34|0x0000000086a00000, 0x0000000086a00000, 0x0000000086b00000|  0%| F|  |TAMS 0x0000000086a00000, 0x0000000086a00000| Untracked 
|  35|0x0000000086b00000, 0x0000000086b00000, 0x0000000086c00000|  0%| F|  |TAMS 0x0000000086b00000, 0x0000000086b00000| Untracked 
|  36|0x0000000086c00000, 0x0000000086c00000, 0x0000000086d00000|  0%| F|  |TAMS 0x0000000086c00000, 0x0000000086c00000| Untracked 
|  37|0x0000000086d00000, 0x0000000086d00000, 0x0000000086e00000|  0%| F|  |TAMS 0x0000000086d00000, 0x0000000086d00000| Untracked 
|  38|0x0000000086e00000, 0x0000000086e00000, 0x0000000086f00000|  0%| F|  |TAMS 0x0000000086e00000, 0x0000000086e00000| Untracked 
|  39|0x0000000086f00000, 0x0000000086f00000, 0x0000000087000000|  0%| F|  |TAMS 0x0000000086f00000, 0x0000000086f00000| Untracked 
|  40|0x0000000087000000, 0x0000000087000000, 0x0000000087100000|  0%| F|  |TAMS 0x0000000087000000, 0x0000000087000000| Untracked 
|  41|0x0000000087100000, 0x0000000087100000, 0x0000000087200000|  0%| F|  |TAMS 0x0000000087100000, 0x0000000087100000| Untracked 
|  42|0x0000000087200000, 0x0000000087200000, 0x0000000087300000|  0%| F|  |TAMS 0x0000000087200000, 0x0000000087200000| Untracked 
|  43|0x0000000087300000, 0x0000000087300000, 0x0000000087400000|  0%| F|  |TAMS 0x0000000087300000, 0x0000000087300000| Untracked 
|  44|0x0000000087400000, 0x0000000087400000, 0x0000000087500000|  0%| F|  |TAMS 0x0000000087400000, 0x0000000087400000| Untracked 
|  45|0x0000000087500000, 0x0000000087500000, 0x0000000087600000|  0%| F|  |TAMS 0x0000000087500000, 0x0000000087500000| Untracked 
|  46|0x0000000087600000, 0x0000000087600000, 0x0000000087700000|  0%| F|  |TAMS 0x0000000087600000, 0x0000000087600000| Untracked 
|  47|0x0000000087700000, 0x0000000087700000, 0x0000000087800000|  0%| F|  |TAMS 0x0000000087700000, 0x0000000087700000| Untracked 
|  48|0x0000000087800000, 0x0000000087800000, 0x0000000087900000|  0%| F|  |TAMS 0x0000000087800000, 0x0000000087800000| Untracked 
|  49|0x0000000087900000, 0x0000000087900000, 0x0000000087a00000|  0%| F|  |TAMS 0x0000000087900000, 0x0000000087900000| Untracked 
|  50|0x0000000087a00000, 0x0000000087a00000, 0x0000000087b00000|  0%| F|  |TAMS 0x0000000087a00000, 0x0000000087a00000| Untracked 
|  51|0x0000000087b00000, 0x0000000087b00000, 0x0000000087c00000|  0%| F|  |TAMS 0x0000000087b00000, 0x0000000087b00000| Untracked 
|  52|0x0000000087c00000, 0x0000000087c00000, 0x0000000087d00000|  0%| F|  |TAMS 0x0000000087c00000, 0x0000000087c00000| Untracked 
|  53|0x0000000087d00000, 0x0000000087d00000, 0x0000000087e00000|  0%| F|  |TAMS 0x0000000087d00000, 0x0000000087d00000| Untracked 
|  54|0x0000000087e00000, 0x0000000087e00000, 0x0000000087f00000|  0%| F|  |TAMS 0x0000000087e00000, 0x0000000087e00000| Untracked 
|  55|0x0000000087f00000, 0x0000000087f00000, 0x0000000088000000|  0%| F|  |TAMS 0x0000000087f00000, 0x0000000087f00000| Untracked 
|  56|0x0000000088000000, 0x0000000088000000, 0x0000000088100000|  0%| F|  |TAMS 0x0000000088000000, 0x0000000088000000| Untracked 
|  57|0x0000000088100000, 0x0000000088100000, 0x0000000088200000|  0%| F|  |TAMS 0x0000000088100000, 0x0000000088100000| Untracked 
|  58|0x0000000088200000, 0x0000000088200000, 0x0000000088300000|  0%| F|  |TAMS 0x0000000088200000, 0x0000000088200000| Untracked 
|  59|0x0000000088300000, 0x0000000088300000, 0x0000000088400000|  0%| F|  |TAMS 0x0000000088300000, 0x0000000088300000| Untracked 
|  60|0x0000000088400000, 0x0000000088400000, 0x0000000088500000|  0%| F|  |TAMS 0x0000000088400000, 0x0000000088400000| Untracked 
|  61|0x0000000088500000, 0x0000000088500000, 0x0000000088600000|  0%| F|  |TAMS 0x0000000088500000, 0x0000000088500000| Untracked 
|  62|0x0000000088600000, 0x0000000088600000, 0x0000000088700000|  0%| F|  |TAMS 0x0000000088600000, 0x0000000088600000| Untracked 
|  63|0x0000000088700000, 0x0000000088700000, 0x0000000088800000|  0%| F|  |TAMS 0x0000000088700000, 0x0000000088700000| Untracked 
|  64|0x0000000088800000, 0x0000000088800000, 0x0000000088900000|  0%| F|  |TAMS 0x0000000088800000, 0x0000000088800000| Untracked 
|  65|0x0000000088900000, 0x0000000088900000, 0x0000000088a00000|  0%| F|  |TAMS 0x0000000088900000, 0x0000000088900000| Untracked 
|  66|0x0000000088a00000, 0x0000000088a00000, 0x0000000088b00000|  0%| F|  |TAMS 0x0000000088a00000, 0x0000000088a00000| Untracked 
|  67|0x0000000088b00000, 0x0000000088b00000, 0x0000000088c00000|  0%| F|  |TAMS 0x0000000088b00000, 0x0000000088b00000| Untracked 
|  68|0x0000000088c00000, 0x0000000088c00000, 0x0000000088d00000|  0%| F|  |TAMS 0x0000000088c00000, 0x0000000088c00000| Untracked 
|  69|0x0000000088d00000, 0x0000000088d00000, 0x0000000088e00000|  0%| F|  |TAMS 0x0000000088d00000, 0x0000000088d00000| Untracked 
|  70|0x0000000088e00000, 0x0000000088e00000, 0x0000000088f00000|  0%| F|  |TAMS 0x0000000088e00000, 0x0000000088e00000| Untracked 
|  71|0x0000000088f00000, 0x0000000088f00000, 0x0000000089000000|  0%| F|  |TAMS 0x0000000088f00000, 0x0000000088f00000| Untracked 
|  72|0x0000000089000000, 0x0000000089000000, 0x0000000089100000|  0%| F|  |TAMS 0x0000000089000000, 0x0000000089000000| Untracked 
|  73|0x0000000089100000, 0x0000000089100000, 0x0000000089200000|  0%| F|  |TAMS 0x0000000089100000, 0x0000000089100000| Untracked 
|  74|0x0000000089200000, 0x0000000089200000, 0x0000000089300000|  0%| F|  |TAMS 0x0000000089200000, 0x0000000089200000| Untracked 
|  75|0x0000000089300000, 0x0000000089300000, 0x0000000089400000|  0%| F|  |TAMS 0x0000000089300000, 0x0000000089300000| Untracked 
|  76|0x0000000089400000, 0x0000000089400000, 0x0000000089500000|  0%| F|  |TAMS 0x0000000089400000, 0x0000000089400000| Untracked 
|  77|0x0000000089500000, 0x0000000089500000, 0x0000000089600000|  0%| F|  |TAMS 0x0000000089500000, 0x0000000089500000| Untracked 
|  78|0x0000000089600000, 0x0000000089600000, 0x0000000089700000|  0%| F|  |TAMS 0x0000000089600000, 0x0000000089600000| Untracked 
|  79|0x0000000089700000, 0x0000000089700000, 0x0000000089800000|  0%| F|  |TAMS 0x0000000089700000, 0x0000000089700000| Untracked 
|  80|0x0000000089800000, 0x0000000089800000, 0x0000000089900000|  0%| F|  |TAMS 0x0000000089800000, 0x0000000089800000| Untracked 
|  81|0x0000000089900000, 0x0000000089900000, 0x0000000089a00000|  0%| F|  |TAMS 0x0000000089900000, 0x0000000089900000| Untracked 
|  82|0x0000000089a00000, 0x0000000089a00000, 0x0000000089b00000|  0%| F|  |TAMS 0x0000000089a00000, 0x0000000089a00000| Untracked 
|  83|0x0000000089b00000, 0x0000000089b00000, 0x0000000089c00000|  0%| F|  |TAMS 0x0000000089b00000, 0x0000000089b00000| Untracked 
|  84|0x0000000089c00000, 0x0000000089c00000, 0x0000000089d00000|  0%| F|  |TAMS 0x0000000089c00000, 0x0000000089c00000| Untracked 
|  85|0x0000000089d00000, 0x0000000089d00000, 0x0000000089e00000|  0%| F|  |TAMS 0x0000000089d00000, 0x0000000089d00000| Untracked 
|  86|0x0000000089e00000, 0x0000000089e00000, 0x0000000089f00000|  0%| F|  |TAMS 0x0000000089e00000, 0x0000000089e00000| Untracked 
|  87|0x0000000089f00000, 0x0000000089f00000, 0x000000008a000000|  0%| F|  |TAMS 0x0000000089f00000, 0x0000000089f00000| Untracked 
|  88|0x000000008a000000, 0x000000008a000000, 0x000000008a100000|  0%| F|  |TAMS 0x000000008a000000, 0x000000008a000000| Untracked 
|  89|0x000000008a100000, 0x000000008a100000, 0x000000008a200000|  0%| F|  |TAMS 0x000000008a100000, 0x000000008a100000| Untracked 
|  90|0x000000008a200000, 0x000000008a200000, 0x000000008a300000|  0%| F|  |TAMS 0x000000008a200000, 0x000000008a200000| Untracked 
|  91|0x000000008a300000, 0x000000008a300000, 0x000000008a400000|  0%| F|  |TAMS 0x000000008a300000, 0x000000008a300000| Untracked 
|  92|0x000000008a400000, 0x000000008a400000, 0x000000008a500000|  0%| F|  |TAMS 0x000000008a400000, 0x000000008a400000| Untracked 
|  93|0x000000008a500000, 0x000000008a500000, 0x000000008a600000|  0%| F|  |TAMS 0x000000008a500000, 0x000000008a500000| Untracked 
|  94|0x000000008a600000, 0x000000008a600000, 0x000000008a700000|  0%| F|  |TAMS 0x000000008a600000, 0x000000008a600000| Untracked 
|  95|0x000000008a700000, 0x000000008a700000, 0x000000008a800000|  0%| F|  |TAMS 0x000000008a700000, 0x000000008a700000| Untracked 
|  96|0x000000008a800000, 0x000000008a800000, 0x000000008a900000|  0%| F|  |TAMS 0x000000008a800000, 0x000000008a800000| Untracked 
|  97|0x000000008a900000, 0x000000008a900000, 0x000000008aa00000|  0%| F|  |TAMS 0x000000008a900000, 0x000000008a900000| Untracked 
|  98|0x000000008aa00000, 0x000000008aa00000, 0x000000008ab00000|  0%| F|  |TAMS 0x000000008aa00000, 0x000000008aa00000| Untracked 
|  99|0x000000008ab00000, 0x000000008ab00000, 0x000000008ac00000|  0%| F|  |TAMS 0x000000008ab00000, 0x000000008ab00000| Untracked 
| 100|0x000000008ac00000, 0x000000008ac00000, 0x000000008ad00000|  0%| F|  |TAMS 0x000000008ac00000, 0x000000008ac00000| Untracked 
| 101|0x000000008ad00000, 0x000000008ad00000, 0x000000008ae00000|  0%| F|  |TAMS 0x000000008ad00000, 0x000000008ad00000| Untracked 
| 102|0x000000008ae00000, 0x000000008ae00000, 0x000000008af00000|  0%| F|  |TAMS 0x000000008ae00000, 0x000000008ae00000| Untracked 
| 103|0x000000008af00000, 0x000000008af00000, 0x000000008b000000|  0%| F|  |TAMS 0x000000008af00000, 0x000000008af00000| Untracked 
| 104|0x000000008b000000, 0x000000008b000000, 0x000000008b100000|  0%| F|  |TAMS 0x000000008b000000, 0x000000008b000000| Untracked 
| 105|0x000000008b100000, 0x000000008b100000, 0x000000008b200000|  0%| F|  |TAMS 0x000000008b100000, 0x000000008b100000| Untracked 
| 106|0x000000008b200000, 0x000000008b200000, 0x000000008b300000|  0%| F|  |TAMS 0x000000008b200000, 0x000000008b200000| Untracked 
| 107|0x000000008b300000, 0x000000008b300000, 0x000000008b400000|  0%| F|  |TAMS 0x000000008b300000, 0x000000008b300000| Untracked 
| 108|0x000000008b400000, 0x000000008b400000, 0x000000008b500000|  0%| F|  |TAMS 0x000000008b400000, 0x000000008b400000| Untracked 
| 109|0x000000008b500000, 0x000000008b500000, 0x000000008b600000|  0%| F|  |TAMS 0x000000008b500000, 0x000000008b500000| Untracked 
| 110|0x000000008b600000, 0x000000008b600000, 0x000000008b700000|  0%| F|  |TAMS 0x000000008b600000, 0x000000008b600000| Untracked 
| 111|0x000000008b700000, 0x000000008b700000, 0x000000008b800000|  0%| F|  |TAMS 0x000000008b700000, 0x000000008b700000| Untracked 
| 112|0x000000008b800000, 0x000000008b800000, 0x000000008b900000|  0%| F|  |TAMS 0x000000008b800000, 0x000000008b800000| Untracked 
| 113|0x000000008b900000, 0x000000008b900000, 0x000000008ba00000|  0%| F|  |TAMS 0x000000008b900000, 0x000000008b900000| Untracked 
| 114|0x000000008ba00000, 0x000000008ba00000, 0x000000008bb00000|  0%| F|  |TAMS 0x000000008ba00000, 0x000000008ba00000| Untracked 
| 115|0x000000008bb00000, 0x000000008bb85c28, 0x000000008bc00000| 52%| E|  |TAMS 0x000000008bb00000, 0x000000008bb00000| Complete 
| 116|0x000000008bc00000, 0x000000008bd00000, 0x000000008bd00000|100%| E|CS|TAMS 0x000000008bc00000, 0x000000008bc00000| Complete 
| 117|0x000000008bd00000, 0x000000008be00000, 0x000000008be00000|100%| E|CS|TAMS 0x000000008bd00000, 0x000000008bd00000| Complete 
| 118|0x000000008be00000, 0x000000008bf00000, 0x000000008bf00000|100%| E|CS|TAMS 0x000000008be00000, 0x000000008be00000| Complete 
| 119|0x000000008bf00000, 0x000000008c000000, 0x000000008c000000|100%| E|CS|TAMS 0x000000008bf00000, 0x000000008bf00000| Complete 
| 120|0x000000008c000000, 0x000000008c100000, 0x000000008c100000|100%| E|CS|TAMS 0x000000008c000000, 0x000000008c000000| Complete 
| 121|0x000000008c100000, 0x000000008c200000, 0x000000008c200000|100%| E|CS|TAMS 0x000000008c100000, 0x000000008c100000| Complete 
| 122|0x000000008c200000, 0x000000008c300000, 0x000000008c300000|100%| E|CS|TAMS 0x000000008c200000, 0x000000008c200000| Complete 
| 123|0x000000008c300000, 0x000000008c400000, 0x000000008c400000|100%| E|CS|TAMS 0x000000008c300000, 0x000000008c300000| Complete 
|1974|0x00000000ffe00000, 0x00000000ffe75000, 0x00000000fff00000| 45%|OA|  |TAMS 0x00000000ffe00000, 0x00000000ffe00000| Untracked 
|1975|0x00000000fff00000, 0x00000000fff76000, 0x0000000100000000| 46%|CA|  |TAMS 0x00000000fff00000, 0x00000000fff00000| Untracked 

Card table byte_map: [0x0000741b9d947000,0x0000741b9dd23000] _byte_map_base: 0x0000741b9d523000

Marking Bits (Prev, Next): (CMBitMap*) 0x0000741b98085a40, (CMBitMap*) 0x0000741b98085a80
 Prev Bits: [0x0000741b7f320000, 0x0000741b81200000)
 Next Bits: [0x0000741b7d440000, 0x0000741b7f320000)

Polling page: 0x0000741ba0e01000

Metaspace:

Usage:
  Non-class:      3,04 MB used.
      Class:    378,84 KB used.
       Both:      3,41 MB used.

Virtual space:
  Non-class space:       64,00 MB reserved,       3,12 MB (  5%) committed,  1 nodes.
      Class space:        1,00 GB reserved,     448,00 KB ( <1%) committed,  1 nodes.
             Both:        1,06 GB reserved,       3,56 MB ( <1%) committed. 

Chunk freelists:
   Non-Class:  2,42 MB
       Class:  3,50 MB
        Both:  5,92 MB

MaxMetaspaceSize: unlimited
CompressedClassSpaceSize: 1,00 GB
Initial GC threshold: 21,00 MB
Current GC threshold: 21,00 MB
CDS: on
MetaspaceReclaimPolicy: balanced
 - commit_granule_bytes: 65536.
 - commit_granule_words: 8192.
 - virtual_space_node_default_size: 8388608.
 - enlarge_chunks_in_place: 1.
 - new_chunks_are_fully_committed: 0.
 - uncommit_free_chunks: 1.
 - use_allocation_guard: 0.


Internal statistics:

num_allocs_failed_limit: 0.
num_arena_births: 36.
num_arena_deaths: 0.
num_vsnodes_births: 2.
num_vsnodes_deaths: 0.
num_space_committed: 57.
num_space_uncommitted: 0.
num_chunks_returned_to_freelist: 0.
num_chunks_taken_from_freelist: 108.
num_chunk_merges: 0.
num_chunk_splits: 83.
num_chunks_enlarged: 70.
num_inconsistent_stats: 0.

CodeHeap 'non-profiled nmethods': size=120032Kb used=196Kb max_used=196Kb free=119835Kb
 bounds [0x0000741b88cc8000, 0x0000741b88f38000, 0x0000741b90200000]
CodeHeap 'profiled nmethods': size=120028Kb used=1091Kb max_used=1091Kb free=118936Kb
 bounds [0x0000741b81791000, 0x0000741b81a01000, 0x0000741b88cc8000]
CodeHeap 'non-nmethods': size=5700Kb used=1172Kb max_used=1187Kb free=4527Kb
 bounds [0x0000741b81200000, 0x0000741b81470000, 0x0000741b81791000]
 total_blobs=1104 nmethods=657 adapters=361
 compilation: enabled
              stopped_count=0, restarted_count=0
 full_count=0

Compilation events (20 events):
Event: 0,327 Thread 0x0000741b9810d670 nmethod 640 0x0000741b81886890 code [0x0000741b81886a20, 0x0000741b81886b50]
Event: 0,327 Thread 0x0000741b9810d670  638       3       java.lang.ref.Reference::clear (5 bytes)
Event: 0,328 Thread 0x0000741b9810d670 nmethod 638 0x0000741b81886c90 code [0x0000741b81886e40, 0x0000741b81886f80]
Event: 0,328 Thread 0x0000741b9810d670  639       3       java.util.zip.ZipCoder$UTF8ZipCoder::toString (12 bytes)
Event: 0,328 Thread 0x0000741b9810d670 nmethod 639 0x0000741b81887010 code [0x0000741b818871c0, 0x0000741b81887360]
Event: 0,328 Thread 0x0000741b9810d670  641   !   3       java.util.zip.ZipFile$Source::readFullyAt (74 bytes)
Event: 0,328 Thread 0x0000741b9810d670 nmethod 641 0x0000741b81887490 code [0x0000741b818876a0, 0x0000741b81887c60]
Event: 0,328 Thread 0x0000741b9810d670  642       3       java.lang.String::contains (19 bytes)
Event: 0,328 Thread 0x0000741b9810d670 nmethod 642 0x0000741b81888010 code [0x0000741b818881c0, 0x0000741b81888430]
Event: 0,328 Thread 0x0000741b9810d670  643       3       java.lang.String::equalsIgnoreCase (45 bytes)
Event: 0,329 Thread 0x0000741b9810d670 nmethod 643 0x0000741b81888510 code [0x0000741b81888700, 0x0000741b81888c40]
Event: 0,329 Thread 0x0000741b9810d670  644       3       sun.net.www.protocol.file.Handler::parseURL (18 bytes)
Event: 0,329 Thread 0x0000741b9810d670 nmethod 644 0x0000741b81888e10 code [0x0000741b81888fc0, 0x0000741b81889170]
Event: 0,329 Thread 0x0000741b9810d670  645       3       java.net.URLStreamHandler::parseURL (1124 bytes)
Event: 0,334 Thread 0x0000741b9810c150 nmethod 629 0x0000741b88cf6e90 code [0x0000741b88cf7020, 0x0000741b88cf7558]
Event: 0,334 Thread 0x0000741b9810c150  650       4       java.lang.String::isEmpty (14 bytes)
Event: 0,335 Thread 0x0000741b9810c150 nmethod 650 0x0000741b88cf7790 code [0x0000741b88cf7920, 0x0000741b88cf79b8]
Event: 0,335 Thread 0x0000741b9810c150  632       4       java.lang.AbstractStringBuilder::append (45 bytes)
Event: 0,343 Thread 0x0000741b9810c150 nmethod 632 0x0000741b88cf7a90 code [0x0000741b88cf7c20, 0x0000741b88cf8258]
Event: 0,343 Thread 0x0000741b9810c150  656       4       java.lang.String::indexOf (29 bytes)

GC Heap History (0 events):
No events

Deoptimization events (20 events):
Event: 0,157 Thread 0x0000741b98027100 DEOPT PACKING pc=0x0000741b88cd4648 sp=0x0000741ba09fda30
Event: 0,157 Thread 0x0000741b98027100 DEOPT UNPACKING pc=0x0000741b81255899 sp=0x0000741ba09fd9b8 mode 2
Event: 0,157 Thread 0x0000741b98027100 Uncommon trap: trap_request=0xffffffc6 fr.pc=0x0000741b88cd4648 relative=0x00000000000008a8
Event: 0,157 Thread 0x0000741b98027100 Uncommon trap: reason=bimorphic_or_optimized_type_check action=maybe_recompile pc=0x0000741b88cd4648 method=java.util.HashMap.putVal(ILjava/lang/Object;Ljava/lang/Object;ZZ)Ljava/lang/Object; @ 56 c2
Event: 0,157 Thread 0x0000741b98027100 DEOPT PACKING pc=0x0000741b88cd4648 sp=0x0000741ba09fda30
Event: 0,157 Thread 0x0000741b98027100 DEOPT UNPACKING pc=0x0000741b81255899 sp=0x0000741ba09fd9b8 mode 2
Event: 0,169 Thread 0x0000741b98027100 DEOPT PACKING pc=0x0000741b817bba5a sp=0x0000741ba09fdd50
Event: 0,169 Thread 0x0000741b98027100 DEOPT UNPACKING pc=0x0000741b812563cf sp=0x0000741ba09fd190 mode 0
Event: 0,178 Thread 0x0000741b98027100 DEOPT PACKING pc=0x0000741b817b9a4e sp=0x0000741ba09f9c50
Event: 0,178 Thread 0x0000741b98027100 DEOPT UNPACKING pc=0x0000741b812563cf sp=0x0000741ba09f90e8 mode 0
Event: 0,199 Thread 0x0000741b98027100 Uncommon trap: trap_request=0xffffff45 fr.pc=0x0000741b88ce49fc relative=0x000000000000087c
Event: 0,199 Thread 0x0000741b98027100 Uncommon trap: reason=unstable_if action=reinterpret pc=0x0000741b88ce49fc method=java.util.HashMap.putVal(ILjava/lang/Object;Ljava/lang/Object;ZZ)Ljava/lang/Object; @ 181 c2
Event: 0,199 Thread 0x0000741b98027100 DEOPT PACKING pc=0x0000741b88ce49fc sp=0x0000741ba09fd740
Event: 0,199 Thread 0x0000741b98027100 DEOPT UNPACKING pc=0x0000741b81255899 sp=0x0000741ba09fd6e0 mode 2
Event: 0,225 Thread 0x0000741b98027100 DEOPT PACKING pc=0x0000741b817ca64c sp=0x0000741ba09fc6c0
Event: 0,225 Thread 0x0000741b98027100 DEOPT UNPACKING pc=0x0000741b812563cf sp=0x0000741ba09fbb58 mode 0
Event: 0,242 Thread 0x0000741b98027100 Uncommon trap: trap_request=0xffffff45 fr.pc=0x0000741b88cea324 relative=0x0000000000000384
Event: 0,242 Thread 0x0000741b98027100 Uncommon trap: reason=unstable_if action=reinterpret pc=0x0000741b88cea324 method=java.lang.StringLatin1.indexOf([BI[BII)I @ 91 c2
Event: 0,242 Thread 0x0000741b98027100 DEOPT PACKING pc=0x0000741b88cea324 sp=0x0000741ba09fd0d0
Event: 0,242 Thread 0x0000741b98027100 DEOPT UNPACKING pc=0x0000741b81255899 sp=0x0000741ba09fd050 mode 2

Classes loaded (20 events):
Event: 0,256 Loading class jdk/internal/org/objectweb/asm/Edge
Event: 0,256 Loading class jdk/internal/org/objectweb/asm/Edge done
Event: 0,257 Loading class java/lang/reflect/Proxy$ProxyBuilder$1
Event: 0,257 Loading class java/lang/reflect/Proxy$ProxyBuilder$1 done
Event: 0,258 Loading class java/lang/annotation/Target
Event: 0,258 Loading class java/lang/annotation/Target done
Event: 0,262 Loading class java/lang/reflect/UndeclaredThrowableException
Event: 0,262 Loading class java/lang/reflect/UndeclaredThrowableException done
Event: 0,262 Loading class java/lang/Class$AnnotationData
Event: 0,262 Loading class java/lang/Class$AnnotationData done
Event: 0,270 Loading class java/lang/InstantiationException
Event: 0,270 Loading class java/lang/InstantiationException done
Event: 0,271 Loading class java/util/regex/Pattern$BnM
Event: 0,271 Loading class java/util/regex/Pattern$BnM done
Event: 0,271 Loading class java/util/regex/Pattern$SliceS
Event: 0,271 Loading class java/util/regex/Pattern$SliceS done
Event: 0,283 Loading class java/lang/NumberFormatException
Event: 0,283 Loading class java/lang/NumberFormatException done
Event: 0,314 Loading class jdk/internal/misc/ScopedMemoryAccess$Scope
Event: 0,314 Loading class jdk/internal/misc/ScopedMemoryAccess$Scope done

Classes unloaded (0 events):
No events

Classes redefined (0 events):
No events

Internal exceptions (9 events):
Event: 0,109 Thread 0x0000741b98027100 Implicit null exception at 0x0000741b88cd62d5 to 0x0000741b88cd6434
Event: 0,109 Thread 0x0000741b98027100 Exception <a 'java/lang/NoSuchMethodError'{0x000000008c2e5b18}: 'void java.lang.invoke.DirectMethodHandle$Holder.invokeStatic(java.lang.Object, java.lang.Object, java.lang.Object)'> (0x000000008c2e5b18) 
thrown [src/hotspot/share/interpreter/linkResolver.cpp, line 759]
Event: 0,114 Thread 0x0000741b98027100 Exception <a 'java/lang/NoSuchMethodError'{0x000000008c2fe6c0}: 'java.lang.Object java.lang.invoke.Invokers$Holder.invokeExact_MT(java.lang.Object, java.lang.Object, java.lang.Object, java.lang.Object, java.lang.Object)'> (0x000000008c2fe6c0) 
thrown [src/hotspot/share/interpreter/linkResolver.cpp, line 759]
Event: 0,127 Thread 0x0000741b981d3690 Exception <a 'java/lang/NoSuchMethodError'{0x000000008c149760}: 'void java.lang.invoke.DirectMethodHandle$Holder.invokeStatic(java.lang.Object, java.lang.Object)'> (0x000000008c149760) 
thrown [src/hotspot/share/interpreter/linkResolver.cpp, line 759]
Event: 0,227 Thread 0x0000741b98027100 Exception <a 'java/lang/NoSuchMethodError'{0x000000008beb0520}: 'int java.lang.invoke.DirectMethodHandle$Holder.invokeStaticInit(java.lang.Object, java.lang.Object, java.lang.Object, java.lang.Object)'> (0x000000008beb0520) 
thrown [src/hotspot/share/interpreter/linkResolver.cpp, line 759]
Event: 0,228 Thread 0x0000741b98027100 Exception <a 'java/lang/NoSuchMethodError'{0x000000008beba318}: 'java.lang.Object java.lang.invoke.DirectMethodHandle$Holder.invokeInterface(java.lang.Object, java.lang.Object)'> (0x000000008beba318) 
thrown [src/hotspot/share/interpreter/linkResolver.cpp, line 759]
Event: 0,229 Thread 0x0000741b98027100 Exception <a 'java/lang/IncompatibleClassChangeError'{0x000000008bebd860}: Found class java.lang.Object, but interface was expected> (0x000000008bebd860) 
thrown [src/hotspot/share/interpreter/linkResolver.cpp, line 826]
Event: 0,229 Thread 0x0000741b98027100 Exception <a 'java/lang/NoSuchMethodError'{0x000000008bec0908}: 'void java.lang.invoke.DirectMethodHandle$Holder.invokeStaticInit(java.lang.Object, java.lang.Object)'> (0x000000008bec0908) 
thrown [src/hotspot/share/interpreter/linkResolver.cpp, line 759]
Event: 0,230 Thread 0x0000741b98027100 Exception <a 'java/lang/NoSuchMethodError'{0x000000008bec67f0}: 'int java.lang.invoke.DirectMethodHandle$Holder.invokeStaticInit(java.lang.Object, java.lang.Object)'> (0x000000008bec67f0) 
thrown [src/hotspot/share/interpreter/linkResolver.cpp, line 759]

VM Operations (6 events):
Event: 0,068 Executing VM operation: HandshakeAllThreads
Event: 0,068 Executing VM operation: HandshakeAllThreads done
Event: 0,118 Executing VM operation: HandshakeAllThreads
Event: 0,122 Executing VM operation: HandshakeAllThreads done
Event: 0,243 Executing VM operation: HandshakeAllThreads
Event: 0,243 Executing VM operation: HandshakeAllThreads done

Events (20 events):
Event: 0,058 Thread 0x0000741b9811b7e0 Thread added: 0x0000741b9811b7e0
Event: 0,061 Protecting memory [0x0000741b97f00000,0x0000741b97f04000] with protection modes 0
Event: 0,083 Loaded shared library /home/winds/.jdks/corretto-18.0.2/lib/libzip.so
Event: 0,085 Loaded shared library /home/winds/.jdks/corretto-18.0.2/lib/libinstrument.so
Event: 0,090 Loaded shared library /home/winds/.jdks/corretto-18.0.2/lib/libnio.so
Event: 0,099 Loaded shared library /home/winds/.jdks/corretto-18.0.2/lib/libzip.so
Event: 0,117 Thread 0x0000741b981d3690 Thread added: 0x0000741b981d3690
Event: 0,117 Protecting memory [0x0000741b7d340000,0x0000741b7d344000] with protection modes 0
Event: 0,118 Loaded shared library /home/winds/.jdks/corretto-18.0.2/lib/libnet.so
Event: 0,120 Thread 0x0000741b981d5780 Thread added: 0x0000741b981d5780
Event: 0,120 Protecting memory [0x0000741b7c900000,0x0000741b7c904000] with protection modes 0
Event: 0,126 Loaded shared library /home/winds/.jdks/corretto-18.0.2/lib/libextnet.so
Event: 0,236 Loaded shared library /home/winds/.jdks/corretto-18.0.2/lib/libjimage.so
Event: 0,276 Loaded shared library /home/winds/.javacpp/cache/javacpp-1.5.7-linux-x86_64.jar/org/bytedeco/javacpp/linux-x86_64/libjnijavacpp.so
Event: 0,284 Thread 0x0000741b982cc620 Thread added: 0x0000741b982cc620
Event: 0,285 Protecting memory [0x0000741b7c100000,0x0000741b7c104000] with protection modes 0
Event: 0,307 Loaded shared library /home/winds/.javacpp/cache/llvm-13.0.1-1.5.7-linux-x86_64.jar/org/bytedeco/llvm/linux-x86_64/libLLVM-13.so
Event: 0,313 Loaded shared library /home/winds/.javacpp/cache/llvm-13.0.1-1.5.7-linux-x86_64.jar/org/bytedeco/llvm/linux-x86_64/libLTO.so.13
Event: 0,318 Loaded shared library /home/winds/.javacpp/cache/llvm-13.0.1-1.5.7-linux-x86_64.jar/org/bytedeco/llvm/linux-x86_64/libRemarks.so.13
Event: 0,320 Loaded shared library /home/winds/.javacpp/cache/llvm-13.0.1-1.5.7-linux-x86_64.jar/org/bytedeco/llvm/linux-x86_64/libjniLLVM.so


Dynamic libraries:
84800000-8c400000 rw-p 00000000 00:00 0 
8c400000-ffe00000 ---p 00000000 00:00 0 
ffe00000-ffe75000 rw-p 00c5f000 08:03 552693                             /home/winds/.jdks/corretto-18.0.2/lib/server/classes.jsa
ffe75000-fff00000 rw-p 00000000 00:00 0 
fff00000-fff76000 rw-p 00be9000 08:03 552693                             /home/winds/.jdks/corretto-18.0.2/lib/server/classes.jsa
fff76000-100000000 rw-p 00000000 00:00 0 
800000000-800449000 rw-p 00001000 08:03 552693                           /home/winds/.jdks/corretto-18.0.2/lib/server/classes.jsa
800449000-800bb1000 r--p 0044a000 08:03 552693                           /home/winds/.jdks/corretto-18.0.2/lib/server/classes.jsa
800bb1000-800c00000 ---p 00000000 00:00 0 
800c00000-800c30000 rw-p 00000000 00:00 0 
800c30000-800c70000 rw-p 00000000 00:00 0 
800c70000-840c00000 ---p 00000000 00:00 0 
5ede60a00000-5ede60a01000 r-xp 00000000 08:03 552796                     /home/winds/.jdks/corretto-18.0.2/bin/java
5ede60c01000-5ede60c02000 r--p 00001000 08:03 552796                     /home/winds/.jdks/corretto-18.0.2/bin/java
5ede60c02000-5ede60c03000 rw-p 00002000 08:03 552796                     /home/winds/.jdks/corretto-18.0.2/bin/java
5ede611df000-5ede61227000 rw-p 00000000 00:00 0                          [heap]
741b1d400000-741b1dd26000 r--p 00000000 08:03 846526                     /home/winds/.javacpp/cache/llvm-13.0.1-1.5.7-linux-x86_64.jar/org/bytedeco/llvm/linux-x86_64/libLLVM-13.so
741b1dd26000-741b216e9000 r-xp 00926000 08:03 846526                     /home/winds/.javacpp/cache/llvm-13.0.1-1.5.7-linux-x86_64.jar/org/bytedeco/llvm/linux-x86_64/libLLVM-13.so
741b216e9000-741b2393e000 r--p 042e9000 08:03 846526                     /home/winds/.javacpp/cache/llvm-13.0.1-1.5.7-linux-x86_64.jar/org/bytedeco/llvm/linux-x86_64/libLLVM-13.so
741b2393e000-741b23e53000 r--p 0653d000 08:03 846526                     /home/winds/.javacpp/cache/llvm-13.0.1-1.5.7-linux-x86_64.jar/org/bytedeco/llvm/linux-x86_64/libLLVM-13.so
741b23e53000-741b23e5e000 rw-p 06a52000 08:03 846526                     /home/winds/.javacpp/cache/llvm-13.0.1-1.5.7-linux-x86_64.jar/org/bytedeco/llvm/linux-x86_64/libLLVM-13.so
741b23e5e000-741b23ed4000 rw-p 00000000 00:00 0 
741b24000000-741b24021000 rw-p 00000000 00:00 0 
741b24021000-741b28000000 ---p 00000000 00:00 0 
741b2c000000-741b2c021000 rw-p 00000000 00:00 0 
741b2c021000-741b30000000 ---p 00000000 00:00 0 
741b30000000-741b30021000 rw-p 00000000 00:00 0 
741b30021000-741b34000000 ---p 00000000 00:00 0 
741b34000000-741b34021000 rw-p 00000000 00:00 0 
741b34021000-741b38000000 ---p 00000000 00:00 0 
741b38000000-741b38021000 rw-p 00000000 00:00 0 
741b38021000-741b3c000000 ---p 00000000 00:00 0 
741b3c000000-741b3c3a4000 rw-p 00000000 00:00 0 
741b3c3a4000-741b40000000 ---p 00000000 00:00 0 
741b40000000-741b40021000 rw-p 00000000 00:00 0 
741b40021000-741b44000000 ---p 00000000 00:00 0 
741b44000000-741b44021000 rw-p 00000000 00:00 0 
741b44021000-741b48000000 ---p 00000000 00:00 0 
741b48000000-741b4830e000 rw-p 00000000 00:00 0 
741b4830e000-741b4c000000 ---p 00000000 00:00 0 
741b4c000000-741b4c021000 rw-p 00000000 00:00 0 
741b4c021000-741b50000000 ---p 00000000 00:00 0 
741b50000000-741b50021000 rw-p 00000000 00:00 0 
741b50021000-741b54000000 ---p 00000000 00:00 0 
741b54000000-741b54021000 rw-p 00000000 00:00 0 
741b54021000-741b58000000 ---p 00000000 00:00 0 
741b58000000-741b58021000 rw-p 00000000 00:00 0 
741b58021000-741b5c000000 ---p 00000000 00:00 0 
741b5c000000-741b5c021000 rw-p 00000000 00:00 0 
741b5c021000-741b60000000 ---p 00000000 00:00 0 
741b60000000-741b60021000 rw-p 00000000 00:00 0 
741b60021000-741b64000000 ---p 00000000 00:00 0 
741b64000000-741b64180000 rw-p 00000000 00:00 0 
741b64180000-741b64400000 ---p 00000000 00:00 0 
741b64400000-741b645a0000 rw-p 00000000 00:00 0 
741b645a0000-741b68000000 ---p 00000000 00:00 0 
741b68000000-741b68021000 rw-p 00000000 00:00 0 
741b68021000-741b6c000000 ---p 00000000 00:00 0 
741b6d400000-741b6d4a4000 r--p 00000000 08:03 704764                     /usr/lib/x86_64-linux-gnu/libstdc++.so.6.0.32
741b6d4a4000-741b6d5c3000 r-xp 000a4000 08:03 704764                     /usr/lib/x86_64-linux-gnu/libstdc++.so.6.0.32
741b6d5c3000-741b6d650000 r--p 001c3000 08:03 704764                     /usr/lib/x86_64-linux-gnu/libstdc++.so.6.0.32
741b6d650000-741b6d651000 ---p 00250000 08:03 704764                     /usr/lib/x86_64-linux-gnu/libstdc++.so.6.0.32
741b6d651000-741b6d65c000 r--p 00250000 08:03 704764                     /usr/lib/x86_64-linux-gnu/libstdc++.so.6.0.32
741b6d65c000-741b6d65f000 rw-p 0025b000 08:03 704764                     /usr/lib/x86_64-linux-gnu/libstdc++.so.6.0.32
741b6d65f000-741b6d663000 rw-p 00000000 00:00 0 
741b6d800000-741b6d802000 r-xp 00000000 08:03 552729                     /home/winds/.jdks/corretto-18.0.2/lib/libextnet.so
741b6d802000-741b6da01000 ---p 00002000 08:03 552729                     /home/winds/.jdks/corretto-18.0.2/lib/libextnet.so
741b6da01000-741b6da02000 r--p 00001000 08:03 552729                     /home/winds/.jdks/corretto-18.0.2/lib/libextnet.so
741b6da02000-741b6da03000 rw-p 00000000 00:00 0 
741b6dc00000-741b6dc0d000 r-xp 00000000 08:03 552680                     /home/winds/.jdks/corretto-18.0.2/lib/libnet.so
741b6dc0d000-741b6de0d000 ---p 0000d000 08:03 552680                     /home/winds/.jdks/corretto-18.0.2/lib/libnet.so
741b6de0d000-741b6de0e000 r--p 0000d000 08:03 552680                     /home/winds/.jdks/corretto-18.0.2/lib/libnet.so
741b6de0e000-741b6de0f000 rw-p 00000000 00:00 0 
741b6defa000-741b6df5f000 r--p 00000000 08:03 846532                     /home/winds/.javacpp/cache/llvm-13.0.1-1.5.7-linux-x86_64.jar/org/bytedeco/llvm/linux-x86_64/libjniLLVM.so
741b6df5f000-741b6dfcd000 r-xp 00065000 08:03 846532                     /home/winds/.javacpp/cache/llvm-13.0.1-1.5.7-linux-x86_64.jar/org/bytedeco/llvm/linux-x86_64/libjniLLVM.so
741b6dfcd000-741b6dff8000 r--p 000d3000 08:03 846532                     /home/winds/.javacpp/cache/llvm-13.0.1-1.5.7-linux-x86_64.jar/org/bytedeco/llvm/linux-x86_64/libjniLLVM.so
741b6dff8000-741b6dffb000 r--p 000fd000 08:03 846532                     /home/winds/.javacpp/cache/llvm-13.0.1-1.5.7-linux-x86_64.jar/org/bytedeco/llvm/linux-x86_64/libjniLLVM.so
741b6dffb000-741b6dffe000 rw-p 00100000 08:03 846532                     /home/winds/.javacpp/cache/llvm-13.0.1-1.5.7-linux-x86_64.jar/org/bytedeco/llvm/linux-x86_64/libjniLLVM.so
741b6dffe000-741b70000000 rw-p 00000000 00:00 0 
741b70000000-741b70021000 rw-p 00000000 00:00 0 
741b70021000-741b74000000 ---p 00000000 00:00 0 
741b74000000-741b74021000 rw-p 00000000 00:00 0 
741b74021000-741b78000000 ---p 00000000 00:00 0 
741b78000000-741b78021000 rw-p 00000000 00:00 0 
741b78021000-741b7c000000 ---p 00000000 00:00 0 
741b7c100000-741b7c104000 ---p 00000000 00:00 0 
741b7c104000-741b7c200000 rw-p 00000000 00:00 0 
741b7c200000-741b7c212000 r-xp 00000000 08:03 552681                     /home/winds/.jdks/corretto-18.0.2/lib/libnio.so
741b7c212000-741b7c411000 ---p 00012000 08:03 552681                     /home/winds/.jdks/corretto-18.0.2/lib/libnio.so
741b7c411000-741b7c412000 r--p 00011000 08:03 552681                     /home/winds/.jdks/corretto-18.0.2/lib/libnio.so
741b7c412000-741b7c413000 rw-p 00012000 08:03 552681                     /home/winds/.jdks/corretto-18.0.2/lib/libnio.so
741b7c4fe000-741b7c4ff000 ---p 00000000 00:00 0 
741b7c4ff000-741b7c600000 rw-p 00000000 00:00 0 
741b7c600000-741b7c61a000 r-xp 00000000 08:03 552683                     /home/winds/.jdks/corretto-18.0.2/lib/libzip.so
741b7c61a000-741b7c81a000 ---p 0001a000 08:03 552683                     /home/winds/.jdks/corretto-18.0.2/lib/libzip.so
741b7c81a000-741b7c81b000 r--p 0001a000 08:03 552683                     /home/winds/.jdks/corretto-18.0.2/lib/libzip.so
741b7c81b000-741b7c81c000 rw-p 00000000 00:00 0 
741b7c900000-741b7c904000 ---p 00000000 00:00 0 
741b7c904000-741b7ca00000 rw-p 00000000 00:00 0 
741b7ca00000-741b7d2d0000 r--p 00000000 08:03 684491                     /usr/lib/locale/locale-archive
741b7d340000-741b7d344000 ---p 00000000 00:00 0 
741b7d344000-741b7d630000 rw-p 00000000 00:00 0 
741b7d630000-741b7f318000 ---p 00000000 00:00 0 
741b7f318000-741b7f510000 rw-p 00000000 00:00 0 
741b7f510000-741b811f8000 ---p 00000000 00:00 0 
741b811f8000-741b81200000 rw-p 00000000 00:00 0 
741b81200000-741b81470000 rwxp 00000000 00:00 0 
741b81470000-741b81791000 ---p 00000000 00:00 0 
741b81791000-741b81a01000 rwxp 00000000 00:00 0 
741b81a01000-741b88cc8000 ---p 00000000 00:00 0 
741b88cc8000-741b88f38000 rwxp 00000000 00:00 0 
741b88f38000-741b90200000 ---p 00000000 00:00 0 
741b90200000-741b97e4a000 r--s 00000000 08:03 552670                     /home/winds/.jdks/corretto-18.0.2/lib/modules
741b97f00000-741b97f04000 ---p 00000000 00:00 0 
741b97f04000-741b98000000 rw-p 00000000 00:00 0 
741b98000000-741b983dd000 rw-p 00000000 00:00 0 
741b983dd000-741b9c000000 ---p 00000000 00:00 0 
741b9c000000-741b9c004000 ---p 00000000 00:00 0 
741b9c004000-741b9c100000 rw-p 00000000 00:00 0 
741b9c100000-741b9c104000 ---p 00000000 00:00 0 
741b9c104000-741b9c200000 rw-p 00000000 00:00 0 
741b9c200000-741b9c204000 ---p 00000000 00:00 0 
741b9c204000-741b9c300000 rw-p 00000000 00:00 0 
741b9c300000-741b9c304000 ---p 00000000 00:00 0 
741b9c304000-741b9c400000 rw-p 00000000 00:00 0 
741b9c400000-741b9c404000 ---p 00000000 00:00 0 
741b9c404000-741b9c500000 rw-p 00000000 00:00 0 
741b9c500000-741b9c504000 ---p 00000000 00:00 0 
741b9c504000-741b9c600000 rw-p 00000000 00:00 0 
741b9c600000-741b9c604000 ---p 00000000 00:00 0 
741b9c604000-741b9c700000 rw-p 00000000 00:00 0 
741b9c700000-741b9c704000 ---p 00000000 00:00 0 
741b9c704000-741b9c800000 rw-p 00000000 00:00 0 
741b9c800000-741b9c8ce000 r-xp 00000000 08:03 552721                     /home/winds/.jdks/corretto-18.0.2/lib/libjsvml.so
741b9c8ce000-741b9cacd000 ---p 000ce000 08:03 552721                     /home/winds/.jdks/corretto-18.0.2/lib/libjsvml.so
741b9cacd000-741b9cace000 r--p 000cd000 08:03 552721                     /home/winds/.jdks/corretto-18.0.2/lib/libjsvml.so
741b9cace000-741b9cacf000 rw-p 000ce000 08:03 552721                     /home/winds/.jdks/corretto-18.0.2/lib/libjsvml.so
741b9cb5b000-741b9cb5c000 ---p 00000000 00:00 0 
741b9cb5c000-741b9cc5d000 rw-p 00000000 00:00 0 
741b9cc5d000-741b9cc5e000 ---p 00000000 00:00 0 
741b9cc5e000-741b9cd5f000 rw-p 00000000 00:00 0 
741b9cd5f000-741b9cd60000 ---p 00000000 00:00 0 
741b9cd60000-741b9d265000 rw-p 00000000 00:00 0 
741b9d265000-741b9d266000 ---p 00000000 00:00 0 
741b9d266000-741b9d367000 rw-p 00000000 00:00 0 
741b9d367000-741b9d368000 ---p 00000000 00:00 0 
741b9d368000-741b9d469000 rw-p 00000000 00:00 0 
741b9d469000-741b9d46a000 ---p 00000000 00:00 0 
741b9d46a000-741b9d5a9000 rw-p 00000000 00:00 0 
741b9d5a9000-741b9d946000 ---p 00000000 00:00 0 
741b9d946000-741b9d985000 rw-p 00000000 00:00 0 
741b9d985000-741b9dd22000 ---p 00000000 00:00 0 
741b9dd22000-741b9dd61000 rw-p 00000000 00:00 0 
741b9dd61000-741b9e0fe000 ---p 00000000 00:00 0 
741b9e0fe000-741b9e200000 rw-p 00000000 00:00 0 
741b9e200000-741b9e224000 r-xp 00000000 08:03 552676                     /home/winds/.jdks/corretto-18.0.2/lib/libjava.so
741b9e224000-741b9e424000 ---p 00024000 08:03 552676                     /home/winds/.jdks/corretto-18.0.2/lib/libjava.so
741b9e424000-741b9e425000 r--p 00024000 08:03 552676                     /home/winds/.jdks/corretto-18.0.2/lib/libjava.so
741b9e425000-741b9e426000 rw-p 00025000 08:03 552676                     /home/winds/.jdks/corretto-18.0.2/lib/libjava.so
741b9e426000-741b9e427000 rw-p 00000000 00:00 0 
741b9e4ff000-741b9e600000 rw-p 00000000 00:00 0 
741b9e600000-741b9e60a000 r-xp 00000000 08:03 552710                     /home/winds/.jdks/corretto-18.0.2/lib/libinstrument.so
741b9e60a000-741b9e809000 ---p 0000a000 08:03 552710                     /home/winds/.jdks/corretto-18.0.2/lib/libinstrument.so
741b9e809000-741b9e80a000 r--p 00009000 08:03 552710                     /home/winds/.jdks/corretto-18.0.2/lib/libinstrument.so
741b9e80a000-741b9e80b000 rw-p 0000a000 08:03 552710                     /home/winds/.jdks/corretto-18.0.2/lib/libinstrument.so
741b9e8ff000-741b9ea00000 rw-p 00000000 00:00 0 
741b9ea00000-741b9ea1b000 r-xp 00000000 08:03 552677                     /home/winds/.jdks/corretto-18.0.2/lib/libjimage.so
741b9ea1b000-741b9ec1a000 ---p 0001b000 08:03 552677                     /home/winds/.jdks/corretto-18.0.2/lib/libjimage.so
741b9ec1a000-741b9ec1c000 r--p 0001a000 08:03 552677                     /home/winds/.jdks/corretto-18.0.2/lib/libjimage.so
741b9ec1c000-741b9ec1d000 rw-p 0001c000 08:03 552677                     /home/winds/.jdks/corretto-18.0.2/lib/libjimage.so
741b9ec7e000-741b9ee00000 rw-p 00000000 00:00 0 
741b9ee00000-741ba00c7000 r-xp 00000000 08:03 552691                     /home/winds/.jdks/corretto-18.0.2/lib/server/libjvm.so
741ba00c7000-741ba02c7000 ---p 012c7000 08:03 552691                     /home/winds/.jdks/corretto-18.0.2/lib/server/libjvm.so
741ba02c7000-741ba0389000 r--p 012c7000 08:03 552691                     /home/winds/.jdks/corretto-18.0.2/lib/server/libjvm.so
741ba0389000-741ba03be000 rw-p 01389000 08:03 552691                     /home/winds/.jdks/corretto-18.0.2/lib/server/libjvm.so
741ba03be000-741ba0419000 rw-p 00000000 00:00 0 
741ba042a000-741ba042f000 rw-p 00000000 00:00 0 
741ba042f000-741ba0515000 ---p 00000000 00:00 0 
741ba0515000-741ba051a000 rw-p 00000000 00:00 0 
741ba051a000-741ba0600000 ---p 00000000 00:00 0 
741ba0600000-741ba0628000 r--p 00000000 08:03 657677                     /usr/lib/x86_64-linux-gnu/libc.so.6
741ba0628000-741ba07bd000 r-xp 00028000 08:03 657677                     /usr/lib/x86_64-linux-gnu/libc.so.6
741ba07bd000-741ba0815000 r--p 001bd000 08:03 657677                     /usr/lib/x86_64-linux-gnu/libc.so.6
741ba0815000-741ba0816000 ---p 00215000 08:03 657677                     /usr/lib/x86_64-linux-gnu/libc.so.6
741ba0816000-741ba081a000 r--p 00215000 08:03 657677                     /usr/lib/x86_64-linux-gnu/libc.so.6
741ba081a000-741ba081c000 rw-p 00219000 08:03 657677                     /usr/lib/x86_64-linux-gnu/libc.so.6
741ba081c000-741ba0829000 rw-p 00000000 00:00 0 
741ba0876000-741ba087d000 r--p 00000000 08:03 846527                     /home/winds/.javacpp/cache/llvm-13.0.1-1.5.7-linux-x86_64.jar/org/bytedeco/llvm/linux-x86_64/libLTO.so.13
741ba087d000-741ba0885000 r-xp 00007000 08:03 846527                     /home/winds/.javacpp/cache/llvm-13.0.1-1.5.7-linux-x86_64.jar/org/bytedeco/llvm/linux-x86_64/libLTO.so.13
741ba0885000-741ba0887000 r--p 0000f000 08:03 846527                     /home/winds/.javacpp/cache/llvm-13.0.1-1.5.7-linux-x86_64.jar/org/bytedeco/llvm/linux-x86_64/libLTO.so.13
741ba0887000-741ba0888000 r--p 00010000 08:03 846527                     /home/winds/.javacpp/cache/llvm-13.0.1-1.5.7-linux-x86_64.jar/org/bytedeco/llvm/linux-x86_64/libLTO.so.13
741ba0888000-741ba0889000 rw-p 00011000 08:03 846527                     /home/winds/.javacpp/cache/llvm-13.0.1-1.5.7-linux-x86_64.jar/org/bytedeco/llvm/linux-x86_64/libLTO.so.13
741ba0889000-741ba088b000 r--p 00000000 08:03 656223                     /usr/lib/x86_64-linux-gnu/libz.so.1.2.11
741ba088b000-741ba089c000 r-xp 00002000 08:03 656223                     /usr/lib/x86_64-linux-gnu/libz.so.1.2.11
741ba089c000-741ba08a2000 r--p 00013000 08:03 656223                     /usr/lib/x86_64-linux-gnu/libz.so.1.2.11
741ba08a2000-741ba08a3000 ---p 00019000 08:03 656223                     /usr/lib/x86_64-linux-gnu/libz.so.1.2.11
741ba08a3000-741ba08a4000 r--p 00019000 08:03 656223                     /usr/lib/x86_64-linux-gnu/libz.so.1.2.11
741ba08a4000-741ba08a5000 rw-p 0001a000 08:03 656223                     /usr/lib/x86_64-linux-gnu/libz.so.1.2.11
741ba08a5000-741ba0900000 rw-p 00000000 00:00 0 
741ba0900000-741ba0904000 ---p 00000000 00:00 0 
741ba0904000-741ba0a00000 rw-p 00000000 00:00 0 
741ba0a00000-741ba0a19000 r-xp 00000000 08:03 552678                     /home/winds/.jdks/corretto-18.0.2/lib/libjli.so
741ba0a19000-741ba0c18000 ---p 00019000 08:03 552678                     /home/winds/.jdks/corretto-18.0.2/lib/libjli.so
741ba0c18000-741ba0c19000 r--p 00018000 08:03 552678                     /home/winds/.jdks/corretto-18.0.2/lib/libjli.so
741ba0c19000-741ba0c1a000 rw-p 00019000 08:03 552678                     /home/winds/.jdks/corretto-18.0.2/lib/libjli.so
741ba0c27000-741ba0c2a000 r--p 00000000 08:03 665506                     /usr/lib/x86_64-linux-gnu/libgcc_s.so.1
741ba0c2a000-741ba0c41000 r-xp 00003000 08:03 665506                     /usr/lib/x86_64-linux-gnu/libgcc_s.so.1
741ba0c41000-741ba0c45000 r--p 0001a000 08:03 665506                     /usr/lib/x86_64-linux-gnu/libgcc_s.so.1
741ba0c45000-741ba0c46000 r--p 0001d000 08:03 665506                     /usr/lib/x86_64-linux-gnu/libgcc_s.so.1
741ba0c46000-741ba0c47000 rw-p 0001e000 08:03 665506                     /usr/lib/x86_64-linux-gnu/libgcc_s.so.1
741ba0c52000-741ba0c59000 r--s 00000000 08:03 989561                     /usr/lib/x86_64-linux-gnu/gconv/gconv-modules.cache
741ba0c59000-741ba0c5d000 r--p 00000000 08:03 846525                     /home/winds/.javacpp/cache/javacpp-1.5.7-linux-x86_64.jar/org/bytedeco/javacpp/linux-x86_64/libjnijavacpp.so
741ba0c5d000-741ba0c64000 r-xp 00004000 08:03 846525                     /home/winds/.javacpp/cache/javacpp-1.5.7-linux-x86_64.jar/org/bytedeco/javacpp/linux-x86_64/libjnijavacpp.so
741ba0c64000-741ba0c68000 r--p 0000b000 08:03 846525                     /home/winds/.javacpp/cache/javacpp-1.5.7-linux-x86_64.jar/org/bytedeco/javacpp/linux-x86_64/libjnijavacpp.so
741ba0c68000-741ba0c69000 r--p 0000e000 08:03 846525                     /home/winds/.javacpp/cache/javacpp-1.5.7-linux-x86_64.jar/org/bytedeco/javacpp/linux-x86_64/libjnijavacpp.so
741ba0c69000-741ba0c6a000 rw-p 0000f000 08:03 846525                     /home/winds/.javacpp/cache/javacpp-1.5.7-linux-x86_64.jar/org/bytedeco/javacpp/linux-x86_64/libjnijavacpp.so
741ba0c6a000-741ba0cf2000 rw-p 00000000 00:00 0 
741ba0cf2000-741ba0cf9000 ---p 00000000 00:00 0 
741ba0cf9000-741ba0d07000 r--p 00000000 08:03 657683                     /usr/lib/x86_64-linux-gnu/libm.so.6
741ba0d07000-741ba0d83000 r-xp 0000e000 08:03 657683                     /usr/lib/x86_64-linux-gnu/libm.so.6
741ba0d83000-741ba0dde000 r--p 0008a000 08:03 657683                     /usr/lib/x86_64-linux-gnu/libm.so.6
741ba0dde000-741ba0ddf000 r--p 000e4000 08:03 657683                     /usr/lib/x86_64-linux-gnu/libm.so.6
741ba0ddf000-741ba0de0000 rw-p 000e5000 08:03 657683                     /usr/lib/x86_64-linux-gnu/libm.so.6
741ba0de0000-741ba0de1000 r--p 00000000 08:03 657695                     /usr/lib/x86_64-linux-gnu/librt.so.1
741ba0de1000-741ba0de2000 r-xp 00001000 08:03 657695                     /usr/lib/x86_64-linux-gnu/librt.so.1
741ba0de2000-741ba0de3000 r--p 00002000 08:03 657695                     /usr/lib/x86_64-linux-gnu/librt.so.1
741ba0de3000-741ba0de4000 r--p 00002000 08:03 657695                     /usr/lib/x86_64-linux-gnu/librt.so.1
741ba0de4000-741ba0de5000 rw-p 00003000 08:03 657695                     /usr/lib/x86_64-linux-gnu/librt.so.1
741ba0de5000-741ba0de7000 rw-p 00000000 00:00 0 
741ba0de7000-741ba0de8000 r--p 00000000 08:03 657681                     /usr/lib/x86_64-linux-gnu/libdl.so.2
741ba0de8000-741ba0de9000 r-xp 00001000 08:03 657681                     /usr/lib/x86_64-linux-gnu/libdl.so.2
741ba0de9000-741ba0dea000 r--p 00002000 08:03 657681                     /usr/lib/x86_64-linux-gnu/libdl.so.2
741ba0dea000-741ba0deb000 r--p 00002000 08:03 657681                     /usr/lib/x86_64-linux-gnu/libdl.so.2
741ba0deb000-741ba0dec000 rw-p 00003000 08:03 657681                     /usr/lib/x86_64-linux-gnu/libdl.so.2
741ba0dec000-741ba0ded000 r--p 00000000 08:03 657693                     /usr/lib/x86_64-linux-gnu/libpthread.so.0
741ba0ded000-741ba0dee000 r-xp 00001000 08:03 657693                     /usr/lib/x86_64-linux-gnu/libpthread.so.0
741ba0dee000-741ba0def000 r--p 00002000 08:03 657693                     /usr/lib/x86_64-linux-gnu/libpthread.so.0
741ba0def000-741ba0df0000 r--p 00002000 08:03 657693                     /usr/lib/x86_64-linux-gnu/libpthread.so.0
741ba0df0000-741ba0df1000 rw-p 00003000 08:03 657693                     /usr/lib/x86_64-linux-gnu/libpthread.so.0
741ba0df4000-741ba0df5000 r--p 00000000 08:03 846529                     /home/winds/.javacpp/cache/llvm-13.0.1-1.5.7-linux-x86_64.jar/org/bytedeco/llvm/linux-x86_64/libRemarks.so.13
741ba0df5000-741ba0df6000 r-xp 00001000 08:03 846529                     /home/winds/.javacpp/cache/llvm-13.0.1-1.5.7-linux-x86_64.jar/org/bytedeco/llvm/linux-x86_64/libRemarks.so.13
741ba0df6000-741ba0df7000 r--p 00002000 08:03 846529                     /home/winds/.javacpp/cache/llvm-13.0.1-1.5.7-linux-x86_64.jar/org/bytedeco/llvm/linux-x86_64/libRemarks.so.13
741ba0df7000-741ba0df8000 r--p 00002000 08:03 846529                     /home/winds/.javacpp/cache/llvm-13.0.1-1.5.7-linux-x86_64.jar/org/bytedeco/llvm/linux-x86_64/libRemarks.so.13
741ba0df8000-741ba0df9000 rw-p 00003000 08:03 846529                     /home/winds/.javacpp/cache/llvm-13.0.1-1.5.7-linux-x86_64.jar/org/bytedeco/llvm/linux-x86_64/libRemarks.so.13
741ba0df9000-741ba0e01000 rw-s 00000000 08:03 393696                     /tmp/hsperfdata_winds/6312
741ba0e01000-741ba0e02000 ---p 00000000 00:00 0 
741ba0e02000-741ba0e03000 r--p 00000000 00:00 0 
741ba0e03000-741ba0e05000 rw-p 00000000 00:00 0 
741ba0e05000-741ba0e07000 r--p 00000000 08:03 657671                     /usr/lib/x86_64-linux-gnu/ld-linux-x86-64.so.2
741ba0e07000-741ba0e31000 r-xp 00002000 08:03 657671                     /usr/lib/x86_64-linux-gnu/ld-linux-x86-64.so.2
741ba0e31000-741ba0e3c000 r--p 0002c000 08:03 657671                     /usr/lib/x86_64-linux-gnu/ld-linux-x86-64.so.2
741ba0e3c000-741ba0e3d000 ---p 00000000 00:00 0 
741ba0e3d000-741ba0e3f000 r--p 00037000 08:03 657671                     /usr/lib/x86_64-linux-gnu/ld-linux-x86-64.so.2
741ba0e3f000-741ba0e41000 rw-p 00039000 08:03 657671                     /usr/lib/x86_64-linux-gnu/ld-linux-x86-64.so.2
7ffe9b66f000-7ffe9b690000 rw-p 00000000 00:00 0                          [stack]
7ffe9b6e6000-7ffe9b6ea000 r--p 00000000 00:00 0                          [vvar]
7ffe9b6ea000-7ffe9b6ec000 r-xp 00000000 00:00 0                          [vdso]
ffffffffff600000-ffffffffff601000 --xp 00000000 00:00 0                  [vsyscall]


VM Arguments:
jvm_args: -javaagent:/usr/local/bin/idea-IU-233.13135.103/lib/idea_rt.jar=34659:/usr/local/bin/idea-IU-233.13135.103/bin -Dfile.encoding=UTF-8 -Dsun.stdout.encoding=UTF-8 -Dsun.stderr.encoding=UTF-8 
java_command: Main tests/LLVMtest/globalVarDef.txt
java_class_path (initial): /home/winds/Documents/Compiler/production/Lab:/usr/local/lib/antlr-4.9.1-complete.jar:/usr/local/lib/javacpp-1.5.7-linux-x86_64.jar:/usr/local/lib/javacpp-1.5.7.jar:/usr/local/lib/llvm-13.0.1-1.5.7-linux-x86_64.jar:/usr/local/lib/llvm-13.0.1-1.5.7.jar:/usr/local/lib/llvm-platform-13.0.1-1.5.7.jar
Launcher Type: SUN_STANDARD

[Global flags]
     intx CICompilerCount                          = 3                                         {product} {ergonomic}
     uint ConcGCThreads                            = 1                                         {product} {ergonomic}
     uint G1ConcRefinementThreads                  = 4                                         {product} {ergonomic}
   size_t G1HeapRegionSize                         = 1048576                                   {product} {ergonomic}
    uintx GCDrainStackTargetSize                   = 64                                        {product} {ergonomic}
   size_t InitialHeapSize                          = 130023424                                 {product} {ergonomic}
   size_t MarkStackSize                            = 4194304                                   {product} {ergonomic}
   size_t MaxHeapSize                              = 2071986176                                {product} {ergonomic}
   size_t MaxNewSize                               = 1242562560                                {product} {ergonomic}
   size_t MinHeapDeltaBytes                        = 1048576                                   {product} {ergonomic}
   size_t MinHeapSize                              = 8388608                                   {product} {ergonomic}
    uintx NonNMethodCodeHeapSize                   = 5832780                                {pd product} {ergonomic}
    uintx NonProfiledCodeHeapSize                  = 122912730                              {pd product} {ergonomic}
    uintx ProfiledCodeHeapSize                     = 122912730                              {pd product} {ergonomic}
    uintx ReservedCodeCacheSize                    = 251658240                              {pd product} {ergonomic}
     bool SegmentedCodeCache                       = true                                      {product} {ergonomic}
   size_t SoftMaxHeapSize                          = 2071986176                             {manageable} {ergonomic}
     bool UseCompressedClassPointers               = true                           {product lp64_product} {ergonomic}
     bool UseCompressedOops                        = true                           {product lp64_product} {ergonomic}
     bool UseG1GC                                  = true                                      {product} {ergonomic}

Logging:
Log output configuration:
 #0: stdout all=warning uptime,level,tags foldmultilines=false
 #1: stderr all=off uptime,level,tags foldmultilines=false

Environment Variables:
PATH=/home/winds/.local/bin:/usr/local/lib/node/nodejs/bin:/usr/local/sbin:/usr/local/bin:/usr/sbin:/usr/bin:/sbin:/bin:/usr/games:/usr/local/games:/snap/bin:/snap/bin
USERNAME=winds
SHELL=/bin/bash
DISPLAY=:0
LANG=en_GB.UTF-8

Signal Handlers:
   SIGSEGV: crash_handler in libjvm.so, mask=11100100010111111101111111111110, flags=SA_RESTART|SA_SIGINFO
    SIGBUS: crash_handler in libjvm.so, mask=11100100010111111101111111111110, flags=SA_RESTART|SA_SIGINFO
    SIGFPE: crash_handler in libjvm.so, mask=11100100010111111101111111111110, flags=SA_RESTART|SA_SIGINFO
   SIGPIPE: javaSignalHandler in libjvm.so, mask=11100100010111111101111111111110, flags=SA_RESTART|SA_SIGINFO
   SIGXFSZ: javaSignalHandler in libjvm.so, mask=11100100010111111101111111111110, flags=SA_RESTART|SA_SIGINFO
    SIGILL: crash_handler in libjvm.so, mask=11100100010111111101111111111110, flags=SA_RESTART|SA_SIGINFO
   SIGUSR2: SR_handler in libjvm.so, mask=00100000000000000000000000000000, flags=SA_RESTART|SA_SIGINFO
    SIGHUP: UserHandler in libjvm.so, mask=11100100010111111101111111111110, flags=SA_RESTART|SA_SIGINFO
    SIGINT: UserHandler in libjvm.so, mask=11100100010111111101111111111110, flags=SA_RESTART|SA_SIGINFO
   SIGTERM: UserHandler in libjvm.so, mask=11100100010111111101111111111110, flags=SA_RESTART|SA_SIGINFO
   SIGQUIT: UserHandler in libjvm.so, mask=11100100010111111101111111111110, flags=SA_RESTART|SA_SIGINFO
   SIGTRAP: crash_handler in libjvm.so, mask=11100100010111111101111111111110, flags=SA_RESTART|SA_SIGINFO


---------------  S Y S T E M  ---------------

OS:
DISTRIB_ID=Kylin
DISTRIB_RELEASE=V10
DISTRIB_CODENAME=kylin
DISTRIB_DESCRIPTION="Kylin V10 SP1"
DISTRIB_KYLIN_RELEASE=V10
DISTRIB_VERSION_TYPE=enterprise
DISTRIB_VERSION_MODE=normal
uname: Linux 6.5.0-28-generic #29~22.04.1-Ubuntu SMP PREEMPT_DYNAMIC Thu Apr  4 14:39:20 UTC 2 x86_64
OS uptime: 0 days 1:03 hours
libc: glibc 2.35 NPTL 2.35 
rlimit (soft/hard): STACK 8192k/infinity , CORE 0k/infinity , NPROC 31287/31287 , NOFILE 1048576/1048576 , AS infinity/infinity , CPU infinity/infinity , DATA infinity/infinity , FSIZE infinity/infinity , MEMLOCK 1010768k/1010768k
load average: 1,39 1,34 1,12

/proc/meminfo:
MemTotal:        8086164 kB
MemFree:          227908 kB
MemAvailable:    2979636 kB
Buffers:          102232 kB
Cached:          2831932 kB
SwapCached:            0 kB
Active:          6388396 kB
Inactive:         807088 kB
Active(anon):    4294844 kB
Inactive(anon):      788 kB
Active(file):    2093552 kB
Inactive(file):   806300 kB
Unevictable:           0 kB
Mlocked:               0 kB
SwapTotal:       3297276 kB
SwapFree:        3297276 kB
Zswap:                 0 kB
Zswapped:              0 kB
Dirty:              1676 kB
Writeback:             0 kB
AnonPages:       4261420 kB
Mapped:          1408776 kB
Shmem:             34312 kB
KReclaimable:     145296 kB
Slab:             299788 kB
SReclaimable:     145296 kB
SUnreclaim:       154492 kB
KernelStack:       17392 kB
PageTables:        33320 kB
SecPageTables:         0 kB
NFS_Unstable:          0 kB
Bounce:                0 kB
WritebackTmp:          0 kB
CommitLimit:     7340356 kB
Committed_AS:    7911988 kB
VmallocTotal:   34359738367 kB
VmallocUsed:       41376 kB
VmallocChunk:          0 kB
Percpu:            99840 kB
HardwareCorrupted:     0 kB
AnonHugePages:         0 kB
ShmemHugePages:        0 kB
ShmemPmdMapped:        0 kB
FileHugePages:         0 kB
FilePmdMapped:         0 kB
Unaccepted:            0 kB
HugePages_Total:       0
HugePages_Free:        0
HugePages_Rsvd:        0
HugePages_Surp:        0
Hugepagesize:       2048 kB
Hugetlb:               0 kB
DirectMap4k:      169792 kB
DirectMap2M:     2975744 kB
DirectMap1G:     7340032 kB

/sys/kernel/mm/transparent_hugepage/enabled: always [madvise] never
/sys/kernel/mm/transparent_hugepage/defrag (defrag/compaction efforts parameter): always defer defer+madvise [madvise] never

Process Memory:
Virtual Size: 5146500K (peak: 5146500K)
Resident Set Size: 98972K (peak: 98972K) (anon: 40988K, file: 57984K, shmem: 0K)
Swapped out: 0K
C-Heap outstanding allocations: 24071K, retained: 2776K

/proc/sys/kernel/threads-max (system-wide limit on the number of threads): 62575
/proc/sys/vm/max_map_count (maximum number of memory map areas a process may have): 65530
/proc/sys/kernel/pid_max (system-wide limit on number of process identifiers): 4194304

container (cgroup) information:
container_type: cgroupv2
cpu_cpuset_cpus: not supported
cpu_memory_nodes: not supported
active_processor_count: 4
cpu_quota: not supported
cpu_period: not supported
cpu_shares: not supported
memory_limit_in_bytes: unlimited
memory_and_swap_limit_in_bytes: unlimited
memory_soft_limit_in_bytes: unlimited
memory_usage_in_bytes: 4394835968
memory_max_usage_in_bytes: not supported
maximum number of tasks: 9386
current number of tasks: 153

VMWare virtualization detected
Steal ticks since vm start: 0
Steal ticks percentage since vm start:  0,000

CPU: total 4 (initial active 4) (1 cores per cpu, 1 threads per core) family 25 model 116 stepping 1 microcode 0x0, cx8, cmov, fxsr, mmx, 3dnowpref, sse, sse2, sse3, ssse3, sse4a, sse4.1, sse4.2, popcnt, lzcnt, tsc, tscinvbit, avx, avx2, aes, erms, clmul, bmi1, bmi2, adx, avx512f, avx512dq, avx512cd, avx512bw, avx512vl, sha, fma, vzeroupper, avx512_vpopcntdq, avx512_vpclmulqdq, avx512_vaes, avx512_vnni, clflush, clflushopt, avx512_vbmi2, avx512_vbmi, hv
CPU Model and flags from /proc/cpuinfo:
model name	: AMD Ryzen 7 7840H with Radeon 780M Graphics
flags		: fpu vme de pse tsc msr pae mce cx8 apic sep mtrr pge mca cmov pat pse36 clflush mmx fxsr sse sse2 syscall nx mmxext fxsr_opt pdpe1gb rdtscp lm constant_tsc rep_good nopl tsc_reliable nonstop_tsc cpuid extd_apicid tsc_known_freq pni pclmulqdq ssse3 fma cx16 sse4_1 sse4_2 x2apic movbe popcnt aes xsave avx f16c rdrand hypervisor lahf_lm svm extapic cr8_legacy abm sse4a misalignsse 3dnowprefetch osvw topoext ibpb vmmcall fsgsbase bmi1 avx2 smep bmi2 erms invpcid avx512f avx512dq rdseed adx smap avx512ifma clflushopt clwb avx512cd sha_ni avx512bw avx512vl xsaveopt xsavec xgetbv1 xsaves avx512_bf16 clzero wbnoinvd arat npt svm_lock nrip_save vmcb_clean flushbyasid decodeassists avx512vbmi umip pku ospke avx512_vbmi2 gfni vaes vpclmulqdq avx512_vnni avx512_bitalg avx512_vpopcntdq rdpid overflow_recov succor flush_l1d

Online cpus: 0-3
Offline cpus: 4-127
BIOS frequency limitation: <Not Available>
Frequency switch latency (ns): <Not Available>
Available cpu frequencies: <Not Available>
Current governor: <Not Available>
Core performance/turbo boost: <Not Available>

Memory: 4k page, physical 8086164k(227656k free), swap 3297276k(3297276k free)
Page Sizes: 4k

vm_info: OpenJDK 64-Bit Server VM (18.0.2+9-FR) for linux-amd64 JRE (18.0.2+9-FR), built on Jul 15 2022 19:39:41 by "jenkins" with gcc 7.3.1 20180303 (Red Hat 7.3.1-5)

END.
